<?xml version="1.0" encoding="UTF-8" standalone="no"?>
<!DOCTYPE log SYSTEM "logger.dtd">
<log>
<record>
  <date>2021-05-16T11:30:20.271003Z</date>
  <millis>1621164620271</millis>
  <nanos>3000</nanos>
  <sequence>4</sequence>
  <logger>ua.deti.airquality_tqs_project</logger>
  <level>INFO</level>
  <class>ua.deti.tqs.airquality_tqs_project.AirQualityLogs</class>
  <method>addLog</method>
  <thread>32</thread>
  <message>Redirected to the homepage</message>
</record>
<record>
  <date>2021-05-16T11:30:22.765032Z</date>
  <millis>1621164622765</millis>
  <nanos>32000</nanos>
  <sequence>5</sequence>
  <logger>ua.deti.airquality_tqs_project</logger>
  <level>INFO</level>
  <class>ua.deti.tqs.airquality_tqs_project.AirQualityLogs</class>
  <method>addLog</method>
  <thread>35</thread>
  <message>Redirected to the homepage</message>
</record>
<record>
  <date>2021-05-16T11:30:26.316326Z</date>
  <millis>1621164626316</millis>
  <nanos>326000</nanos>
  <sequence>6</sequence>
  <logger>ua.deti.airquality_tqs_project</logger>
  <level>INFO</level>
  <class>ua.deti.tqs.airquality_tqs_project.AirQualityLogs</class>
  <method>addLog</method>
  <thread>37</thread>
  <message>Cache at the moment: AirQualityCache{cache={}}</message>
</record>
<record>
  <date>2021-05-16T11:30:27.312827Z</date>
  <millis>1621164627312</millis>
  <nanos>827000</nanos>
  <sequence>7</sequence>
  <logger>ua.deti.airquality_tqs_project</logger>
  <level>INFO</level>
  <class>ua.deti.tqs.airquality_tqs_project.AirQualityLogs</class>
  <method>addLog</method>
  <thread>37</thread>
  <message>airqualityresults: {"data":[{"mold_level":1,"aqi":12,"pm10":8.20814,"co":270.784,"o3":23,"predominant_pollen_type":"Molds","so2":0.61281,"pollen_level_tree":1,"pollen_level_weed":1,"no2":2.28663,"pm25":3,"pollen_level_grass":1}],"city_name":"Aveiro","lon":"-8.64554","timezone":"Europe\/Lisbon","lat":"40.64427","country_code":"PT","state_code":"02"}
</message>
</record>
<record>
  <date>2021-05-16T11:30:27.326299Z</date>
  <millis>1621164627326</millis>
  <nanos>299000</nanos>
  <sequence>8</sequence>
  <logger>ua.deti.airquality_tqs_project</logger>
  <level>INFO</level>
  <class>ua.deti.tqs.airquality_tqs_project.AirQualityLogs</class>
  <method>addLog</method>
  <thread>37</thread>
  <message>came from external API</message>
</record>
<record>
  <date>2021-05-16T11:30:27.328501Z</date>
  <millis>1621164627328</millis>
  <nanos>501000</nanos>
  <sequence>9</sequence>
  <logger>ua.deti.airquality_tqs_project</logger>
  <level>INFO</level>
  <class>ua.deti.tqs.airquality_tqs_project.AirQualityLogs</class>
  <method>addLog</method>
  <thread>37</thread>
  <message>Model And View Not Null Was Created Successfully Aveiro</message>
</record>
<record>
  <date>2021-05-16T11:30:27.329711Z</date>
  <millis>1621164627329</millis>
  <nanos>711000</nanos>
  <sequence>10</sequence>
  <logger>ua.deti.airquality_tqs_project</logger>
  <level>INFO</level>
  <class>ua.deti.tqs.airquality_tqs_project.AirQualityLogs</class>
  <method>addLog</method>
  <thread>37</thread>
  <message>Redirected to the results page</message>
</record>
<record>
  <date>2021-05-16T11:30:28.647187Z</date>
  <millis>1621164628647</millis>
  <nanos>187000</nanos>
  <sequence>11</sequence>
  <logger>ua.deti.airquality_tqs_project</logger>
  <level>INFO</level>
  <class>ua.deti.tqs.airquality_tqs_project.AirQualityLogs</class>
  <method>addLog</method>
  <thread>39</thread>
  <message>Redirected to the homepage</message>
</record>
<record>
  <date>2021-05-16T11:30:31.950180Z</date>
  <millis>1621164631950</millis>
  <nanos>180000</nanos>
  <sequence>12</sequence>
  <logger>ua.deti.airquality_tqs_project</logger>
  <level>INFO</level>
  <class>ua.deti.tqs.airquality_tqs_project.AirQualityLogs</class>
  <method>addLog</method>
  <thread>40</thread>
  <message>Cache at the moment: AirQualityCache{cache={City{city='Aveiro', time=1621164627325, latitude=40.64427, longitude=-8.64554}=AirQuality{aqIndex=12, co=270.784, o3=23.0, so2=0.61281, no2=2.28663, pm10=8.20814, pm25=3.0, predominantPollenType='Molds', pollenLevelTree=1, pollenLevelWeed=1, PollenLevelGrass=1, PollenLevelMold=1}}}</message>
</record>
<record>
  <date>2021-05-16T11:30:32.217605Z</date>
  <millis>1621164632217</millis>
  <nanos>605000</nanos>
  <sequence>13</sequence>
  <logger>ua.deti.airquality_tqs_project</logger>
  <level>INFO</level>
  <class>ua.deti.tqs.airquality_tqs_project.AirQualityLogs</class>
  <method>addLog</method>
  <thread>40</thread>
  <message>came from external API</message>
</record>
<record>
  <date>2021-05-16T11:30:32.220366Z</date>
  <millis>1621164632220</millis>
  <nanos>366000</nanos>
  <sequence>14</sequence>
  <logger>ua.deti.airquality_tqs_project</logger>
  <level>INFO</level>
  <class>ua.deti.tqs.airquality_tqs_project.AirQualityLogs</class>
  <method>addLog</method>
  <thread>40</thread>
  <message>Model And View Not Null Was Created Successfully with parameters 40.0 and -40.0</message>
</record>
<record>
  <date>2021-05-16T11:30:32.221061Z</date>
  <millis>1621164632221</millis>
  <nanos>61000</nanos>
  <sequence>15</sequence>
  <logger>ua.deti.airquality_tqs_project</logger>
  <level>INFO</level>
  <class>ua.deti.tqs.airquality_tqs_project.AirQualityLogs</class>
  <method>addLog</method>
  <thread>40</thread>
  <message>Redirected to the results page</message>
</record>
<record>
  <date>2021-05-16T11:30:33.598727Z</date>
  <millis>1621164633598</millis>
  <nanos>727000</nanos>
  <sequence>16</sequence>
  <logger>ua.deti.airquality_tqs_project</logger>
  <level>INFO</level>
  <class>ua.deti.tqs.airquality_tqs_project.AirQualityLogs</class>
  <method>addLog</method>
  <thread>41</thread>
  <message>Redirected to the homepage</message>
</record>
<record>
  <date>2021-05-16T11:30:37.124246Z</date>
  <millis>1621164637124</millis>
  <nanos>246000</nanos>
  <sequence>17</sequence>
  <logger>ua.deti.airquality_tqs_project</logger>
  <level>INFO</level>
  <class>ua.deti.tqs.airquality_tqs_project.AirQualityLogs</class>
  <method>addLog</method>
  <thread>33</thread>
  <message>Redirected to the error400 page</message>
</record>
<record>
  <date>2021-05-16T11:30:43.993446Z</date>
  <millis>1621164643993</millis>
  <nanos>446000</nanos>
  <sequence>18</sequence>
  <logger>ua.deti.airquality_tqs_project</logger>
  <level>INFO</level>
  <class>ua.deti.tqs.airquality_tqs_project.AirQualityLogs</class>
  <method>addLog</method>
  <thread>35</thread>
  <message>/api/stats endpoint was accessed</message>
</record>
</log>
