<?xml version="1.0" encoding="UTF-8" standalone="no"?>
<!DOCTYPE log SYSTEM "logger.dtd">
<log>
<record>
  <date>2021-05-16T15:03:47.666698Z</date>
  <millis>1621177427666</millis>
  <nanos>698000</nanos>
  <sequence>272</sequence>
  <logger>ua.deti.airquality_tqs_project</logger>
  <level>INFO</level>
  <class>ua.deti.tqs.airquality_tqs_project.component.AirQualityLogs</class>
  <method>addLog</method>
  <thread>381</thread>
  <message>/api/dataByCoords endpoint was accessed with parameters 40.0 and -40.0</message>
</record>
<record>
  <date>2021-05-16T15:03:47.669835Z</date>
  <millis>1621177427669</millis>
  <nanos>835000</nanos>
  <sequence>273</sequence>
  <logger>ua.deti.airquality_tqs_project</logger>
  <level>INFO</level>
  <class>ua.deti.tqs.airquality_tqs_project.component.AirQualityLogs</class>
  <method>addLog</method>
  <thread>381</thread>
  <message>Cache at the moment: AirQualityCache{cache={}}</message>
</record>
<record>
  <date>2021-05-16T15:03:47.670650Z</date>
  <millis>1621177427670</millis>
  <nanos>650000</nanos>
  <sequence>274</sequence>
  <logger>ua.deti.airquality_tqs_project</logger>
  <level>INFO</level>
  <class>ua.deti.tqs.airquality_tqs_project.component.AirQualityLogs</class>
  <method>addLog</method>
  <thread>381</thread>
  <message>City with coordinates 40.0 and -40.0 does not exist in cache</message>
</record>
<record>
  <date>2021-05-16T15:03:48.216621Z</date>
  <millis>1621177428216</millis>
  <nanos>621000</nanos>
  <sequence>275</sequence>
  <logger>ua.deti.airquality_tqs_project</logger>
  <level>INFO</level>
  <class>ua.deti.tqs.airquality_tqs_project.component.AirQualityLogs</class>
  <method>addLog</method>
  <thread>381</thread>
  <message>came from external API</message>
</record>
<record>
  <date>2021-05-16T15:03:49.275283Z</date>
  <millis>1621177429275</millis>
  <nanos>283000</nanos>
  <sequence>276</sequence>
  <logger>ua.deti.airquality_tqs_project</logger>
  <level>INFO</level>
  <class>ua.deti.tqs.airquality_tqs_project.component.AirQualityLogs</class>
  <method>addLog</method>
  <thread>382</thread>
  <message>/api/data endpoint was accessed with parameter </message>
</record>
<record>
  <date>2021-05-16T15:03:49.326323Z</date>
  <millis>1621177429326</millis>
  <nanos>323000</nanos>
  <sequence>277</sequence>
  <logger>ua.deti.airquality_tqs_project</logger>
  <level>INFO</level>
  <class>ua.deti.tqs.airquality_tqs_project.component.AirQualityLogs</class>
  <method>addLog</method>
  <thread>383</thread>
  <message>/api/data endpoint was accessed with parameter Aveiro</message>
</record>
<record>
  <date>2021-05-16T15:03:49.328153Z</date>
  <millis>1621177429328</millis>
  <nanos>153000</nanos>
  <sequence>278</sequence>
  <logger>ua.deti.airquality_tqs_project</logger>
  <level>INFO</level>
  <class>ua.deti.tqs.airquality_tqs_project.component.AirQualityLogs</class>
  <method>addLog</method>
  <thread>383</thread>
  <message>Cache at the moment: AirQualityCache{cache={City{city='Lajes das Flores', time=1621177428216, latitude=40.0, longitude=-40.0}=AirQuality{aqIndex=48, co=296.652, o3=104.427, so2=0.356231, no2=0.209184, pm10=3.41862, pm25=1.10909, predominantPollenType='Molds', pollenLevelTree=0, pollenLevelWeed=0, PollenLevelGrass=0, PollenLevelMold=0}}}</message>
</record>
<record>
  <date>2021-05-16T15:03:49.328701Z</date>
  <millis>1621177429328</millis>
  <nanos>701000</nanos>
  <sequence>279</sequence>
  <logger>ua.deti.airquality_tqs_project</logger>
  <level>INFO</level>
  <class>ua.deti.tqs.airquality_tqs_project.component.AirQualityLogs</class>
  <method>addLog</method>
  <thread>383</thread>
  <message>City with cityname Aveiro does not exist in cache</message>
</record>
<record>
  <date>2021-05-16T15:03:49.547469Z</date>
  <millis>1621177429547</millis>
  <nanos>469000</nanos>
  <sequence>280</sequence>
  <logger>ua.deti.airquality_tqs_project</logger>
  <level>INFO</level>
  <class>ua.deti.tqs.airquality_tqs_project.component.AirQualityLogs</class>
  <method>addLog</method>
  <thread>383</thread>
  <message>airqualityresults: {"data":[{"mold_level":1,"aqi":33,"pm10":11.7868,"co":270.784,"o3":72.3302,"predominant_pollen_type":"Molds","so2":0.574626,"pollen_level_tree":1,"pollen_level_weed":1,"no2":14.8,"pm25":4.36956,"pollen_level_grass":1}],"city_name":"Aveiro","lon":"-8.64554","timezone":"Europe\/Lisbon","lat":"40.64427","country_code":"PT","state_code":"02"}
</message>
</record>
<record>
  <date>2021-05-16T15:03:49.547935Z</date>
  <millis>1621177429547</millis>
  <nanos>935000</nanos>
  <sequence>281</sequence>
  <logger>ua.deti.airquality_tqs_project</logger>
  <level>INFO</level>
  <class>ua.deti.tqs.airquality_tqs_project.component.AirQualityLogs</class>
  <method>addLog</method>
  <thread>383</thread>
  <message>came from external API</message>
</record>
<record>
  <date>2021-05-16T15:03:49.606383Z</date>
  <millis>1621177429606</millis>
  <nanos>383000</nanos>
  <sequence>282</sequence>
  <logger>ua.deti.airquality_tqs_project</logger>
  <level>INFO</level>
  <class>ua.deti.tqs.airquality_tqs_project.component.AirQualityLogs</class>
  <method>addLog</method>
  <thread>384</thread>
  <message>Redirected to the homepage</message>
</record>
<record>
  <date>2021-05-16T15:03:49.655603Z</date>
  <millis>1621177429655</millis>
  <nanos>603000</nanos>
  <sequence>283</sequence>
  <logger>ua.deti.airquality_tqs_project</logger>
  <level>INFO</level>
  <class>ua.deti.tqs.airquality_tqs_project.component.AirQualityLogs</class>
  <method>addLog</method>
  <thread>385</thread>
  <message>/api/data endpoint was accessed with parameter 12345</message>
</record>
<record>
  <date>2021-05-16T15:03:49.655994Z</date>
  <millis>1621177429655</millis>
  <nanos>994000</nanos>
  <sequence>284</sequence>
  <logger>ua.deti.airquality_tqs_project</logger>
  <level>INFO</level>
  <class>ua.deti.tqs.airquality_tqs_project.component.AirQualityLogs</class>
  <method>addLog</method>
  <thread>385</thread>
  <message>Cache at the moment: AirQualityCache{cache={City{city='Lajes das Flores', time=1621177428216, latitude=40.0, longitude=-40.0}=AirQuality{aqIndex=48, co=296.652, o3=104.427, so2=0.356231, no2=0.209184, pm10=3.41862, pm25=1.10909, predominantPollenType='Molds', pollenLevelTree=0, pollenLevelWeed=0, PollenLevelGrass=0, PollenLevelMold=0}, City{city='Aveiro', time=1621177429547, latitude=40.64427, longitude=-8.64554}=AirQuality{aqIndex=33, co=270.784, o3=72.3302, so2=0.574626, no2=14.8, pm10=11.7868, pm25=4.36956, predominantPollenType='Molds', pollenLevelTree=1, pollenLevelWeed=1, PollenLevelGrass=1, PollenLevelMold=1}}}</message>
</record>
<record>
  <date>2021-05-16T15:03:49.656167Z</date>
  <millis>1621177429656</millis>
  <nanos>167000</nanos>
  <sequence>285</sequence>
  <logger>ua.deti.airquality_tqs_project</logger>
  <level>INFO</level>
  <class>ua.deti.tqs.airquality_tqs_project.component.AirQualityLogs</class>
  <method>addLog</method>
  <thread>385</thread>
  <message>City with cityname 12345 does not exist in cache</message>
</record>
<record>
  <date>2021-05-16T15:04:00.200008Z</date>
  <millis>1621177440200</millis>
  <nanos>8000</nanos>
  <sequence>286</sequence>
  <logger>ua.deti.airquality_tqs_project</logger>
  <level>INFO</level>
  <class>ua.deti.tqs.airquality_tqs_project.component.AirQualityLogs</class>
  <method>addLog</method>
  <thread>390</thread>
  <message>Redirected to the homepage</message>
</record>
<record>
  <date>2021-05-16T15:04:00.944781Z</date>
  <millis>1621177440944</millis>
  <nanos>781000</nanos>
  <sequence>287</sequence>
  <logger>ua.deti.airquality_tqs_project</logger>
  <level>INFO</level>
  <class>ua.deti.tqs.airquality_tqs_project.component.AirQualityLogs</class>
  <method>addLog</method>
  <thread>386</thread>
  <message>Cache at the moment: AirQualityCache{cache={City{city='Lajes das Flores', time=1621177428216, latitude=40.0, longitude=-40.0}=AirQuality{aqIndex=48, co=296.652, o3=104.427, so2=0.356231, no2=0.209184, pm10=3.41862, pm25=1.10909, predominantPollenType='Molds', pollenLevelTree=0, pollenLevelWeed=0, PollenLevelGrass=0, PollenLevelMold=0}, City{city='Aveiro', time=1621177429547, latitude=40.64427, longitude=-8.64554}=AirQuality{aqIndex=33, co=270.784, o3=72.3302, so2=0.574626, no2=14.8, pm10=11.7868, pm25=4.36956, predominantPollenType='Molds', pollenLevelTree=1, pollenLevelWeed=1, PollenLevelGrass=1, PollenLevelMold=1}}}</message>
</record>
<record>
  <date>2021-05-16T15:04:00.945433Z</date>
  <millis>1621177440945</millis>
  <nanos>433000</nanos>
  <sequence>288</sequence>
  <logger>ua.deti.airquality_tqs_project</logger>
  <level>INFO</level>
  <class>ua.deti.tqs.airquality_tqs_project.component.AirQualityLogs</class>
  <method>addLog</method>
  <thread>386</thread>
  <message>City with cityname Aveiro already exists in cache</message>
</record>
<record>
  <date>2021-05-16T15:04:00.945724Z</date>
  <millis>1621177440945</millis>
  <nanos>724000</nanos>
  <sequence>289</sequence>
  <logger>ua.deti.airquality_tqs_project</logger>
  <level>INFO</level>
  <class>ua.deti.tqs.airquality_tqs_project.component.AirQualityLogs</class>
  <method>addLog</method>
  <thread>386</thread>
  <message>City with cityname Aveiro already exists in cache</message>
</record>
<record>
  <date>2021-05-16T15:04:00.945935Z</date>
  <millis>1621177440945</millis>
  <nanos>935000</nanos>
  <sequence>290</sequence>
  <logger>ua.deti.airquality_tqs_project</logger>
  <level>INFO</level>
  <class>ua.deti.tqs.airquality_tqs_project.component.AirQualityLogs</class>
  <method>addLog</method>
  <thread>386</thread>
  <message>City with cityname Aveiro already exists in cache</message>
</record>
<record>
  <date>2021-05-16T15:04:00.946129Z</date>
  <millis>1621177440946</millis>
  <nanos>129000</nanos>
  <sequence>291</sequence>
  <logger>ua.deti.airquality_tqs_project</logger>
  <level>INFO</level>
  <class>ua.deti.tqs.airquality_tqs_project.component.AirQualityLogs</class>
  <method>addLog</method>
  <thread>386</thread>
  <message>City was removed successfully</message>
</record>
<record>
  <date>2021-05-16T15:04:01.528028Z</date>
  <millis>1621177441528</millis>
  <nanos>28000</nanos>
  <sequence>292</sequence>
  <logger>ua.deti.airquality_tqs_project</logger>
  <level>INFO</level>
  <class>ua.deti.tqs.airquality_tqs_project.component.AirQualityLogs</class>
  <method>addLog</method>
  <thread>386</thread>
  <message>airqualityresults: {"data":[{"mold_level":1,"aqi":33,"pm10":11.7868,"co":270.784,"o3":72.3302,"predominant_pollen_type":"Molds","so2":0.574626,"pollen_level_tree":1,"pollen_level_weed":1,"no2":14.8,"pm25":4.36956,"pollen_level_grass":1}],"city_name":"Aveiro","lon":"-8.64554","timezone":"Europe\/Lisbon","lat":"40.64427","country_code":"PT","state_code":"02"}
</message>
</record>
<record>
  <date>2021-05-16T15:04:01.528417Z</date>
  <millis>1621177441528</millis>
  <nanos>417000</nanos>
  <sequence>293</sequence>
  <logger>ua.deti.airquality_tqs_project</logger>
  <level>INFO</level>
  <class>ua.deti.tqs.airquality_tqs_project.component.AirQualityLogs</class>
  <method>addLog</method>
  <thread>386</thread>
  <message>came from external API</message>
</record>
<record>
  <date>2021-05-16T15:04:01.528589Z</date>
  <millis>1621177441528</millis>
  <nanos>589000</nanos>
  <sequence>294</sequence>
  <logger>ua.deti.airquality_tqs_project</logger>
  <level>INFO</level>
  <class>ua.deti.tqs.airquality_tqs_project.component.AirQualityLogs</class>
  <method>addLog</method>
  <thread>386</thread>
  <message>came from external API because data was outdated</message>
</record>
<record>
  <date>2021-05-16T15:04:01.528754Z</date>
  <millis>1621177441528</millis>
  <nanos>754000</nanos>
  <sequence>295</sequence>
  <logger>ua.deti.airquality_tqs_project</logger>
  <level>INFO</level>
  <class>ua.deti.tqs.airquality_tqs_project.component.AirQualityLogs</class>
  <method>addLog</method>
  <thread>386</thread>
  <message>Number of requests was updated successfully</message>
</record>
<record>
  <date>2021-05-16T15:04:01.528957Z</date>
  <millis>1621177441528</millis>
  <nanos>957000</nanos>
  <sequence>296</sequence>
  <logger>ua.deti.airquality_tqs_project</logger>
  <level>INFO</level>
  <class>ua.deti.tqs.airquality_tqs_project.component.AirQualityLogs</class>
  <method>addLog</method>
  <thread>386</thread>
  <message>Number of misses was updated successfully</message>
</record>
<record>
  <date>2021-05-16T15:04:01.530978Z</date>
  <millis>1621177441530</millis>
  <nanos>978000</nanos>
  <sequence>297</sequence>
  <logger>ua.deti.airquality_tqs_project</logger>
  <level>INFO</level>
  <class>ua.deti.tqs.airquality_tqs_project.component.AirQualityLogs</class>
  <method>addLog</method>
  <thread>386</thread>
  <message>Cache statistics: AirQualityStatistics{countRequests=1, hits=0, misses=1}</message>
</record>
<record>
  <date>2021-05-16T15:04:01.531318Z</date>
  <millis>1621177441531</millis>
  <nanos>318000</nanos>
  <sequence>298</sequence>
  <logger>ua.deti.airquality_tqs_project</logger>
  <level>INFO</level>
  <class>ua.deti.tqs.airquality_tqs_project.component.AirQualityLogs</class>
  <method>addLog</method>
  <thread>386</thread>
  <message>Model And View Not Null Was Created Successfully Aveiro</message>
</record>
<record>
  <date>2021-05-16T15:04:01.531432Z</date>
  <millis>1621177441531</millis>
  <nanos>432000</nanos>
  <sequence>299</sequence>
  <logger>ua.deti.airquality_tqs_project</logger>
  <level>INFO</level>
  <class>ua.deti.tqs.airquality_tqs_project.component.AirQualityLogs</class>
  <method>addLog</method>
  <thread>386</thread>
  <message>Redirected to the results page</message>
</record>
<record>
  <date>2021-05-16T15:04:05.404202Z</date>
  <millis>1621177445404</millis>
  <nanos>202000</nanos>
  <sequence>300</sequence>
  <logger>ua.deti.airquality_tqs_project</logger>
  <level>INFO</level>
  <class>ua.deti.tqs.airquality_tqs_project.component.AirQualityLogs</class>
  <method>addLog</method>
  <thread>390</thread>
  <message>Redirected to the homepage</message>
</record>
<record>
  <date>2021-05-16T15:04:06.100772Z</date>
  <millis>1621177446100</millis>
  <nanos>772000</nanos>
  <sequence>301</sequence>
  <logger>ua.deti.airquality_tqs_project</logger>
  <level>INFO</level>
  <class>ua.deti.tqs.airquality_tqs_project.component.AirQualityLogs</class>
  <method>addLog</method>
  <thread>386</thread>
  <message>Cache at the moment: AirQualityCache{cache={City{city='Lajes das Flores', time=1621177428216, latitude=40.0, longitude=-40.0}=AirQuality{aqIndex=48, co=296.652, o3=104.427, so2=0.356231, no2=0.209184, pm10=3.41862, pm25=1.10909, predominantPollenType='Molds', pollenLevelTree=0, pollenLevelWeed=0, PollenLevelGrass=0, PollenLevelMold=0}, City{city='Aveiro', time=1621177441528, latitude=40.64427, longitude=-8.64554}=AirQuality{aqIndex=33, co=270.784, o3=72.3302, so2=0.574626, no2=14.8, pm10=11.7868, pm25=4.36956, predominantPollenType='Molds', pollenLevelTree=1, pollenLevelWeed=1, PollenLevelGrass=1, PollenLevelMold=1}}}</message>
</record>
<record>
  <date>2021-05-16T15:04:06.101066Z</date>
  <millis>1621177446101</millis>
  <nanos>66000</nanos>
  <sequence>302</sequence>
  <logger>ua.deti.airquality_tqs_project</logger>
  <level>INFO</level>
  <class>ua.deti.tqs.airquality_tqs_project.component.AirQualityLogs</class>
  <method>addLog</method>
  <thread>386</thread>
  <message>City with cityname Aveiro already exists in cache</message>
</record>
<record>
  <date>2021-05-16T15:04:06.101231Z</date>
  <millis>1621177446101</millis>
  <nanos>231000</nanos>
  <sequence>303</sequence>
  <logger>ua.deti.airquality_tqs_project</logger>
  <level>INFO</level>
  <class>ua.deti.tqs.airquality_tqs_project.component.AirQualityLogs</class>
  <method>addLog</method>
  <thread>386</thread>
  <message>City with cityname Aveiro already exists in cache</message>
</record>
<record>
  <date>2021-05-16T15:04:06.101400Z</date>
  <millis>1621177446101</millis>
  <nanos>400000</nanos>
  <sequence>304</sequence>
  <logger>ua.deti.airquality_tqs_project</logger>
  <level>INFO</level>
  <class>ua.deti.tqs.airquality_tqs_project.component.AirQualityLogs</class>
  <method>addLog</method>
  <thread>386</thread>
  <message>City with cityname Aveiro already exists in cache</message>
</record>
<record>
  <date>2021-05-16T15:04:06.101580Z</date>
  <millis>1621177446101</millis>
  <nanos>580000</nanos>
  <sequence>305</sequence>
  <logger>ua.deti.airquality_tqs_project</logger>
  <level>INFO</level>
  <class>ua.deti.tqs.airquality_tqs_project.component.AirQualityLogs</class>
  <method>addLog</method>
  <thread>386</thread>
  <message>came from cache</message>
</record>
<record>
  <date>2021-05-16T15:04:06.101749Z</date>
  <millis>1621177446101</millis>
  <nanos>749000</nanos>
  <sequence>306</sequence>
  <logger>ua.deti.airquality_tqs_project</logger>
  <level>INFO</level>
  <class>ua.deti.tqs.airquality_tqs_project.component.AirQualityLogs</class>
  <method>addLog</method>
  <thread>386</thread>
  <message>Number of requests was updated successfully</message>
</record>
<record>
  <date>2021-05-16T15:04:06.101939Z</date>
  <millis>1621177446101</millis>
  <nanos>939000</nanos>
  <sequence>307</sequence>
  <logger>ua.deti.airquality_tqs_project</logger>
  <level>INFO</level>
  <class>ua.deti.tqs.airquality_tqs_project.component.AirQualityLogs</class>
  <method>addLog</method>
  <thread>386</thread>
  <message>Number of hits was updated successfully</message>
</record>
<record>
  <date>2021-05-16T15:04:06.102552Z</date>
  <millis>1621177446102</millis>
  <nanos>552000</nanos>
  <sequence>308</sequence>
  <logger>ua.deti.airquality_tqs_project</logger>
  <level>INFO</level>
  <class>ua.deti.tqs.airquality_tqs_project.component.AirQualityLogs</class>
  <method>addLog</method>
  <thread>386</thread>
  <message>Cache statistics: AirQualityStatistics{countRequests=2, hits=1, misses=1}</message>
</record>
<record>
  <date>2021-05-16T15:04:06.102799Z</date>
  <millis>1621177446102</millis>
  <nanos>799000</nanos>
  <sequence>309</sequence>
  <logger>ua.deti.airquality_tqs_project</logger>
  <level>INFO</level>
  <class>ua.deti.tqs.airquality_tqs_project.component.AirQualityLogs</class>
  <method>addLog</method>
  <thread>386</thread>
  <message>Model And View Not Null Was Created Successfully Aveiro</message>
</record>
<record>
  <date>2021-05-16T15:04:06.102969Z</date>
  <millis>1621177446102</millis>
  <nanos>969000</nanos>
  <sequence>310</sequence>
  <logger>ua.deti.airquality_tqs_project</logger>
  <level>INFO</level>
  <class>ua.deti.tqs.airquality_tqs_project.component.AirQualityLogs</class>
  <method>addLog</method>
  <thread>386</thread>
  <message>Redirected to the results page</message>
</record>
<record>
  <date>2021-05-16T15:04:07.015230Z</date>
  <millis>1621177447015</millis>
  <nanos>230000</nanos>
  <sequence>311</sequence>
  <logger>ua.deti.airquality_tqs_project</logger>
  <level>INFO</level>
  <class>ua.deti.tqs.airquality_tqs_project.component.AirQualityLogs</class>
  <method>addLog</method>
  <thread>390</thread>
  <message>Redirected to the homepage</message>
</record>
<record>
  <date>2021-05-16T15:04:07.641797Z</date>
  <millis>1621177447641</millis>
  <nanos>797000</nanos>
  <sequence>312</sequence>
  <logger>ua.deti.airquality_tqs_project</logger>
  <level>INFO</level>
  <class>ua.deti.tqs.airquality_tqs_project.component.AirQualityLogs</class>
  <method>addLog</method>
  <thread>386</thread>
  <message>Redirected to the error404 page</message>
</record>
<record>
  <date>2021-05-16T15:04:08.331315Z</date>
  <millis>1621177448331</millis>
  <nanos>315000</nanos>
  <sequence>313</sequence>
  <logger>ua.deti.airquality_tqs_project</logger>
  <level>INFO</level>
  <class>ua.deti.tqs.airquality_tqs_project.component.AirQualityLogs</class>
  <method>addLog</method>
  <thread>389</thread>
  <message>Redirected to the homepage</message>
</record>
<record>
  <date>2021-05-16T15:04:08.937750Z</date>
  <millis>1621177448937</millis>
  <nanos>750000</nanos>
  <sequence>314</sequence>
  <logger>ua.deti.airquality_tqs_project</logger>
  <level>INFO</level>
  <class>ua.deti.tqs.airquality_tqs_project.component.AirQualityLogs</class>
  <method>addLog</method>
  <thread>385</thread>
  <message>Cache at the moment: AirQualityCache{cache={City{city='Lajes das Flores', time=1621177428216, latitude=40.0, longitude=-40.0}=AirQuality{aqIndex=48, co=296.652, o3=104.427, so2=0.356231, no2=0.209184, pm10=3.41862, pm25=1.10909, predominantPollenType='Molds', pollenLevelTree=0, pollenLevelWeed=0, PollenLevelGrass=0, PollenLevelMold=0}, City{city='Aveiro', time=1621177441528, latitude=40.64427, longitude=-8.64554}=AirQuality{aqIndex=33, co=270.784, o3=72.3302, so2=0.574626, no2=14.8, pm10=11.7868, pm25=4.36956, predominantPollenType='Molds', pollenLevelTree=1, pollenLevelWeed=1, PollenLevelGrass=1, PollenLevelMold=1}}}</message>
</record>
<record>
  <date>2021-05-16T15:04:08.938007Z</date>
  <millis>1621177448938</millis>
  <nanos>7000</nanos>
  <sequence>315</sequence>
  <logger>ua.deti.airquality_tqs_project</logger>
  <level>INFO</level>
  <class>ua.deti.tqs.airquality_tqs_project.component.AirQualityLogs</class>
  <method>addLog</method>
  <thread>385</thread>
  <message>City with cityname Deywuviq632vye does not exist in cache</message>
</record>
<record>
  <date>2021-05-16T15:04:09.542660Z</date>
  <millis>1621177449542</millis>
  <nanos>660000</nanos>
  <sequence>316</sequence>
  <logger>ua.deti.airquality_tqs_project</logger>
  <level>INFO</level>
  <class>ua.deti.tqs.airquality_tqs_project.component.AirQualityLogs</class>
  <method>addLog</method>
  <thread>385</thread>
  <message>Redirected to the error404 page</message>
</record>
<record>
  <date>2021-05-16T15:04:10.260589Z</date>
  <millis>1621177450260</millis>
  <nanos>589000</nanos>
  <sequence>317</sequence>
  <logger>ua.deti.airquality_tqs_project</logger>
  <level>INFO</level>
  <class>ua.deti.tqs.airquality_tqs_project.component.AirQualityLogs</class>
  <method>addLog</method>
  <thread>387</thread>
  <message>Redirected to the homepage</message>
</record>
<record>
  <date>2021-05-16T15:04:10.765360Z</date>
  <millis>1621177450765</millis>
  <nanos>360000</nanos>
  <sequence>318</sequence>
  <logger>ua.deti.airquality_tqs_project</logger>
  <level>INFO</level>
  <class>ua.deti.tqs.airquality_tqs_project.component.AirQualityLogs</class>
  <method>addLog</method>
  <thread>383</thread>
  <message>Redirected to the empty search page</message>
</record>
