<?xml version="1.0" encoding="UTF-8" standalone="no"?>
<!DOCTYPE log SYSTEM "logger.dtd">
<log>
<record>
  <date>2021-05-16T14:51:31.674504Z</date>
  <millis>1621176691674</millis>
  <nanos>504000</nanos>
  <sequence>172</sequence>
  <logger>ua.deti.airquality_tqs_project</logger>
  <level>INFO</level>
  <class>ua.deti.tqs.airquality_tqs_project.component.AirQualityLogs</class>
  <method>addLog</method>
  <thread>241</thread>
  <message>/api/dataByCoords endpoint was accessed with parameters 40.0 and -40.0</message>
</record>
<record>
  <date>2021-05-16T14:51:31.675840Z</date>
  <millis>1621176691675</millis>
  <nanos>840000</nanos>
  <sequence>173</sequence>
  <logger>ua.deti.airquality_tqs_project</logger>
  <level>INFO</level>
  <class>ua.deti.tqs.airquality_tqs_project.component.AirQualityLogs</class>
  <method>addLog</method>
  <thread>241</thread>
  <message>Cache at the moment: AirQualityCache{cache={}}</message>
</record>
<record>
  <date>2021-05-16T14:51:32.246844Z</date>
  <millis>1621176692246</millis>
  <nanos>844000</nanos>
  <sequence>174</sequence>
  <logger>ua.deti.airquality_tqs_project</logger>
  <level>INFO</level>
  <class>ua.deti.tqs.airquality_tqs_project.component.AirQualityLogs</class>
  <method>addLog</method>
  <thread>241</thread>
  <message>came from external API</message>
</record>
<record>
  <date>2021-05-16T14:51:33.131755Z</date>
  <millis>1621176693131</millis>
  <nanos>755000</nanos>
  <sequence>175</sequence>
  <logger>ua.deti.airquality_tqs_project</logger>
  <level>INFO</level>
  <class>ua.deti.tqs.airquality_tqs_project.component.AirQualityLogs</class>
  <method>addLog</method>
  <thread>242</thread>
  <message>/api/data endpoint was accessed with parameter </message>
</record>
<record>
  <date>2021-05-16T14:51:33.157227Z</date>
  <millis>1621176693157</millis>
  <nanos>227000</nanos>
  <sequence>176</sequence>
  <logger>ua.deti.airquality_tqs_project</logger>
  <level>INFO</level>
  <class>ua.deti.tqs.airquality_tqs_project.component.AirQualityLogs</class>
  <method>addLog</method>
  <thread>243</thread>
  <message>/api/data endpoint was accessed with parameter Aveiro</message>
</record>
<record>
  <date>2021-05-16T14:51:33.158814Z</date>
  <millis>1621176693158</millis>
  <nanos>814000</nanos>
  <sequence>177</sequence>
  <logger>ua.deti.airquality_tqs_project</logger>
  <level>INFO</level>
  <class>ua.deti.tqs.airquality_tqs_project.component.AirQualityLogs</class>
  <method>addLog</method>
  <thread>243</thread>
  <message>Cache at the moment: AirQualityCache{cache={City{city='Lajes das Flores', time=1621176692246, latitude=40.0, longitude=-40.0}=AirQuality{aqIndex=48, co=296.652, o3=104.427, so2=0.356231, no2=0.209184, pm10=3.41862, pm25=1.10909, predominantPollenType='Molds', pollenLevelTree=0, pollenLevelWeed=0, PollenLevelGrass=0, PollenLevelMold=0}}}</message>
</record>
<record>
  <date>2021-05-16T14:51:33.284584Z</date>
  <millis>1621176693284</millis>
  <nanos>584000</nanos>
  <sequence>178</sequence>
  <logger>ua.deti.airquality_tqs_project</logger>
  <level>INFO</level>
  <class>ua.deti.tqs.airquality_tqs_project.component.AirQualityLogs</class>
  <method>addLog</method>
  <thread>243</thread>
  <message>airqualityresults: {"data":[{"mold_level":1,"aqi":33,"pm10":11.7868,"co":270.784,"o3":72.3302,"predominant_pollen_type":"Molds","so2":0.574626,"pollen_level_tree":1,"pollen_level_weed":1,"no2":14.8,"pm25":4.36956,"pollen_level_grass":1}],"city_name":"Aveiro","lon":"-8.64554","timezone":"Europe\/Lisbon","lat":"40.64427","country_code":"PT","state_code":"02"}
</message>
</record>
<record>
  <date>2021-05-16T14:51:33.285123Z</date>
  <millis>1621176693285</millis>
  <nanos>123000</nanos>
  <sequence>179</sequence>
  <logger>ua.deti.airquality_tqs_project</logger>
  <level>INFO</level>
  <class>ua.deti.tqs.airquality_tqs_project.component.AirQualityLogs</class>
  <method>addLog</method>
  <thread>243</thread>
  <message>came from external API</message>
</record>
<record>
  <date>2021-05-16T14:51:33.338188Z</date>
  <millis>1621176693338</millis>
  <nanos>188000</nanos>
  <sequence>180</sequence>
  <logger>ua.deti.airquality_tqs_project</logger>
  <level>INFO</level>
  <class>ua.deti.tqs.airquality_tqs_project.component.AirQualityLogs</class>
  <method>addLog</method>
  <thread>244</thread>
  <message>Redirected to the homepage</message>
</record>
<record>
  <date>2021-05-16T14:51:33.389747Z</date>
  <millis>1621176693389</millis>
  <nanos>747000</nanos>
  <sequence>181</sequence>
  <logger>ua.deti.airquality_tqs_project</logger>
  <level>INFO</level>
  <class>ua.deti.tqs.airquality_tqs_project.component.AirQualityLogs</class>
  <method>addLog</method>
  <thread>245</thread>
  <message>/api/data endpoint was accessed with parameter 12345</message>
</record>
<record>
  <date>2021-05-16T14:51:33.390157Z</date>
  <millis>1621176693390</millis>
  <nanos>157000</nanos>
  <sequence>182</sequence>
  <logger>ua.deti.airquality_tqs_project</logger>
  <level>INFO</level>
  <class>ua.deti.tqs.airquality_tqs_project.component.AirQualityLogs</class>
  <method>addLog</method>
  <thread>245</thread>
  <message>Cache at the moment: AirQualityCache{cache={City{city='Lajes das Flores', time=1621176692246, latitude=40.0, longitude=-40.0}=AirQuality{aqIndex=48, co=296.652, o3=104.427, so2=0.356231, no2=0.209184, pm10=3.41862, pm25=1.10909, predominantPollenType='Molds', pollenLevelTree=0, pollenLevelWeed=0, PollenLevelGrass=0, PollenLevelMold=0}, City{city='Aveiro', time=1621176693285, latitude=40.64427, longitude=-8.64554}=AirQuality{aqIndex=33, co=270.784, o3=72.3302, so2=0.574626, no2=14.8, pm10=11.7868, pm25=4.36956, predominantPollenType='Molds', pollenLevelTree=1, pollenLevelWeed=1, PollenLevelGrass=1, PollenLevelMold=1}}}</message>
</record>
<record>
  <date>2021-05-16T14:51:41.839939Z</date>
  <millis>1621176701839</millis>
  <nanos>939000</nanos>
  <sequence>183</sequence>
  <logger>ua.deti.airquality_tqs_project</logger>
  <level>INFO</level>
  <class>ua.deti.tqs.airquality_tqs_project.component.AirQualityLogs</class>
  <method>addLog</method>
  <thread>250</thread>
  <message>Redirected to the homepage</message>
</record>
<record>
  <date>2021-05-16T14:51:42.747022Z</date>
  <millis>1621176702747</millis>
  <nanos>22000</nanos>
  <sequence>184</sequence>
  <logger>ua.deti.airquality_tqs_project</logger>
  <level>INFO</level>
  <class>ua.deti.tqs.airquality_tqs_project.component.AirQualityLogs</class>
  <method>addLog</method>
  <thread>246</thread>
  <message>Cache at the moment: AirQualityCache{cache={City{city='Lajes das Flores', time=1621176692246, latitude=40.0, longitude=-40.0}=AirQuality{aqIndex=48, co=296.652, o3=104.427, so2=0.356231, no2=0.209184, pm10=3.41862, pm25=1.10909, predominantPollenType='Molds', pollenLevelTree=0, pollenLevelWeed=0, PollenLevelGrass=0, PollenLevelMold=0}, City{city='Aveiro', time=1621176693285, latitude=40.64427, longitude=-8.64554}=AirQuality{aqIndex=33, co=270.784, o3=72.3302, so2=0.574626, no2=14.8, pm10=11.7868, pm25=4.36956, predominantPollenType='Molds', pollenLevelTree=1, pollenLevelWeed=1, PollenLevelGrass=1, PollenLevelMold=1}}}</message>
</record>
<record>
  <date>2021-05-16T14:51:42.747902Z</date>
  <millis>1621176702747</millis>
  <nanos>902000</nanos>
  <sequence>185</sequence>
  <logger>ua.deti.airquality_tqs_project</logger>
  <level>INFO</level>
  <class>ua.deti.tqs.airquality_tqs_project.component.AirQualityLogs</class>
  <method>addLog</method>
  <thread>246</thread>
  <message>came from cache</message>
</record>
<record>
  <date>2021-05-16T14:51:42.755140Z</date>
  <millis>1621176702755</millis>
  <nanos>140000</nanos>
  <sequence>186</sequence>
  <logger>ua.deti.airquality_tqs_project</logger>
  <level>INFO</level>
  <class>ua.deti.tqs.airquality_tqs_project.component.AirQualityLogs</class>
  <method>addLog</method>
  <thread>246</thread>
  <message>Cache statistics: AirQualityStatistics{countRequests=1, hits=1, misses=0}</message>
</record>
<record>
  <date>2021-05-16T14:51:42.755933Z</date>
  <millis>1621176702755</millis>
  <nanos>933000</nanos>
  <sequence>187</sequence>
  <logger>ua.deti.airquality_tqs_project</logger>
  <level>INFO</level>
  <class>ua.deti.tqs.airquality_tqs_project.component.AirQualityLogs</class>
  <method>addLog</method>
  <thread>246</thread>
  <message>Model And View Not Null Was Created Successfully Aveiro</message>
</record>
<record>
  <date>2021-05-16T14:51:42.756378Z</date>
  <millis>1621176702756</millis>
  <nanos>378000</nanos>
  <sequence>188</sequence>
  <logger>ua.deti.airquality_tqs_project</logger>
  <level>INFO</level>
  <class>ua.deti.tqs.airquality_tqs_project.component.AirQualityLogs</class>
  <method>addLog</method>
  <thread>246</thread>
  <message>Redirected to the results page</message>
</record>
<record>
  <date>2021-05-16T14:51:45.331385Z</date>
  <millis>1621176705331</millis>
  <nanos>385000</nanos>
  <sequence>189</sequence>
  <logger>ua.deti.airquality_tqs_project</logger>
  <level>INFO</level>
  <class>ua.deti.tqs.airquality_tqs_project.component.AirQualityLogs</class>
  <method>addLog</method>
  <thread>250</thread>
  <message>Redirected to the homepage</message>
</record>
<record>
  <date>2021-05-16T14:51:46.223578Z</date>
  <millis>1621176706223</millis>
  <nanos>578000</nanos>
  <sequence>190</sequence>
  <logger>ua.deti.airquality_tqs_project</logger>
  <level>INFO</level>
  <class>ua.deti.tqs.airquality_tqs_project.component.AirQualityLogs</class>
  <method>addLog</method>
  <thread>246</thread>
  <message>Cache at the moment: AirQualityCache{cache={City{city='Lajes das Flores', time=1621176692246, latitude=40.0, longitude=-40.0}=AirQuality{aqIndex=48, co=296.652, o3=104.427, so2=0.356231, no2=0.209184, pm10=3.41862, pm25=1.10909, predominantPollenType='Molds', pollenLevelTree=0, pollenLevelWeed=0, PollenLevelGrass=0, PollenLevelMold=0}, City{city='Aveiro', time=1621176693285, latitude=40.64427, longitude=-8.64554}=AirQuality{aqIndex=33, co=270.784, o3=72.3302, so2=0.574626, no2=14.8, pm10=11.7868, pm25=4.36956, predominantPollenType='Molds', pollenLevelTree=1, pollenLevelWeed=1, PollenLevelGrass=1, PollenLevelMold=1}}}</message>
</record>
<record>
  <date>2021-05-16T14:51:46.736150Z</date>
  <millis>1621176706736</millis>
  <nanos>150000</nanos>
  <sequence>191</sequence>
  <logger>ua.deti.airquality_tqs_project</logger>
  <level>INFO</level>
  <class>ua.deti.tqs.airquality_tqs_project.component.AirQualityLogs</class>
  <method>addLog</method>
  <thread>246</thread>
  <message>airqualityresults: {"data":[{"mold_level":1,"aqi":33,"pm10":11.7868,"co":270.784,"o3":72.3302,"predominant_pollen_type":"Molds","so2":0.574626,"pollen_level_tree":1,"pollen_level_weed":1,"no2":14.8,"pm25":4.36956,"pollen_level_grass":1}],"city_name":"Aveiro","lon":"-8.64554","timezone":"Europe\/Lisbon","lat":"40.64427","country_code":"PT","state_code":"02"}
</message>
</record>
<record>
  <date>2021-05-16T14:51:46.736543Z</date>
  <millis>1621176706736</millis>
  <nanos>543000</nanos>
  <sequence>192</sequence>
  <logger>ua.deti.airquality_tqs_project</logger>
  <level>INFO</level>
  <class>ua.deti.tqs.airquality_tqs_project.component.AirQualityLogs</class>
  <method>addLog</method>
  <thread>246</thread>
  <message>came from external API</message>
</record>
<record>
  <date>2021-05-16T14:51:46.736751Z</date>
  <millis>1621176706736</millis>
  <nanos>751000</nanos>
  <sequence>193</sequence>
  <logger>ua.deti.airquality_tqs_project</logger>
  <level>INFO</level>
  <class>ua.deti.tqs.airquality_tqs_project.component.AirQualityLogs</class>
  <method>addLog</method>
  <thread>246</thread>
  <message>came from external API because data was outdated</message>
</record>
<record>
  <date>2021-05-16T14:51:46.737222Z</date>
  <millis>1621176706737</millis>
  <nanos>222000</nanos>
  <sequence>194</sequence>
  <logger>ua.deti.airquality_tqs_project</logger>
  <level>INFO</level>
  <class>ua.deti.tqs.airquality_tqs_project.component.AirQualityLogs</class>
  <method>addLog</method>
  <thread>246</thread>
  <message>Cache statistics: AirQualityStatistics{countRequests=2, hits=1, misses=1}</message>
</record>
<record>
  <date>2021-05-16T14:51:46.737421Z</date>
  <millis>1621176706737</millis>
  <nanos>421000</nanos>
  <sequence>195</sequence>
  <logger>ua.deti.airquality_tqs_project</logger>
  <level>INFO</level>
  <class>ua.deti.tqs.airquality_tqs_project.component.AirQualityLogs</class>
  <method>addLog</method>
  <thread>246</thread>
  <message>Model And View Not Null Was Created Successfully Aveiro</message>
</record>
<record>
  <date>2021-05-16T14:51:46.737579Z</date>
  <millis>1621176706737</millis>
  <nanos>579000</nanos>
  <sequence>196</sequence>
  <logger>ua.deti.airquality_tqs_project</logger>
  <level>INFO</level>
  <class>ua.deti.tqs.airquality_tqs_project.component.AirQualityLogs</class>
  <method>addLog</method>
  <thread>246</thread>
  <message>Redirected to the results page</message>
</record>
<record>
  <date>2021-05-16T14:51:47.680767Z</date>
  <millis>1621176707680</millis>
  <nanos>767000</nanos>
  <sequence>197</sequence>
  <logger>ua.deti.airquality_tqs_project</logger>
  <level>INFO</level>
  <class>ua.deti.tqs.airquality_tqs_project.component.AirQualityLogs</class>
  <method>addLog</method>
  <thread>250</thread>
  <message>Redirected to the homepage</message>
</record>
<record>
  <date>2021-05-16T14:51:48.722698Z</date>
  <millis>1621176708722</millis>
  <nanos>698000</nanos>
  <sequence>198</sequence>
  <logger>ua.deti.airquality_tqs_project</logger>
  <level>INFO</level>
  <class>ua.deti.tqs.airquality_tqs_project.component.AirQualityLogs</class>
  <method>addLog</method>
  <thread>246</thread>
  <message>Redirected to the error404 page</message>
</record>
<record>
  <date>2021-05-16T14:51:49.639953Z</date>
  <millis>1621176709639</millis>
  <nanos>953000</nanos>
  <sequence>199</sequence>
  <logger>ua.deti.airquality_tqs_project</logger>
  <level>INFO</level>
  <class>ua.deti.tqs.airquality_tqs_project.component.AirQualityLogs</class>
  <method>addLog</method>
  <thread>249</thread>
  <message>Redirected to the homepage</message>
</record>
<record>
  <date>2021-05-16T14:51:50.453400Z</date>
  <millis>1621176710453</millis>
  <nanos>400000</nanos>
  <sequence>200</sequence>
  <logger>ua.deti.airquality_tqs_project</logger>
  <level>INFO</level>
  <class>ua.deti.tqs.airquality_tqs_project.component.AirQualityLogs</class>
  <method>addLog</method>
  <thread>245</thread>
  <message>Cache at the moment: AirQualityCache{cache={City{city='Lajes das Flores', time=1621176692246, latitude=40.0, longitude=-40.0}=AirQuality{aqIndex=48, co=296.652, o3=104.427, so2=0.356231, no2=0.209184, pm10=3.41862, pm25=1.10909, predominantPollenType='Molds', pollenLevelTree=0, pollenLevelWeed=0, PollenLevelGrass=0, PollenLevelMold=0}, City{city='Aveiro', time=1621176706736, latitude=40.64427, longitude=-8.64554}=AirQuality{aqIndex=33, co=270.784, o3=72.3302, so2=0.574626, no2=14.8, pm10=11.7868, pm25=4.36956, predominantPollenType='Molds', pollenLevelTree=1, pollenLevelWeed=1, PollenLevelGrass=1, PollenLevelMold=1}}}</message>
</record>
<record>
  <date>2021-05-16T14:51:50.579742Z</date>
  <millis>1621176710579</millis>
  <nanos>742000</nanos>
  <sequence>201</sequence>
  <logger>ua.deti.airquality_tqs_project</logger>
  <level>INFO</level>
  <class>ua.deti.tqs.airquality_tqs_project.component.AirQualityLogs</class>
  <method>addLog</method>
  <thread>245</thread>
  <message>Redirected to the error404 page</message>
</record>
<record>
  <date>2021-05-16T14:51:51.277284Z</date>
  <millis>1621176711277</millis>
  <nanos>284000</nanos>
  <sequence>202</sequence>
  <logger>ua.deti.airquality_tqs_project</logger>
  <level>INFO</level>
  <class>ua.deti.tqs.airquality_tqs_project.component.AirQualityLogs</class>
  <method>addLog</method>
  <thread>247</thread>
  <message>Redirected to the homepage</message>
</record>
<record>
  <date>2021-05-16T14:51:51.841046Z</date>
  <millis>1621176711841</millis>
  <nanos>46000</nanos>
  <sequence>203</sequence>
  <logger>ua.deti.airquality_tqs_project</logger>
  <level>INFO</level>
  <class>ua.deti.tqs.airquality_tqs_project.component.AirQualityLogs</class>
  <method>addLog</method>
  <thread>243</thread>
  <message>Redirected to the empty search page</message>
</record>
