<?xml version="1.0" encoding="UTF-8" standalone="no"?>
<!DOCTYPE log SYSTEM "logger.dtd">
<log>
<record>
  <date>2021-05-16T13:48:57.910091Z</date>
  <millis>1621172937910</millis>
  <nanos>91000</nanos>
  <sequence>1</sequence>
  <logger>ua.deti.airquality_tqs_project</logger>
  <level>INFO</level>
  <class>ua.deti.tqs.airquality_tqs_project.component.AirQualityLogs</class>
  <method>addLog</method>
  <thread>1</thread>
  <message>Cache at the moment: AirQualityCache{cache={City{city='Aveiro', time=1620483090160, latitude=40.64427, longitude=-8.64554}=AirQuality{aqIndex=12, co=264.5, o3=17.0, so2=4.0, no2=12.0, pm10=13.0, pm25=3.0, predominantPollenType='Molds', pollenLevelTree=1, pollenLevelWeed=1, PollenLevelGrass=1, PollenLevelMold=1}}}</message>
</record>
<record>
  <date>2021-05-16T13:48:57.915411Z</date>
  <millis>1621172937915</millis>
  <nanos>411000</nanos>
  <sequence>2</sequence>
  <logger>ua.deti.airquality_tqs_project</logger>
  <level>INFO</level>
  <class>ua.deti.tqs.airquality_tqs_project.component.AirQualityLogs</class>
  <method>addLog</method>
  <thread>1</thread>
  <message>City with cityname Aveiro already exists in cache</message>
</record>
<record>
  <date>2021-05-16T13:48:57.916505Z</date>
  <millis>1621172937916</millis>
  <nanos>505000</nanos>
  <sequence>3</sequence>
  <logger>ua.deti.airquality_tqs_project</logger>
  <level>INFO</level>
  <class>ua.deti.tqs.airquality_tqs_project.component.AirQualityLogs</class>
  <method>addLog</method>
  <thread>1</thread>
  <message>City with cityname Aveiro already exists in cache</message>
</record>
<record>
  <date>2021-05-16T13:48:57.917416Z</date>
  <millis>1621172937917</millis>
  <nanos>416000</nanos>
  <sequence>4</sequence>
  <logger>ua.deti.airquality_tqs_project</logger>
  <level>INFO</level>
  <class>ua.deti.tqs.airquality_tqs_project.component.AirQualityLogs</class>
  <method>addLog</method>
  <thread>1</thread>
  <message>City with cityname Aveiro already exists in cache</message>
</record>
<record>
  <date>2021-05-16T13:48:57.918326Z</date>
  <millis>1621172937918</millis>
  <nanos>326000</nanos>
  <sequence>5</sequence>
  <logger>ua.deti.airquality_tqs_project</logger>
  <level>INFO</level>
  <class>ua.deti.tqs.airquality_tqs_project.component.AirQualityLogs</class>
  <method>addLog</method>
  <thread>1</thread>
  <message>City was removed successfully</message>
</record>
<record>
  <date>2021-05-16T13:48:59.301553Z</date>
  <millis>1621172939301</millis>
  <nanos>553000</nanos>
  <sequence>6</sequence>
  <logger>ua.deti.airquality_tqs_project</logger>
  <level>INFO</level>
  <class>ua.deti.tqs.airquality_tqs_project.component.AirQualityLogs</class>
  <method>addLog</method>
  <thread>1</thread>
  <message>airqualityresults: {"data":[{"mold_level":1,"aqi":28,"pm10":11,"co":271.201,"o3":60.9756,"predominant_pollen_type":"Molds","so2":0.566244,"pollen_level_tree":1,"pollen_level_weed":1,"no2":1.12457,"pm25":5.9631,"pollen_level_grass":1}],"city_name":"Aveiro","lon":"-8.64554","timezone":"Europe\/Lisbon","lat":"40.64427","country_code":"PT","state_code":"02"}
</message>
</record>
<record>
  <date>2021-05-16T13:48:59.308695Z</date>
  <millis>1621172939308</millis>
  <nanos>695000</nanos>
  <sequence>7</sequence>
  <logger>ua.deti.airquality_tqs_project</logger>
  <level>INFO</level>
  <class>ua.deti.tqs.airquality_tqs_project.component.AirQualityLogs</class>
  <method>addLog</method>
  <thread>1</thread>
  <message>came from external API</message>
</record>
<record>
  <date>2021-05-16T13:48:59.309357Z</date>
  <millis>1621172939309</millis>
  <nanos>357000</nanos>
  <sequence>8</sequence>
  <logger>ua.deti.airquality_tqs_project</logger>
  <level>INFO</level>
  <class>ua.deti.tqs.airquality_tqs_project.component.AirQualityLogs</class>
  <method>addLog</method>
  <thread>1</thread>
  <message>came from external API because data was outdated</message>
</record>
<record>
  <date>2021-05-16T13:48:59.309974Z</date>
  <millis>1621172939309</millis>
  <nanos>974000</nanos>
  <sequence>9</sequence>
  <logger>ua.deti.airquality_tqs_project</logger>
  <level>INFO</level>
  <class>ua.deti.tqs.airquality_tqs_project.component.AirQualityLogs</class>
  <method>addLog</method>
  <thread>1</thread>
  <message>Number of requests was updated successfully</message>
</record>
<record>
  <date>2021-05-16T13:48:59.310483Z</date>
  <millis>1621172939310</millis>
  <nanos>483000</nanos>
  <sequence>10</sequence>
  <logger>ua.deti.airquality_tqs_project</logger>
  <level>INFO</level>
  <class>ua.deti.tqs.airquality_tqs_project.component.AirQualityLogs</class>
  <method>addLog</method>
  <thread>1</thread>
  <message>Number of misses was updated successfully</message>
</record>
<record>
  <date>2021-05-16T13:48:59.317026Z</date>
  <millis>1621172939317</millis>
  <nanos>26000</nanos>
  <sequence>11</sequence>
  <logger>ua.deti.airquality_tqs_project</logger>
  <level>INFO</level>
  <class>ua.deti.tqs.airquality_tqs_project.component.AirQualityLogs</class>
  <method>addLog</method>
  <thread>1</thread>
  <message>Cache statistics: AirQualityStatistics{countRequests=1, hits=0, misses=1}</message>
</record>
<record>
  <date>2021-05-16T13:49:02.912342Z</date>
  <millis>1621172942912</millis>
  <nanos>342000</nanos>
  <sequence>13</sequence>
  <logger>ua.deti.airquality_tqs_project</logger>
  <level>INFO</level>
  <class>ua.deti.tqs.airquality_tqs_project.component.AirQualityLogs</class>
  <method>addLog</method>
  <thread>1</thread>
  <message>Cache at the moment: AirQualityCache{cache={City{city='Aveiro', time=1621172939308, latitude=40.64427, longitude=-8.64554}=AirQuality{aqIndex=28, co=271.201, o3=60.9756, so2=0.566244, no2=1.12457, pm10=11.0, pm25=5.9631, predominantPollenType='Molds', pollenLevelTree=1, pollenLevelWeed=1, PollenLevelGrass=1, PollenLevelMold=1}}}</message>
</record>
<record>
  <date>2021-05-16T13:49:02.913993Z</date>
  <millis>1621172942913</millis>
  <nanos>993000</nanos>
  <sequence>14</sequence>
  <logger>ua.deti.airquality_tqs_project</logger>
  <level>INFO</level>
  <class>ua.deti.tqs.airquality_tqs_project.component.AirQualityLogs</class>
  <method>addLog</method>
  <thread>1</thread>
  <message>City with cityname Aveiro  does not exist in cache</message>
</record>
<record>
  <date>2021-05-16T13:49:03.099972Z</date>
  <millis>1621172943099</millis>
  <nanos>972000</nanos>
  <sequence>15</sequence>
  <logger>ua.deti.airquality_tqs_project</logger>
  <level>INFO</level>
  <class>ua.deti.tqs.airquality_tqs_project.component.AirQualityLogs</class>
  <method>addLog</method>
  <thread>1</thread>
  <message>airqualityresults: {"data":[{"mold_level":1,"aqi":28,"pm10":11,"co":271.201,"o3":60.9756,"predominant_pollen_type":"Molds","so2":0.566244,"pollen_level_tree":1,"pollen_level_weed":1,"no2":1.12457,"pm25":5.9631,"pollen_level_grass":1}],"city_name":"Aveiro","lon":"-8.64554","timezone":"Europe\/Lisbon","lat":"40.64427","country_code":"PT","state_code":"02"}
</message>
</record>
<record>
  <date>2021-05-16T13:49:03.101Z</date>
  <millis>1621172943101</millis>
  <sequence>16</sequence>
  <logger>ua.deti.airquality_tqs_project</logger>
  <level>INFO</level>
  <class>ua.deti.tqs.airquality_tqs_project.component.AirQualityLogs</class>
  <method>addLog</method>
  <thread>1</thread>
  <message>came from external API</message>
</record>
<record>
  <date>2021-05-16T13:49:03.102626Z</date>
  <millis>1621172943102</millis>
  <nanos>626000</nanos>
  <sequence>17</sequence>
  <logger>ua.deti.airquality_tqs_project</logger>
  <level>INFO</level>
  <class>ua.deti.tqs.airquality_tqs_project.component.AirQualityLogs</class>
  <method>addLog</method>
  <thread>1</thread>
  <message>Model And View Not Null Was Created Successfully Aveiro </message>
</record>
<record>
  <date>2021-05-16T13:49:03.103354Z</date>
  <millis>1621172943103</millis>
  <nanos>354000</nanos>
  <sequence>18</sequence>
  <logger>ua.deti.airquality_tqs_project</logger>
  <level>INFO</level>
  <class>ua.deti.tqs.airquality_tqs_project.component.AirQualityLogs</class>
  <method>addLog</method>
  <thread>1</thread>
  <message>Redirected to the results page</message>
</record>
<record>
  <date>2021-05-16T13:49:03.112198Z</date>
  <millis>1621172943112</millis>
  <nanos>198000</nanos>
  <sequence>19</sequence>
  <logger>ua.deti.airquality_tqs_project</logger>
  <level>INFO</level>
  <class>ua.deti.tqs.airquality_tqs_project.component.AirQualityLogs</class>
  <method>addLog</method>
  <thread>1</thread>
  <message>Redirected to the error404 page</message>
</record>
<record>
  <date>2021-05-16T13:49:03.120426Z</date>
  <millis>1621172943120</millis>
  <nanos>426000</nanos>
  <sequence>20</sequence>
  <logger>ua.deti.airquality_tqs_project</logger>
  <level>INFO</level>
  <class>ua.deti.tqs.airquality_tqs_project.component.AirQualityLogs</class>
  <method>addLog</method>
  <thread>1</thread>
  <message>Cache at the moment: AirQualityCache{cache={City{city='Aveiro ', time=1621172943100, latitude=40.64427, longitude=-8.64554}=AirQuality{aqIndex=28, co=271.201, o3=60.9756, so2=0.566244, no2=1.12457, pm10=11.0, pm25=5.9631, predominantPollenType='Molds', pollenLevelTree=1, pollenLevelWeed=1, PollenLevelGrass=1, PollenLevelMold=1}, City{city='Aveiro', time=1621172939308, latitude=40.64427, longitude=-8.64554}=AirQuality{aqIndex=28, co=271.201, o3=60.9756, so2=0.566244, no2=1.12457, pm10=11.0, pm25=5.9631, predominantPollenType='Molds', pollenLevelTree=1, pollenLevelWeed=1, PollenLevelGrass=1, PollenLevelMold=1}}}</message>
</record>
<record>
  <date>2021-05-16T13:49:03.121163Z</date>
  <millis>1621172943121</millis>
  <nanos>163000</nanos>
  <sequence>21</sequence>
  <logger>ua.deti.airquality_tqs_project</logger>
  <level>INFO</level>
  <class>ua.deti.tqs.airquality_tqs_project.component.AirQualityLogs</class>
  <method>addLog</method>
  <thread>1</thread>
  <message>City with cityname 48q3fg849g7f0q  does not exist in cache</message>
</record>
<record>
  <date>2021-05-16T13:49:03.365515Z</date>
  <millis>1621172943365</millis>
  <nanos>515000</nanos>
  <sequence>22</sequence>
  <logger>ua.deti.airquality_tqs_project</logger>
  <level>INFO</level>
  <class>ua.deti.tqs.airquality_tqs_project.component.AirQualityLogs</class>
  <method>addLog</method>
  <thread>1</thread>
  <message>Redirected to the error404 page</message>
</record>
<record>
  <date>2021-05-16T13:49:03.374428Z</date>
  <millis>1621172943374</millis>
  <nanos>428000</nanos>
  <sequence>23</sequence>
  <logger>ua.deti.airquality_tqs_project</logger>
  <level>INFO</level>
  <class>ua.deti.tqs.airquality_tqs_project.component.AirQualityLogs</class>
  <method>addLog</method>
  <thread>1</thread>
  <message>Redirected to the empty search page</message>
</record>
</log>
