<?xml version="1.0" encoding="UTF-8" standalone="no"?>
<!DOCTYPE log SYSTEM "logger.dtd">
<log>
<record>
  <date>2021-05-16T13:40:01.919228Z</date>
  <millis>1621172401919</millis>
  <nanos>228000</nanos>
  <sequence>4</sequence>
  <logger>ua.deti.airquality_tqs_project</logger>
  <level>INFO</level>
  <class>ua.deti.tqs.airquality_tqs_project.component.AirQualityLogs</class>
  <method>addLog</method>
  <thread>33</thread>
  <message>Redirected to the homepage</message>
</record>
<record>
  <date>2021-05-16T13:40:06.621743Z</date>
  <millis>1621172406621</millis>
  <nanos>743000</nanos>
  <sequence>5</sequence>
  <logger>ua.deti.airquality_tqs_project</logger>
  <level>INFO</level>
  <class>ua.deti.tqs.airquality_tqs_project.component.AirQualityLogs</class>
  <method>addLog</method>
  <thread>35</thread>
  <message>Cache at the moment: AirQualityCache{cache={}}</message>
</record>
<record>
  <date>2021-05-16T13:40:06.624384Z</date>
  <millis>1621172406624</millis>
  <nanos>384000</nanos>
  <sequence>6</sequence>
  <logger>ua.deti.airquality_tqs_project</logger>
  <level>INFO</level>
  <class>ua.deti.tqs.airquality_tqs_project.component.AirQualityLogs</class>
  <method>addLog</method>
  <thread>35</thread>
  <message>City with cityname Lajes das flores  does not exist in cache</message>
</record>
<record>
  <date>2021-05-16T13:40:07.668027Z</date>
  <millis>1621172407668</millis>
  <nanos>27000</nanos>
  <sequence>7</sequence>
  <logger>ua.deti.airquality_tqs_project</logger>
  <level>INFO</level>
  <class>ua.deti.tqs.airquality_tqs_project.component.AirQualityLogs</class>
  <method>addLog</method>
  <thread>35</thread>
  <message>airqualityresults: {"data":[{"mold_level":0,"aqi":47,"pm10":0.503076,"co":315.428,"o3":101.566,"predominant_pollen_type":"Molds","so2":0.132713,"pollen_level_tree":0,"pollen_level_weed":0,"no2":0.304906,"pm25":0.422017,"pollen_level_grass":0}],"city_name":"Lajes das Flores","lon":"-31.17847","timezone":"Atlantic\/Azores","lat":"39.37744","country_code":"PT","state_code":"23"}
</message>
</record>
<record>
  <date>2021-05-16T13:40:07.681478Z</date>
  <millis>1621172407681</millis>
  <nanos>478000</nanos>
  <sequence>8</sequence>
  <logger>ua.deti.airquality_tqs_project</logger>
  <level>INFO</level>
  <class>ua.deti.tqs.airquality_tqs_project.component.AirQualityLogs</class>
  <method>addLog</method>
  <thread>35</thread>
  <message>came from external API</message>
</record>
<record>
  <date>2021-05-16T13:40:07.683637Z</date>
  <millis>1621172407683</millis>
  <nanos>637000</nanos>
  <sequence>9</sequence>
  <logger>ua.deti.airquality_tqs_project</logger>
  <level>INFO</level>
  <class>ua.deti.tqs.airquality_tqs_project.component.AirQualityLogs</class>
  <method>addLog</method>
  <thread>35</thread>
  <message>Model And View Not Null Was Created Successfully Lajes das Flores </message>
</record>
<record>
  <date>2021-05-16T13:40:07.684448Z</date>
  <millis>1621172407684</millis>
  <nanos>448000</nanos>
  <sequence>10</sequence>
  <logger>ua.deti.airquality_tqs_project</logger>
  <level>INFO</level>
  <class>ua.deti.tqs.airquality_tqs_project.component.AirQualityLogs</class>
  <method>addLog</method>
  <thread>35</thread>
  <message>Redirected to the results page</message>
</record>
<record>
  <date>2021-05-16T13:40:42.293002Z</date>
  <millis>1621172442293</millis>
  <nanos>2000</nanos>
  <sequence>11</sequence>
  <logger>ua.deti.airquality_tqs_project</logger>
  <level>INFO</level>
  <class>ua.deti.tqs.airquality_tqs_project.component.AirQualityLogs</class>
  <method>addLog</method>
  <thread>37</thread>
  <message>/api/cache endpoint was accessed</message>
</record>
<record>
  <date>2021-05-16T13:41:58.225220Z</date>
  <millis>1621172518225</millis>
  <nanos>220000</nanos>
  <sequence>12</sequence>
  <logger>ua.deti.airquality_tqs_project</logger>
  <level>INFO</level>
  <class>ua.deti.tqs.airquality_tqs_project.component.AirQualityLogs</class>
  <method>addLog</method>
  <thread>40</thread>
  <message>Redirected to the homepage</message>
</record>
<record>
  <date>2021-05-16T13:42:03.328621Z</date>
  <millis>1621172523328</millis>
  <nanos>621000</nanos>
  <sequence>13</sequence>
  <logger>ua.deti.airquality_tqs_project</logger>
  <level>INFO</level>
  <class>ua.deti.tqs.airquality_tqs_project.component.AirQualityLogs</class>
  <method>addLog</method>
  <thread>41</thread>
  <message>/api/data endpoint was accessed with parameter Aveiro</message>
</record>
<record>
  <date>2021-05-16T13:42:03.346099Z</date>
  <millis>1621172523346</millis>
  <nanos>99000</nanos>
  <sequence>14</sequence>
  <logger>ua.deti.airquality_tqs_project</logger>
  <level>INFO</level>
  <class>ua.deti.tqs.airquality_tqs_project.component.AirQualityLogs</class>
  <method>addLog</method>
  <thread>41</thread>
  <message>Cache at the moment: AirQualityCache{cache={City{city='Lajes das flores ', time=1621172407680, latitude=39.37744, longitude=-31.17847}=AirQuality{aqIndex=47, co=315.428, o3=101.566, so2=0.132713, no2=0.304906, pm10=0.503076, pm25=0.422017, predominantPollenType='Molds', pollenLevelTree=0, pollenLevelWeed=0, PollenLevelGrass=0, PollenLevelMold=0}}}</message>
</record>
<record>
  <date>2021-05-16T13:42:03.346580Z</date>
  <millis>1621172523346</millis>
  <nanos>580000</nanos>
  <sequence>15</sequence>
  <logger>ua.deti.airquality_tqs_project</logger>
  <level>INFO</level>
  <class>ua.deti.tqs.airquality_tqs_project.component.AirQualityLogs</class>
  <method>addLog</method>
  <thread>41</thread>
  <message>City with cityname Aveiro does not exist in cache</message>
</record>
<record>
  <date>2021-05-16T13:42:03.999264Z</date>
  <millis>1621172523999</millis>
  <nanos>264000</nanos>
  <sequence>16</sequence>
  <logger>ua.deti.airquality_tqs_project</logger>
  <level>INFO</level>
  <class>ua.deti.tqs.airquality_tqs_project.component.AirQualityLogs</class>
  <method>addLog</method>
  <thread>41</thread>
  <message>airqualityresults: {"data":[{"mold_level":1,"aqi":28,"pm10":11,"co":271.201,"o3":60.9756,"predominant_pollen_type":"Molds","so2":0.566244,"pollen_level_tree":1,"pollen_level_weed":1,"no2":1.12457,"pm25":5.9631,"pollen_level_grass":1}],"city_name":"Aveiro","lon":"-8.64554","timezone":"Europe\/Lisbon","lat":"40.64427","country_code":"PT","state_code":"02"}
</message>
</record>
<record>
  <date>2021-05-16T13:42:04.001418Z</date>
  <millis>1621172524001</millis>
  <nanos>418000</nanos>
  <sequence>17</sequence>
  <logger>ua.deti.airquality_tqs_project</logger>
  <level>INFO</level>
  <class>ua.deti.tqs.airquality_tqs_project.component.AirQualityLogs</class>
  <method>addLog</method>
  <thread>41</thread>
  <message>came from external API</message>
</record>
<record>
  <date>2021-05-16T13:42:10.813585Z</date>
  <millis>1621172530813</millis>
  <nanos>585000</nanos>
  <sequence>18</sequence>
  <logger>ua.deti.airquality_tqs_project</logger>
  <level>INFO</level>
  <class>ua.deti.tqs.airquality_tqs_project.component.AirQualityLogs</class>
  <method>addLog</method>
  <thread>42</thread>
  <message>/api/cache endpoint was accessed</message>
</record>
<record>
  <date>2021-05-16T13:42:27.174367Z</date>
  <millis>1621172547174</millis>
  <nanos>367000</nanos>
  <sequence>19</sequence>
  <logger>ua.deti.airquality_tqs_project</logger>
  <level>INFO</level>
  <class>ua.deti.tqs.airquality_tqs_project.component.AirQualityLogs</class>
  <method>addLog</method>
  <thread>33</thread>
  <message>/api/data endpoint was accessed with parameter Aveiro</message>
</record>
<record>
  <date>2021-05-16T13:42:27.175059Z</date>
  <millis>1621172547175</millis>
  <nanos>59000</nanos>
  <sequence>20</sequence>
  <logger>ua.deti.airquality_tqs_project</logger>
  <level>INFO</level>
  <class>ua.deti.tqs.airquality_tqs_project.component.AirQualityLogs</class>
  <method>addLog</method>
  <thread>33</thread>
  <message>Cache at the moment: AirQualityCache{cache={City{city='Lajes das flores ', time=1621172407680, latitude=39.37744, longitude=-31.17847}=AirQuality{aqIndex=47, co=315.428, o3=101.566, so2=0.132713, no2=0.304906, pm10=0.503076, pm25=0.422017, predominantPollenType='Molds', pollenLevelTree=0, pollenLevelWeed=0, PollenLevelGrass=0, PollenLevelMold=0}, City{city='Aveiro', time=1621172524001, latitude=40.64427, longitude=-8.64554}=AirQuality{aqIndex=28, co=271.201, o3=60.9756, so2=0.566244, no2=1.12457, pm10=11.0, pm25=5.9631, predominantPollenType='Molds', pollenLevelTree=1, pollenLevelWeed=1, PollenLevelGrass=1, PollenLevelMold=1}}}</message>
</record>
<record>
  <date>2021-05-16T13:42:27.175858Z</date>
  <millis>1621172547175</millis>
  <nanos>858000</nanos>
  <sequence>21</sequence>
  <logger>ua.deti.airquality_tqs_project</logger>
  <level>INFO</level>
  <class>ua.deti.tqs.airquality_tqs_project.component.AirQualityLogs</class>
  <method>addLog</method>
  <thread>33</thread>
  <message>City with cityname Aveiro already exists in cache</message>
</record>
<record>
  <date>2021-05-16T13:42:27.176181Z</date>
  <millis>1621172547176</millis>
  <nanos>181000</nanos>
  <sequence>22</sequence>
  <logger>ua.deti.airquality_tqs_project</logger>
  <level>INFO</level>
  <class>ua.deti.tqs.airquality_tqs_project.component.AirQualityLogs</class>
  <method>addLog</method>
  <thread>33</thread>
  <message>City with cityname Aveiro already exists in cache</message>
</record>
<record>
  <date>2021-05-16T13:42:27.176431Z</date>
  <millis>1621172547176</millis>
  <nanos>431000</nanos>
  <sequence>23</sequence>
  <logger>ua.deti.airquality_tqs_project</logger>
  <level>INFO</level>
  <class>ua.deti.tqs.airquality_tqs_project.component.AirQualityLogs</class>
  <method>addLog</method>
  <thread>33</thread>
  <message>City with cityname Aveiro already exists in cache</message>
</record>
<record>
  <date>2021-05-16T13:42:27.176685Z</date>
  <millis>1621172547176</millis>
  <nanos>685000</nanos>
  <sequence>24</sequence>
  <logger>ua.deti.airquality_tqs_project</logger>
  <level>INFO</level>
  <class>ua.deti.tqs.airquality_tqs_project.component.AirQualityLogs</class>
  <method>addLog</method>
  <thread>33</thread>
  <message>City was removed successfully</message>
</record>
<record>
  <date>2021-05-16T13:42:27.745212Z</date>
  <millis>1621172547745</millis>
  <nanos>212000</nanos>
  <sequence>25</sequence>
  <logger>ua.deti.airquality_tqs_project</logger>
  <level>INFO</level>
  <class>ua.deti.tqs.airquality_tqs_project.component.AirQualityLogs</class>
  <method>addLog</method>
  <thread>33</thread>
  <message>airqualityresults: {"data":[{"mold_level":1,"aqi":28,"pm10":11,"co":271.201,"o3":60.9756,"predominant_pollen_type":"Molds","so2":0.566244,"pollen_level_tree":1,"pollen_level_weed":1,"no2":1.12457,"pm25":5.9631,"pollen_level_grass":1}],"city_name":"Aveiro","lon":"-8.64554","timezone":"Europe\/Lisbon","lat":"40.64427","country_code":"PT","state_code":"02"}
</message>
</record>
<record>
  <date>2021-05-16T13:42:27.745686Z</date>
  <millis>1621172547745</millis>
  <nanos>686000</nanos>
  <sequence>26</sequence>
  <logger>ua.deti.airquality_tqs_project</logger>
  <level>INFO</level>
  <class>ua.deti.tqs.airquality_tqs_project.component.AirQualityLogs</class>
  <method>addLog</method>
  <thread>33</thread>
  <message>came from external API</message>
</record>
<record>
  <date>2021-05-16T13:42:27.745933Z</date>
  <millis>1621172547745</millis>
  <nanos>933000</nanos>
  <sequence>27</sequence>
  <logger>ua.deti.airquality_tqs_project</logger>
  <level>INFO</level>
  <class>ua.deti.tqs.airquality_tqs_project.component.AirQualityLogs</class>
  <method>addLog</method>
  <thread>33</thread>
  <message>came from external API because data was outdated</message>
</record>
<record>
  <date>2021-05-16T13:42:27.746166Z</date>
  <millis>1621172547746</millis>
  <nanos>166000</nanos>
  <sequence>28</sequence>
  <logger>ua.deti.airquality_tqs_project</logger>
  <level>INFO</level>
  <class>ua.deti.tqs.airquality_tqs_project.component.AirQualityLogs</class>
  <method>addLog</method>
  <thread>33</thread>
  <message>Number of requests was updated successfully</message>
</record>
<record>
  <date>2021-05-16T13:42:27.746316Z</date>
  <millis>1621172547746</millis>
  <nanos>316000</nanos>
  <sequence>29</sequence>
  <logger>ua.deti.airquality_tqs_project</logger>
  <level>INFO</level>
  <class>ua.deti.tqs.airquality_tqs_project.component.AirQualityLogs</class>
  <method>addLog</method>
  <thread>33</thread>
  <message>Number of misses was updated successfully</message>
</record>
<record>
  <date>2021-05-16T13:42:27.749479Z</date>
  <millis>1621172547749</millis>
  <nanos>479000</nanos>
  <sequence>30</sequence>
  <logger>ua.deti.airquality_tqs_project</logger>
  <level>INFO</level>
  <class>ua.deti.tqs.airquality_tqs_project.component.AirQualityLogs</class>
  <method>addLog</method>
  <thread>33</thread>
  <message>Cache statistics: AirQualityStatistics{countRequests=1, hits=0, misses=1}</message>
</record>
<record>
  <date>2021-05-16T13:42:53.190780Z</date>
  <millis>1621172573190</millis>
  <nanos>780000</nanos>
  <sequence>31</sequence>
  <logger>ua.deti.airquality_tqs_project</logger>
  <level>INFO</level>
  <class>ua.deti.tqs.airquality_tqs_project.component.AirQualityLogs</class>
  <method>addLog</method>
  <thread>34</thread>
  <message>/api/dataByCoords endpoint was accessed with parameters 40.64427 and -8.64554</message>
</record>
<record>
  <date>2021-05-16T13:42:53.191592Z</date>
  <millis>1621172573191</millis>
  <nanos>592000</nanos>
  <sequence>32</sequence>
  <logger>ua.deti.airquality_tqs_project</logger>
  <level>INFO</level>
  <class>ua.deti.tqs.airquality_tqs_project.component.AirQualityLogs</class>
  <method>addLog</method>
  <thread>34</thread>
  <message>Cache at the moment: AirQualityCache{cache={City{city='Aveiro', time=1621172547745, latitude=40.64427, longitude=-8.64554}=AirQuality{aqIndex=28, co=271.201, o3=60.9756, so2=0.566244, no2=1.12457, pm10=11.0, pm25=5.9631, predominantPollenType='Molds', pollenLevelTree=1, pollenLevelWeed=1, PollenLevelGrass=1, PollenLevelMold=1}, City{city='Lajes das flores ', time=1621172407680, latitude=39.37744, longitude=-31.17847}=AirQuality{aqIndex=47, co=315.428, o3=101.566, so2=0.132713, no2=0.304906, pm10=0.503076, pm25=0.422017, predominantPollenType='Molds', pollenLevelTree=0, pollenLevelWeed=0, PollenLevelGrass=0, PollenLevelMold=0}}}</message>
</record>
<record>
  <date>2021-05-16T13:42:53.195648Z</date>
  <millis>1621172573195</millis>
  <nanos>648000</nanos>
  <sequence>33</sequence>
  <logger>ua.deti.airquality_tqs_project</logger>
  <level>INFO</level>
  <class>ua.deti.tqs.airquality_tqs_project.component.AirQualityLogs</class>
  <method>addLog</method>
  <thread>34</thread>
  <message>City with coordinates 40.64427 and -8.64554 already exists in cache</message>
</record>
<record>
  <date>2021-05-16T13:42:53.196046Z</date>
  <millis>1621172573196</millis>
  <nanos>46000</nanos>
  <sequence>34</sequence>
  <logger>ua.deti.airquality_tqs_project</logger>
  <level>INFO</level>
  <class>ua.deti.tqs.airquality_tqs_project.component.AirQualityLogs</class>
  <method>addLog</method>
  <thread>34</thread>
  <message>City with coordinates 40.64427 and -8.64554 already exists in cache</message>
</record>
<record>
  <date>2021-05-16T13:42:53.196376Z</date>
  <millis>1621172573196</millis>
  <nanos>376000</nanos>
  <sequence>35</sequence>
  <logger>ua.deti.airquality_tqs_project</logger>
  <level>INFO</level>
  <class>ua.deti.tqs.airquality_tqs_project.component.AirQualityLogs</class>
  <method>addLog</method>
  <thread>34</thread>
  <message>City with coordinates 40.64427 and -8.64554 already exists in cache</message>
</record>
<record>
  <date>2021-05-16T13:42:53.196603Z</date>
  <millis>1621172573196</millis>
  <nanos>603000</nanos>
  <sequence>36</sequence>
  <logger>ua.deti.airquality_tqs_project</logger>
  <level>INFO</level>
  <class>ua.deti.tqs.airquality_tqs_project.component.AirQualityLogs</class>
  <method>addLog</method>
  <thread>34</thread>
  <message>City was removed successfully</message>
</record>
<record>
  <date>2021-05-16T13:42:53.857611Z</date>
  <millis>1621172573857</millis>
  <nanos>611000</nanos>
  <sequence>37</sequence>
  <logger>ua.deti.airquality_tqs_project</logger>
  <level>INFO</level>
  <class>ua.deti.tqs.airquality_tqs_project.component.AirQualityLogs</class>
  <method>addLog</method>
  <thread>34</thread>
  <message>came from external API</message>
</record>
<record>
  <date>2021-05-16T13:42:53.857942Z</date>
  <millis>1621172573857</millis>
  <nanos>942000</nanos>
  <sequence>38</sequence>
  <logger>ua.deti.airquality_tqs_project</logger>
  <level>INFO</level>
  <class>ua.deti.tqs.airquality_tqs_project.component.AirQualityLogs</class>
  <method>addLog</method>
  <thread>34</thread>
  <message>came from external API because data was outdated</message>
</record>
<record>
  <date>2021-05-16T13:42:53.858220Z</date>
  <millis>1621172573858</millis>
  <nanos>220000</nanos>
  <sequence>39</sequence>
  <logger>ua.deti.airquality_tqs_project</logger>
  <level>INFO</level>
  <class>ua.deti.tqs.airquality_tqs_project.component.AirQualityLogs</class>
  <method>addLog</method>
  <thread>34</thread>
  <message>Number of requests was updated successfully</message>
</record>
<record>
  <date>2021-05-16T13:42:53.858425Z</date>
  <millis>1621172573858</millis>
  <nanos>425000</nanos>
  <sequence>40</sequence>
  <logger>ua.deti.airquality_tqs_project</logger>
  <level>INFO</level>
  <class>ua.deti.tqs.airquality_tqs_project.component.AirQualityLogs</class>
  <method>addLog</method>
  <thread>34</thread>
  <message>Number of misses was updated successfully</message>
</record>
<record>
  <date>2021-05-16T13:42:53.858991Z</date>
  <millis>1621172573858</millis>
  <nanos>991000</nanos>
  <sequence>41</sequence>
  <logger>ua.deti.airquality_tqs_project</logger>
  <level>INFO</level>
  <class>ua.deti.tqs.airquality_tqs_project.component.AirQualityLogs</class>
  <method>addLog</method>
  <thread>34</thread>
  <message>Cache statistics: AirQualityStatistics{countRequests=2, hits=0, misses=2}</message>
</record>
<record>
  <date>2021-05-16T13:43:02.214494Z</date>
  <millis>1621172582214</millis>
  <nanos>494000</nanos>
  <sequence>42</sequence>
  <logger>ua.deti.airquality_tqs_project</logger>
  <level>INFO</level>
  <class>ua.deti.tqs.airquality_tqs_project.component.AirQualityLogs</class>
  <method>addLog</method>
  <thread>36</thread>
  <message>/api/cache endpoint was accessed</message>
</record>
