<?xml version="1.0" encoding="UTF-8" standalone="no"?>
<!DOCTYPE log SYSTEM "logger.dtd">
<log>
<record>
  <date>2021-05-16T15:10:11.609772Z</date>
  <millis>1621177811609</millis>
  <nanos>772000</nanos>
  <sequence>2</sequence>
  <logger>ua.deti.airquality_tqs_project</logger>
  <level>INFO</level>
  <class>ua.deti.tqs.airquality_tqs_project.component.AirQualityLogs</class>
  <method>addLog</method>
  <thread>1</thread>
  <message>Cache at the moment: AirQualityCache{cache={City{city='Aveiro', time=1620483090160, latitude=40.64427, longitude=-8.64554}=AirQuality{aqIndex=12, co=264.5, o3=17.0, so2=4.0, no2=12.0, pm10=13.0, pm25=3.0, predominantPollenType='Molds', pollenLevelTree=1, pollenLevelWeed=1, PollenLevelGrass=1, PollenLevelMold=1}}}</message>
</record>
<record>
  <date>2021-05-16T15:10:11.611806Z</date>
  <millis>1621177811611</millis>
  <nanos>806000</nanos>
  <sequence>3</sequence>
  <logger>ua.deti.airquality_tqs_project</logger>
  <level>INFO</level>
  <class>ua.deti.tqs.airquality_tqs_project.component.AirQualityLogs</class>
  <method>addLog</method>
  <thread>1</thread>
  <message>City with cityname Aveiro already exists in cache</message>
</record>
<record>
  <date>2021-05-16T15:10:11.612774Z</date>
  <millis>1621177811612</millis>
  <nanos>774000</nanos>
  <sequence>4</sequence>
  <logger>ua.deti.airquality_tqs_project</logger>
  <level>INFO</level>
  <class>ua.deti.tqs.airquality_tqs_project.component.AirQualityLogs</class>
  <method>addLog</method>
  <thread>1</thread>
  <message>City with cityname Aveiro already exists in cache</message>
</record>
<record>
  <date>2021-05-16T15:10:11.613687Z</date>
  <millis>1621177811613</millis>
  <nanos>687000</nanos>
  <sequence>5</sequence>
  <logger>ua.deti.airquality_tqs_project</logger>
  <level>INFO</level>
  <class>ua.deti.tqs.airquality_tqs_project.component.AirQualityLogs</class>
  <method>addLog</method>
  <thread>1</thread>
  <message>City with cityname Aveiro already exists in cache</message>
</record>
<record>
  <date>2021-05-16T15:10:11.614644Z</date>
  <millis>1621177811614</millis>
  <nanos>644000</nanos>
  <sequence>6</sequence>
  <logger>ua.deti.airquality_tqs_project</logger>
  <level>INFO</level>
  <class>ua.deti.tqs.airquality_tqs_project.component.AirQualityLogs</class>
  <method>addLog</method>
  <thread>1</thread>
  <message>City was removed successfully</message>
</record>
<record>
  <date>2021-05-16T15:10:12.730255Z</date>
  <millis>1621177812730</millis>
  <nanos>255000</nanos>
  <sequence>7</sequence>
  <logger>ua.deti.airquality_tqs_project</logger>
  <level>INFO</level>
  <class>ua.deti.tqs.airquality_tqs_project.component.AirQualityLogs</class>
  <method>addLog</method>
  <thread>1</thread>
  <message>airqualityresults: {"data":[{"mold_level":1,"aqi":33,"pm10":11.7868,"co":270.784,"o3":72.3302,"predominant_pollen_type":"Molds","so2":0.574626,"pollen_level_tree":1,"pollen_level_weed":1,"no2":14.8,"pm25":4.36956,"pollen_level_grass":1}],"city_name":"Aveiro","lon":"-8.64554","timezone":"Europe\/Lisbon","lat":"40.64427","country_code":"PT","state_code":"02"}
</message>
</record>
<record>
  <date>2021-05-16T15:10:12.737357Z</date>
  <millis>1621177812737</millis>
  <nanos>357000</nanos>
  <sequence>8</sequence>
  <logger>ua.deti.airquality_tqs_project</logger>
  <level>INFO</level>
  <class>ua.deti.tqs.airquality_tqs_project.component.AirQualityLogs</class>
  <method>addLog</method>
  <thread>1</thread>
  <message>came from external API</message>
</record>
<record>
  <date>2021-05-16T15:10:12.737896Z</date>
  <millis>1621177812737</millis>
  <nanos>896000</nanos>
  <sequence>9</sequence>
  <logger>ua.deti.airquality_tqs_project</logger>
  <level>INFO</level>
  <class>ua.deti.tqs.airquality_tqs_project.component.AirQualityLogs</class>
  <method>addLog</method>
  <thread>1</thread>
  <message>came from external API because data was outdated</message>
</record>
<record>
  <date>2021-05-16T15:10:12.738359Z</date>
  <millis>1621177812738</millis>
  <nanos>359000</nanos>
  <sequence>10</sequence>
  <logger>ua.deti.airquality_tqs_project</logger>
  <level>INFO</level>
  <class>ua.deti.tqs.airquality_tqs_project.component.AirQualityLogs</class>
  <method>addLog</method>
  <thread>1</thread>
  <message>Number of requests was updated successfully</message>
</record>
<record>
  <date>2021-05-16T15:10:12.738748Z</date>
  <millis>1621177812738</millis>
  <nanos>748000</nanos>
  <sequence>11</sequence>
  <logger>ua.deti.airquality_tqs_project</logger>
  <level>INFO</level>
  <class>ua.deti.tqs.airquality_tqs_project.component.AirQualityLogs</class>
  <method>addLog</method>
  <thread>1</thread>
  <message>Number of misses was updated successfully</message>
</record>
<record>
  <date>2021-05-16T15:10:12.744479Z</date>
  <millis>1621177812744</millis>
  <nanos>479000</nanos>
  <sequence>12</sequence>
  <logger>ua.deti.airquality_tqs_project</logger>
  <level>INFO</level>
  <class>ua.deti.tqs.airquality_tqs_project.component.AirQualityLogs</class>
  <method>addLog</method>
  <thread>1</thread>
  <message>Cache statistics: AirQualityStatistics{countRequests=1, hits=0, misses=1}</message>
</record>
<record>
  <date>2021-05-16T15:10:15.301558Z</date>
  <millis>1621177815301</millis>
  <nanos>558000</nanos>
  <sequence>14</sequence>
  <logger>ua.deti.airquality_tqs_project</logger>
  <level>INFO</level>
  <class>ua.deti.tqs.airquality_tqs_project.component.AirQualityLogs</class>
  <method>addLog</method>
  <thread>1</thread>
  <message>Cache at the moment: AirQualityCache{cache={City{city='Aveiro', time=1621177812737, latitude=40.64427, longitude=-8.64554}=AirQuality{aqIndex=33, co=270.784, o3=72.3302, so2=0.574626, no2=14.8, pm10=11.7868, pm25=4.36956, predominantPollenType='Molds', pollenLevelTree=1, pollenLevelWeed=1, PollenLevelGrass=1, PollenLevelMold=1}}}</message>
</record>
<record>
  <date>2021-05-16T15:10:15.302710Z</date>
  <millis>1621177815302</millis>
  <nanos>710000</nanos>
  <sequence>15</sequence>
  <logger>ua.deti.airquality_tqs_project</logger>
  <level>INFO</level>
  <class>ua.deti.tqs.airquality_tqs_project.component.AirQualityLogs</class>
  <method>addLog</method>
  <thread>1</thread>
  <message>City with cityname Aveiro already exists in cache</message>
</record>
<record>
  <date>2021-05-16T15:10:15.303666Z</date>
  <millis>1621177815303</millis>
  <nanos>666000</nanos>
  <sequence>16</sequence>
  <logger>ua.deti.airquality_tqs_project</logger>
  <level>INFO</level>
  <class>ua.deti.tqs.airquality_tqs_project.component.AirQualityLogs</class>
  <method>addLog</method>
  <thread>1</thread>
  <message>City with cityname Aveiro already exists in cache</message>
</record>
<record>
  <date>2021-05-16T15:10:15.304555Z</date>
  <millis>1621177815304</millis>
  <nanos>555000</nanos>
  <sequence>17</sequence>
  <logger>ua.deti.airquality_tqs_project</logger>
  <level>INFO</level>
  <class>ua.deti.tqs.airquality_tqs_project.component.AirQualityLogs</class>
  <method>addLog</method>
  <thread>1</thread>
  <message>City with cityname Aveiro already exists in cache</message>
</record>
<record>
  <date>2021-05-16T15:10:15.305519Z</date>
  <millis>1621177815305</millis>
  <nanos>519000</nanos>
  <sequence>18</sequence>
  <logger>ua.deti.airquality_tqs_project</logger>
  <level>INFO</level>
  <class>ua.deti.tqs.airquality_tqs_project.component.AirQualityLogs</class>
  <method>addLog</method>
  <thread>1</thread>
  <message>came from cache</message>
</record>
<record>
  <date>2021-05-16T15:10:15.306374Z</date>
  <millis>1621177815306</millis>
  <nanos>374000</nanos>
  <sequence>19</sequence>
  <logger>ua.deti.airquality_tqs_project</logger>
  <level>INFO</level>
  <class>ua.deti.tqs.airquality_tqs_project.component.AirQualityLogs</class>
  <method>addLog</method>
  <thread>1</thread>
  <message>Number of requests was updated successfully</message>
</record>
<record>
  <date>2021-05-16T15:10:15.307119Z</date>
  <millis>1621177815307</millis>
  <nanos>119000</nanos>
  <sequence>20</sequence>
  <logger>ua.deti.airquality_tqs_project</logger>
  <level>INFO</level>
  <class>ua.deti.tqs.airquality_tqs_project.component.AirQualityLogs</class>
  <method>addLog</method>
  <thread>1</thread>
  <message>Number of hits was updated successfully</message>
</record>
<record>
  <date>2021-05-16T15:10:15.308567Z</date>
  <millis>1621177815308</millis>
  <nanos>567000</nanos>
  <sequence>21</sequence>
  <logger>ua.deti.airquality_tqs_project</logger>
  <level>INFO</level>
  <class>ua.deti.tqs.airquality_tqs_project.component.AirQualityLogs</class>
  <method>addLog</method>
  <thread>1</thread>
  <message>Cache statistics: AirQualityStatistics{countRequests=2, hits=1, misses=1}</message>
</record>
<record>
  <date>2021-05-16T15:10:15.310282Z</date>
  <millis>1621177815310</millis>
  <nanos>282000</nanos>
  <sequence>22</sequence>
  <logger>ua.deti.airquality_tqs_project</logger>
  <level>INFO</level>
  <class>ua.deti.tqs.airquality_tqs_project.component.AirQualityLogs</class>
  <method>addLog</method>
  <thread>1</thread>
  <message>Model And View Not Null Was Created Successfully Aveiro</message>
</record>
<record>
  <date>2021-05-16T15:10:15.311071Z</date>
  <millis>1621177815311</millis>
  <nanos>71000</nanos>
  <sequence>23</sequence>
  <logger>ua.deti.airquality_tqs_project</logger>
  <level>INFO</level>
  <class>ua.deti.tqs.airquality_tqs_project.component.AirQualityLogs</class>
  <method>addLog</method>
  <thread>1</thread>
  <message>Redirected to the results page</message>
</record>
<record>
  <date>2021-05-16T15:10:15.321322Z</date>
  <millis>1621177815321</millis>
  <nanos>322000</nanos>
  <sequence>24</sequence>
  <logger>ua.deti.airquality_tqs_project</logger>
  <level>INFO</level>
  <class>ua.deti.tqs.airquality_tqs_project.component.AirQualityLogs</class>
  <method>addLog</method>
  <thread>1</thread>
  <message>Redirected to the error404 page</message>
</record>
<record>
  <date>2021-05-16T15:10:15.329436Z</date>
  <millis>1621177815329</millis>
  <nanos>436000</nanos>
  <sequence>25</sequence>
  <logger>ua.deti.airquality_tqs_project</logger>
  <level>INFO</level>
  <class>ua.deti.tqs.airquality_tqs_project.component.AirQualityLogs</class>
  <method>addLog</method>
  <thread>1</thread>
  <message>Cache at the moment: AirQualityCache{cache={City{city='Aveiro', time=1621177812737, latitude=40.64427, longitude=-8.64554}=AirQuality{aqIndex=33, co=270.784, o3=72.3302, so2=0.574626, no2=14.8, pm10=11.7868, pm25=4.36956, predominantPollenType='Molds', pollenLevelTree=1, pollenLevelWeed=1, PollenLevelGrass=1, PollenLevelMold=1}}}</message>
</record>
<record>
  <date>2021-05-16T15:10:15.330832Z</date>
  <millis>1621177815330</millis>
  <nanos>832000</nanos>
  <sequence>26</sequence>
  <logger>ua.deti.airquality_tqs_project</logger>
  <level>INFO</level>
  <class>ua.deti.tqs.airquality_tqs_project.component.AirQualityLogs</class>
  <method>addLog</method>
  <thread>1</thread>
  <message>City with cityname 48q3fg849g7f0q does not exist in cache</message>
</record>
<record>
  <date>2021-05-16T15:10:15.591519Z</date>
  <millis>1621177815591</millis>
  <nanos>519000</nanos>
  <sequence>27</sequence>
  <logger>ua.deti.airquality_tqs_project</logger>
  <level>INFO</level>
  <class>ua.deti.tqs.airquality_tqs_project.component.AirQualityLogs</class>
  <method>addLog</method>
  <thread>1</thread>
  <message>Redirected to the error404 page</message>
</record>
<record>
  <date>2021-05-16T15:10:15.600076Z</date>
  <millis>1621177815600</millis>
  <nanos>76000</nanos>
  <sequence>28</sequence>
  <logger>ua.deti.airquality_tqs_project</logger>
  <level>INFO</level>
  <class>ua.deti.tqs.airquality_tqs_project.component.AirQualityLogs</class>
  <method>addLog</method>
  <thread>1</thread>
  <message>Redirected to the empty search page</message>
</record>
<record>
  <date>2021-05-16T15:10:23.357173Z</date>
  <millis>1621177823357</millis>
  <nanos>173000</nanos>
  <sequence>33</sequence>
  <logger>ua.deti.airquality_tqs_project</logger>
  <level>INFO</level>
  <class>ua.deti.tqs.airquality_tqs_project.component.AirQualityLogs</class>
  <method>addLog</method>
  <thread>1</thread>
  <message>City with coordinates 40.64427 and -8.64554 already exists in cache</message>
</record>
<record>
  <date>2021-05-16T15:10:23.360012Z</date>
  <millis>1621177823360</millis>
  <nanos>12000</nanos>
  <sequence>34</sequence>
  <logger>ua.deti.airquality_tqs_project</logger>
  <level>INFO</level>
  <class>ua.deti.tqs.airquality_tqs_project.component.AirQualityLogs</class>
  <method>addLog</method>
  <thread>1</thread>
  <message>City with cityname Aveiro already exists in cache</message>
</record>
<record>
  <date>2021-05-16T15:10:23.370024Z</date>
  <millis>1621177823370</millis>
  <nanos>24000</nanos>
  <sequence>35</sequence>
  <logger>ua.deti.airquality_tqs_project</logger>
  <level>INFO</level>
  <class>ua.deti.tqs.airquality_tqs_project.component.AirQualityLogs</class>
  <method>addLog</method>
  <thread>1</thread>
  <message>City with coordinates 40.71427 and -74.00597 does not exist in cache</message>
</record>
<record>
  <date>2021-05-16T15:10:23.374078Z</date>
  <millis>1621177823374</millis>
  <nanos>78000</nanos>
  <sequence>36</sequence>
  <logger>ua.deti.airquality_tqs_project</logger>
  <level>INFO</level>
  <class>ua.deti.tqs.airquality_tqs_project.component.AirQualityLogs</class>
  <method>addLog</method>
  <thread>1</thread>
  <message>City with coordinates 40.64427 and -8.64554 already exists in cache</message>
</record>
<record>
  <date>2021-05-16T15:10:23.375287Z</date>
  <millis>1621177823375</millis>
  <nanos>287000</nanos>
  <sequence>37</sequence>
  <logger>ua.deti.airquality_tqs_project</logger>
  <level>INFO</level>
  <class>ua.deti.tqs.airquality_tqs_project.component.AirQualityLogs</class>
  <method>addLog</method>
  <thread>1</thread>
  <message>City was removed successfully</message>
</record>
<record>
  <date>2021-05-16T15:10:23.379547Z</date>
  <millis>1621177823379</millis>
  <nanos>547000</nanos>
  <sequence>38</sequence>
  <logger>ua.deti.airquality_tqs_project</logger>
  <level>INFO</level>
  <class>ua.deti.tqs.airquality_tqs_project.component.AirQualityLogs</class>
  <method>addLog</method>
  <thread>1</thread>
  <message>City with cityname Ovar does not exist in cache</message>
</record>
<record>
  <date>2021-05-16T15:10:23.385480Z</date>
  <millis>1621177823385</millis>
  <nanos>480000</nanos>
  <sequence>39</sequence>
  <logger>ua.deti.airquality_tqs_project</logger>
  <level>INFO</level>
  <class>ua.deti.tqs.airquality_tqs_project.component.AirQualityLogs</class>
  <method>addLog</method>
  <thread>1</thread>
  <message>City with coordinates 40.71427 and -74.00597 does not exist in cache</message>
</record>
<record>
  <date>2021-05-16T15:10:23.390576Z</date>
  <millis>1621177823390</millis>
  <nanos>576000</nanos>
  <sequence>40</sequence>
  <logger>ua.deti.airquality_tqs_project</logger>
  <level>INFO</level>
  <class>ua.deti.tqs.airquality_tqs_project.component.AirQualityLogs</class>
  <method>addLog</method>
  <thread>1</thread>
  <message>City with cityname Ovar does not exist in cache</message>
</record>
<record>
  <date>2021-05-16T15:10:23.394036Z</date>
  <millis>1621177823394</millis>
  <nanos>36000</nanos>
  <sequence>41</sequence>
  <logger>ua.deti.airquality_tqs_project</logger>
  <level>INFO</level>
  <class>ua.deti.tqs.airquality_tqs_project.component.AirQualityLogs</class>
  <method>addLog</method>
  <thread>1</thread>
  <message>City with coordinates 40.64427 and -8.64554 already exists in cache</message>
</record>
<record>
  <date>2021-05-16T15:10:23.397873Z</date>
  <millis>1621177823397</millis>
  <nanos>873000</nanos>
  <sequence>42</sequence>
  <logger>ua.deti.airquality_tqs_project</logger>
  <level>INFO</level>
  <class>ua.deti.tqs.airquality_tqs_project.component.AirQualityLogs</class>
  <method>addLog</method>
  <thread>1</thread>
  <message>City with cityname Aveiro already exists in cache</message>
</record>
<record>
  <date>2021-05-16T15:10:23.401723Z</date>
  <millis>1621177823401</millis>
  <nanos>723000</nanos>
  <sequence>43</sequence>
  <logger>ua.deti.airquality_tqs_project</logger>
  <level>INFO</level>
  <class>ua.deti.tqs.airquality_tqs_project.component.AirQualityLogs</class>
  <method>addLog</method>
  <thread>1</thread>
  <message>City with cityname Ovar does not exist in cache</message>
</record>
<record>
  <date>2021-05-16T15:10:23.405432Z</date>
  <millis>1621177823405</millis>
  <nanos>432000</nanos>
  <sequence>44</sequence>
  <logger>ua.deti.airquality_tqs_project</logger>
  <level>INFO</level>
  <class>ua.deti.tqs.airquality_tqs_project.component.AirQualityLogs</class>
  <method>addLog</method>
  <thread>1</thread>
  <message>City with cityname Aveiro already exists in cache</message>
</record>
<record>
  <date>2021-05-16T15:10:23.409312Z</date>
  <millis>1621177823409</millis>
  <nanos>312000</nanos>
  <sequence>45</sequence>
  <logger>ua.deti.airquality_tqs_project</logger>
  <level>INFO</level>
  <class>ua.deti.tqs.airquality_tqs_project.component.AirQualityLogs</class>
  <method>addLog</method>
  <thread>1</thread>
  <message>City with coordinates 40.71427 and -74.00597 does not exist in cache</message>
</record>
<record>
  <date>2021-05-16T15:10:23.413502Z</date>
  <millis>1621177823413</millis>
  <nanos>502000</nanos>
  <sequence>46</sequence>
  <logger>ua.deti.airquality_tqs_project</logger>
  <level>INFO</level>
  <class>ua.deti.tqs.airquality_tqs_project.component.AirQualityLogs</class>
  <method>addLog</method>
  <thread>1</thread>
  <message>City with coordinates 40.64427 and -8.64554 already exists in cache</message>
</record>
<record>
  <date>2021-05-16T15:10:23.418146Z</date>
  <millis>1621177823418</millis>
  <nanos>146000</nanos>
  <sequence>47</sequence>
  <logger>ua.deti.airquality_tqs_project</logger>
  <level>INFO</level>
  <class>ua.deti.tqs.airquality_tqs_project.component.AirQualityLogs</class>
  <method>addLog</method>
  <thread>1</thread>
  <message>City with cityname Aveiro already exists in cache</message>
</record>
<record>
  <date>2021-05-16T15:10:23.419755Z</date>
  <millis>1621177823419</millis>
  <nanos>755000</nanos>
  <sequence>48</sequence>
  <logger>ua.deti.airquality_tqs_project</logger>
  <level>INFO</level>
  <class>ua.deti.tqs.airquality_tqs_project.component.AirQualityLogs</class>
  <method>addLog</method>
  <thread>1</thread>
  <message>City was removed successfully</message>
</record>
<record>
  <date>2021-05-16T15:10:23.428512Z</date>
  <millis>1621177823428</millis>
  <nanos>512000</nanos>
  <sequence>49</sequence>
  <logger>ua.deti.airquality_tqs_project</logger>
  <level>INFO</level>
  <class>ua.deti.tqs.airquality_tqs_project.component.AirQualityLogs</class>
  <method>addLog</method>
  <thread>1</thread>
  <message>City with coordinates 40.64427 and -8.64554 already exists in cache</message>
</record>
<record>
  <date>2021-05-16T15:10:23.433111Z</date>
  <millis>1621177823433</millis>
  <nanos>111000</nanos>
  <sequence>50</sequence>
  <logger>ua.deti.airquality_tqs_project</logger>
  <level>INFO</level>
  <class>ua.deti.tqs.airquality_tqs_project.component.AirQualityLogs</class>
  <method>addLog</method>
  <thread>1</thread>
  <message>City with cityname Aveiro already exists in cache</message>
</record>
</log>
