<?xml version="1.0" encoding="UTF-8" standalone="no"?>
<!DOCTYPE log SYSTEM "logger.dtd">
<log>
<record>
  <date>2021-05-16T13:48:48.500232Z</date>
  <millis>1621172928500</millis>
  <nanos>232000</nanos>
  <sequence>53</sequence>
  <logger>ua.deti.airquality_tqs_project</logger>
  <level>INFO</level>
  <class>ua.deti.tqs.airquality_tqs_project.component.AirQualityLogs</class>
  <method>addLog</method>
  <thread>92</thread>
  <message>/api/dataByCoords endpoint was accessed with parameters 40.0 and -40.0</message>
</record>
<record>
  <date>2021-05-16T13:48:48.501563Z</date>
  <millis>1621172928501</millis>
  <nanos>563000</nanos>
  <sequence>54</sequence>
  <logger>ua.deti.airquality_tqs_project</logger>
  <level>INFO</level>
  <class>ua.deti.tqs.airquality_tqs_project.component.AirQualityLogs</class>
  <method>addLog</method>
  <thread>92</thread>
  <message>Cache at the moment: AirQualityCache{cache={}}</message>
</record>
<record>
  <date>2021-05-16T13:48:48.502623Z</date>
  <millis>1621172928502</millis>
  <nanos>623000</nanos>
  <sequence>55</sequence>
  <logger>ua.deti.airquality_tqs_project</logger>
  <level>INFO</level>
  <class>ua.deti.tqs.airquality_tqs_project.component.AirQualityLogs</class>
  <method>addLog</method>
  <thread>92</thread>
  <message>City with coordinates 40.0 and -40.0 does not exist in cache</message>
</record>
<record>
  <date>2021-05-16T13:48:49.707198Z</date>
  <millis>1621172929707</millis>
  <nanos>198000</nanos>
  <sequence>56</sequence>
  <logger>ua.deti.airquality_tqs_project</logger>
  <level>INFO</level>
  <class>ua.deti.tqs.airquality_tqs_project.component.AirQualityLogs</class>
  <method>addLog</method>
  <thread>92</thread>
  <message>came from external API</message>
</record>
<record>
  <date>2021-05-16T13:48:50.599049Z</date>
  <millis>1621172930599</millis>
  <nanos>49000</nanos>
  <sequence>57</sequence>
  <logger>ua.deti.airquality_tqs_project</logger>
  <level>INFO</level>
  <class>ua.deti.tqs.airquality_tqs_project.component.AirQualityLogs</class>
  <method>addLog</method>
  <thread>93</thread>
  <message>/api/data endpoint was accessed with parameter </message>
</record>
<record>
  <date>2021-05-16T13:48:50.630366Z</date>
  <millis>1621172930630</millis>
  <nanos>366000</nanos>
  <sequence>58</sequence>
  <logger>ua.deti.airquality_tqs_project</logger>
  <level>INFO</level>
  <class>ua.deti.tqs.airquality_tqs_project.component.AirQualityLogs</class>
  <method>addLog</method>
  <thread>94</thread>
  <message>/api/data endpoint was accessed with parameter Aveiro</message>
</record>
<record>
  <date>2021-05-16T13:48:50.633376Z</date>
  <millis>1621172930633</millis>
  <nanos>376000</nanos>
  <sequence>59</sequence>
  <logger>ua.deti.airquality_tqs_project</logger>
  <level>INFO</level>
  <class>ua.deti.tqs.airquality_tqs_project.component.AirQualityLogs</class>
  <method>addLog</method>
  <thread>94</thread>
  <message>Cache at the moment: AirQualityCache{cache={City{city='Lajes das Flores', time=1621172929706, latitude=40.0, longitude=-40.0}=AirQuality{aqIndex=48, co=298.321, o3=103.712, so2=0.362284, no2=0.23027, pm10=3.41696, pm25=1.0965, predominantPollenType='Molds', pollenLevelTree=0, pollenLevelWeed=0, PollenLevelGrass=0, PollenLevelMold=0}}}</message>
</record>
<record>
  <date>2021-05-16T13:48:50.635002Z</date>
  <millis>1621172930635</millis>
  <nanos>2000</nanos>
  <sequence>60</sequence>
  <logger>ua.deti.airquality_tqs_project</logger>
  <level>INFO</level>
  <class>ua.deti.tqs.airquality_tqs_project.component.AirQualityLogs</class>
  <method>addLog</method>
  <thread>94</thread>
  <message>City with cityname Aveiro does not exist in cache</message>
</record>
<record>
  <date>2021-05-16T13:48:50.880206Z</date>
  <millis>1621172930880</millis>
  <nanos>206000</nanos>
  <sequence>61</sequence>
  <logger>ua.deti.airquality_tqs_project</logger>
  <level>INFO</level>
  <class>ua.deti.tqs.airquality_tqs_project.component.AirQualityLogs</class>
  <method>addLog</method>
  <thread>94</thread>
  <message>airqualityresults: {"data":[{"mold_level":1,"aqi":28,"pm10":11,"co":271.201,"o3":60.9756,"predominant_pollen_type":"Molds","so2":0.566244,"pollen_level_tree":1,"pollen_level_weed":1,"no2":1.12457,"pm25":5.9631,"pollen_level_grass":1}],"city_name":"Aveiro","lon":"-8.64554","timezone":"Europe\/Lisbon","lat":"40.64427","country_code":"PT","state_code":"02"}
</message>
</record>
<record>
  <date>2021-05-16T13:48:50.880835Z</date>
  <millis>1621172930880</millis>
  <nanos>835000</nanos>
  <sequence>62</sequence>
  <logger>ua.deti.airquality_tqs_project</logger>
  <level>INFO</level>
  <class>ua.deti.tqs.airquality_tqs_project.component.AirQualityLogs</class>
  <method>addLog</method>
  <thread>94</thread>
  <message>came from external API</message>
</record>
<record>
  <date>2021-05-16T13:48:50.934384Z</date>
  <millis>1621172930934</millis>
  <nanos>384000</nanos>
  <sequence>63</sequence>
  <logger>ua.deti.airquality_tqs_project</logger>
  <level>INFO</level>
  <class>ua.deti.tqs.airquality_tqs_project.component.AirQualityLogs</class>
  <method>addLog</method>
  <thread>95</thread>
  <message>Redirected to the homepage</message>
</record>
<record>
  <date>2021-05-16T13:48:50.985774Z</date>
  <millis>1621172930985</millis>
  <nanos>774000</nanos>
  <sequence>64</sequence>
  <logger>ua.deti.airquality_tqs_project</logger>
  <level>INFO</level>
  <class>ua.deti.tqs.airquality_tqs_project.component.AirQualityLogs</class>
  <method>addLog</method>
  <thread>96</thread>
  <message>/api/data endpoint was accessed with parameter 12345</message>
</record>
<record>
  <date>2021-05-16T13:48:50.986722Z</date>
  <millis>1621172930986</millis>
  <nanos>722000</nanos>
  <sequence>65</sequence>
  <logger>ua.deti.airquality_tqs_project</logger>
  <level>INFO</level>
  <class>ua.deti.tqs.airquality_tqs_project.component.AirQualityLogs</class>
  <method>addLog</method>
  <thread>96</thread>
  <message>Cache at the moment: AirQualityCache{cache={City{city='Lajes das Flores', time=1621172929706, latitude=40.0, longitude=-40.0}=AirQuality{aqIndex=48, co=298.321, o3=103.712, so2=0.362284, no2=0.23027, pm10=3.41696, pm25=1.0965, predominantPollenType='Molds', pollenLevelTree=0, pollenLevelWeed=0, PollenLevelGrass=0, PollenLevelMold=0}, City{city='Aveiro', time=1621172930880, latitude=40.64427, longitude=-8.64554}=AirQuality{aqIndex=28, co=271.201, o3=60.9756, so2=0.566244, no2=1.12457, pm10=11.0, pm25=5.9631, predominantPollenType='Molds', pollenLevelTree=1, pollenLevelWeed=1, PollenLevelGrass=1, PollenLevelMold=1}}}</message>
</record>
<record>
  <date>2021-05-16T13:48:50.987203Z</date>
  <millis>1621172930987</millis>
  <nanos>203000</nanos>
  <sequence>66</sequence>
  <logger>ua.deti.airquality_tqs_project</logger>
  <level>INFO</level>
  <class>ua.deti.tqs.airquality_tqs_project.component.AirQualityLogs</class>
  <method>addLog</method>
  <thread>96</thread>
  <message>City with cityname 12345 does not exist in cache</message>
</record>
<record>
  <date>2021-05-16T13:49:01.351869Z</date>
  <millis>1621172941351</millis>
  <nanos>869000</nanos>
  <sequence>67</sequence>
  <logger>ua.deti.airquality_tqs_project</logger>
  <level>INFO</level>
  <class>ua.deti.tqs.airquality_tqs_project.component.AirQualityLogs</class>
  <method>addLog</method>
  <thread>101</thread>
  <message>Redirected to the homepage</message>
</record>
<record>
  <date>2021-05-16T13:49:02.052691Z</date>
  <millis>1621172942052</millis>
  <nanos>691000</nanos>
  <sequence>68</sequence>
  <logger>ua.deti.airquality_tqs_project</logger>
  <level>INFO</level>
  <class>ua.deti.tqs.airquality_tqs_project.component.AirQualityLogs</class>
  <method>addLog</method>
  <thread>97</thread>
  <message>Cache at the moment: AirQualityCache{cache={City{city='Lajes das Flores', time=1621172929706, latitude=40.0, longitude=-40.0}=AirQuality{aqIndex=48, co=298.321, o3=103.712, so2=0.362284, no2=0.23027, pm10=3.41696, pm25=1.0965, predominantPollenType='Molds', pollenLevelTree=0, pollenLevelWeed=0, PollenLevelGrass=0, PollenLevelMold=0}, City{city='Aveiro', time=1621172930880, latitude=40.64427, longitude=-8.64554}=AirQuality{aqIndex=28, co=271.201, o3=60.9756, so2=0.566244, no2=1.12457, pm10=11.0, pm25=5.9631, predominantPollenType='Molds', pollenLevelTree=1, pollenLevelWeed=1, PollenLevelGrass=1, PollenLevelMold=1}}}</message>
</record>
<record>
  <date>2021-05-16T13:49:02.053148Z</date>
  <millis>1621172942053</millis>
  <nanos>148000</nanos>
  <sequence>69</sequence>
  <logger>ua.deti.airquality_tqs_project</logger>
  <level>INFO</level>
  <class>ua.deti.tqs.airquality_tqs_project.component.AirQualityLogs</class>
  <method>addLog</method>
  <thread>97</thread>
  <message>City with cityname Aveiro  does not exist in cache</message>
</record>
<record>
  <date>2021-05-16T13:49:02.589317Z</date>
  <millis>1621172942589</millis>
  <nanos>317000</nanos>
  <sequence>70</sequence>
  <logger>ua.deti.airquality_tqs_project</logger>
  <level>INFO</level>
  <class>ua.deti.tqs.airquality_tqs_project.component.AirQualityLogs</class>
  <method>addLog</method>
  <thread>97</thread>
  <message>airqualityresults: {"data":[{"mold_level":1,"aqi":28,"pm10":11,"co":271.201,"o3":60.9756,"predominant_pollen_type":"Molds","so2":0.566244,"pollen_level_tree":1,"pollen_level_weed":1,"no2":1.12457,"pm25":5.9631,"pollen_level_grass":1}],"city_name":"Aveiro","lon":"-8.64554","timezone":"Europe\/Lisbon","lat":"40.64427","country_code":"PT","state_code":"02"}
</message>
</record>
<record>
  <date>2021-05-16T13:49:02.589752Z</date>
  <millis>1621172942589</millis>
  <nanos>752000</nanos>
  <sequence>71</sequence>
  <logger>ua.deti.airquality_tqs_project</logger>
  <level>INFO</level>
  <class>ua.deti.tqs.airquality_tqs_project.component.AirQualityLogs</class>
  <method>addLog</method>
  <thread>97</thread>
  <message>came from external API</message>
</record>
<record>
  <date>2021-05-16T13:49:02.590420Z</date>
  <millis>1621172942590</millis>
  <nanos>420000</nanos>
  <sequence>72</sequence>
  <logger>ua.deti.airquality_tqs_project</logger>
  <level>INFO</level>
  <class>ua.deti.tqs.airquality_tqs_project.component.AirQualityLogs</class>
  <method>addLog</method>
  <thread>97</thread>
  <message>Model And View Not Null Was Created Successfully Aveiro </message>
</record>
<record>
  <date>2021-05-16T13:49:02.590672Z</date>
  <millis>1621172942590</millis>
  <nanos>672000</nanos>
  <sequence>73</sequence>
  <logger>ua.deti.airquality_tqs_project</logger>
  <level>INFO</level>
  <class>ua.deti.tqs.airquality_tqs_project.component.AirQualityLogs</class>
  <method>addLog</method>
  <thread>97</thread>
  <message>Redirected to the results page</message>
</record>
<record>
  <date>2021-05-16T13:49:05.673015Z</date>
  <millis>1621172945673</millis>
  <nanos>15000</nanos>
  <sequence>74</sequence>
  <logger>ua.deti.airquality_tqs_project</logger>
  <level>INFO</level>
  <class>ua.deti.tqs.airquality_tqs_project.component.AirQualityLogs</class>
  <method>addLog</method>
  <thread>101</thread>
  <message>Redirected to the homepage</message>
</record>
<record>
  <date>2021-05-16T13:49:06.365261Z</date>
  <millis>1621172946365</millis>
  <nanos>261000</nanos>
  <sequence>75</sequence>
  <logger>ua.deti.airquality_tqs_project</logger>
  <level>INFO</level>
  <class>ua.deti.tqs.airquality_tqs_project.component.AirQualityLogs</class>
  <method>addLog</method>
  <thread>97</thread>
  <message>Cache at the moment: AirQualityCache{cache={City{city='Aveiro ', time=1621172942589, latitude=40.64427, longitude=-8.64554}=AirQuality{aqIndex=28, co=271.201, o3=60.9756, so2=0.566244, no2=1.12457, pm10=11.0, pm25=5.9631, predominantPollenType='Molds', pollenLevelTree=1, pollenLevelWeed=1, PollenLevelGrass=1, PollenLevelMold=1}, City{city='Lajes das Flores', time=1621172929706, latitude=40.0, longitude=-40.0}=AirQuality{aqIndex=48, co=298.321, o3=103.712, so2=0.362284, no2=0.23027, pm10=3.41696, pm25=1.0965, predominantPollenType='Molds', pollenLevelTree=0, pollenLevelWeed=0, PollenLevelGrass=0, PollenLevelMold=0}, City{city='Aveiro', time=1621172930880, latitude=40.64427, longitude=-8.64554}=AirQuality{aqIndex=28, co=271.201, o3=60.9756, so2=0.566244, no2=1.12457, pm10=11.0, pm25=5.9631, predominantPollenType='Molds', pollenLevelTree=1, pollenLevelWeed=1, PollenLevelGrass=1, PollenLevelMold=1}}}</message>
</record>
<record>
  <date>2021-05-16T13:49:06.366156Z</date>
  <millis>1621172946366</millis>
  <nanos>156000</nanos>
  <sequence>76</sequence>
  <logger>ua.deti.airquality_tqs_project</logger>
  <level>INFO</level>
  <class>ua.deti.tqs.airquality_tqs_project.component.AirQualityLogs</class>
  <method>addLog</method>
  <thread>97</thread>
  <message>City with cityname Aveiro  already exists in cache</message>
</record>
<record>
  <date>2021-05-16T13:49:06.366708Z</date>
  <millis>1621172946366</millis>
  <nanos>708000</nanos>
  <sequence>77</sequence>
  <logger>ua.deti.airquality_tqs_project</logger>
  <level>INFO</level>
  <class>ua.deti.tqs.airquality_tqs_project.component.AirQualityLogs</class>
  <method>addLog</method>
  <thread>97</thread>
  <message>City with cityname Aveiro  already exists in cache</message>
</record>
<record>
  <date>2021-05-16T13:49:06.367033Z</date>
  <millis>1621172946367</millis>
  <nanos>33000</nanos>
  <sequence>78</sequence>
  <logger>ua.deti.airquality_tqs_project</logger>
  <level>INFO</level>
  <class>ua.deti.tqs.airquality_tqs_project.component.AirQualityLogs</class>
  <method>addLog</method>
  <thread>97</thread>
  <message>City with cityname Aveiro  already exists in cache</message>
</record>
<record>
  <date>2021-05-16T13:49:06.367352Z</date>
  <millis>1621172946367</millis>
  <nanos>352000</nanos>
  <sequence>79</sequence>
  <logger>ua.deti.airquality_tqs_project</logger>
  <level>INFO</level>
  <class>ua.deti.tqs.airquality_tqs_project.component.AirQualityLogs</class>
  <method>addLog</method>
  <thread>97</thread>
  <message>came from cache</message>
</record>
<record>
  <date>2021-05-16T13:49:06.367642Z</date>
  <millis>1621172946367</millis>
  <nanos>642000</nanos>
  <sequence>80</sequence>
  <logger>ua.deti.airquality_tqs_project</logger>
  <level>INFO</level>
  <class>ua.deti.tqs.airquality_tqs_project.component.AirQualityLogs</class>
  <method>addLog</method>
  <thread>97</thread>
  <message>Number of requests was updated successfully</message>
</record>
<record>
  <date>2021-05-16T13:49:06.367891Z</date>
  <millis>1621172946367</millis>
  <nanos>891000</nanos>
  <sequence>81</sequence>
  <logger>ua.deti.airquality_tqs_project</logger>
  <level>INFO</level>
  <class>ua.deti.tqs.airquality_tqs_project.component.AirQualityLogs</class>
  <method>addLog</method>
  <thread>97</thread>
  <message>Number of hits was updated successfully</message>
</record>
<record>
  <date>2021-05-16T13:49:06.368876Z</date>
  <millis>1621172946368</millis>
  <nanos>876000</nanos>
  <sequence>82</sequence>
  <logger>ua.deti.airquality_tqs_project</logger>
  <level>INFO</level>
  <class>ua.deti.tqs.airquality_tqs_project.component.AirQualityLogs</class>
  <method>addLog</method>
  <thread>97</thread>
  <message>Cache statistics: AirQualityStatistics{countRequests=1, hits=1, misses=0}</message>
</record>
<record>
  <date>2021-05-16T13:49:06.369268Z</date>
  <millis>1621172946369</millis>
  <nanos>268000</nanos>
  <sequence>83</sequence>
  <logger>ua.deti.airquality_tqs_project</logger>
  <level>INFO</level>
  <class>ua.deti.tqs.airquality_tqs_project.component.AirQualityLogs</class>
  <method>addLog</method>
  <thread>97</thread>
  <message>Model And View Not Null Was Created Successfully Aveiro </message>
</record>
<record>
  <date>2021-05-16T13:49:06.369496Z</date>
  <millis>1621172946369</millis>
  <nanos>496000</nanos>
  <sequence>84</sequence>
  <logger>ua.deti.airquality_tqs_project</logger>
  <level>INFO</level>
  <class>ua.deti.tqs.airquality_tqs_project.component.AirQualityLogs</class>
  <method>addLog</method>
  <thread>97</thread>
  <message>Redirected to the results page</message>
</record>
<record>
  <date>2021-05-16T13:49:07.182082Z</date>
  <millis>1621172947182</millis>
  <nanos>82000</nanos>
  <sequence>85</sequence>
  <logger>ua.deti.airquality_tqs_project</logger>
  <level>INFO</level>
  <class>ua.deti.tqs.airquality_tqs_project.component.AirQualityLogs</class>
  <method>addLog</method>
  <thread>101</thread>
  <message>Redirected to the homepage</message>
</record>
<record>
  <date>2021-05-16T13:49:07.876341Z</date>
  <millis>1621172947876</millis>
  <nanos>341000</nanos>
  <sequence>86</sequence>
  <logger>ua.deti.airquality_tqs_project</logger>
  <level>INFO</level>
  <class>ua.deti.tqs.airquality_tqs_project.component.AirQualityLogs</class>
  <method>addLog</method>
  <thread>97</thread>
  <message>Redirected to the error404 page</message>
</record>
<record>
  <date>2021-05-16T13:49:08.606286Z</date>
  <millis>1621172948606</millis>
  <nanos>286000</nanos>
  <sequence>87</sequence>
  <logger>ua.deti.airquality_tqs_project</logger>
  <level>INFO</level>
  <class>ua.deti.tqs.airquality_tqs_project.component.AirQualityLogs</class>
  <method>addLog</method>
  <thread>99</thread>
  <message>Redirected to the homepage</message>
</record>
<record>
  <date>2021-05-16T13:49:09.256372Z</date>
  <millis>1621172949256</millis>
  <nanos>372000</nanos>
  <sequence>88</sequence>
  <logger>ua.deti.airquality_tqs_project</logger>
  <level>INFO</level>
  <class>ua.deti.tqs.airquality_tqs_project.component.AirQualityLogs</class>
  <method>addLog</method>
  <thread>96</thread>
  <message>Cache at the moment: AirQualityCache{cache={City{city='Aveiro ', time=1621172942589, latitude=40.64427, longitude=-8.64554}=AirQuality{aqIndex=28, co=271.201, o3=60.9756, so2=0.566244, no2=1.12457, pm10=11.0, pm25=5.9631, predominantPollenType='Molds', pollenLevelTree=1, pollenLevelWeed=1, PollenLevelGrass=1, PollenLevelMold=1}, City{city='Lajes das Flores', time=1621172929706, latitude=40.0, longitude=-40.0}=AirQuality{aqIndex=48, co=298.321, o3=103.712, so2=0.362284, no2=0.23027, pm10=3.41696, pm25=1.0965, predominantPollenType='Molds', pollenLevelTree=0, pollenLevelWeed=0, PollenLevelGrass=0, PollenLevelMold=0}, City{city='Aveiro', time=1621172930880, latitude=40.64427, longitude=-8.64554}=AirQuality{aqIndex=28, co=271.201, o3=60.9756, so2=0.566244, no2=1.12457, pm10=11.0, pm25=5.9631, predominantPollenType='Molds', pollenLevelTree=1, pollenLevelWeed=1, PollenLevelGrass=1, PollenLevelMold=1}}}</message>
</record>
<record>
  <date>2021-05-16T13:49:09.256822Z</date>
  <millis>1621172949256</millis>
  <nanos>822000</nanos>
  <sequence>89</sequence>
  <logger>ua.deti.airquality_tqs_project</logger>
  <level>INFO</level>
  <class>ua.deti.tqs.airquality_tqs_project.component.AirQualityLogs</class>
  <method>addLog</method>
  <thread>96</thread>
  <message>City with cityname Deywuviq632vye  does not exist in cache</message>
</record>
<record>
  <date>2021-05-16T13:49:09.711250Z</date>
  <millis>1621172949711</millis>
  <nanos>250000</nanos>
  <sequence>90</sequence>
  <logger>ua.deti.airquality_tqs_project</logger>
  <level>INFO</level>
  <class>ua.deti.tqs.airquality_tqs_project.component.AirQualityLogs</class>
  <method>addLog</method>
  <thread>96</thread>
  <message>Redirected to the error404 page</message>
</record>
<record>
  <date>2021-05-16T13:49:10.322874Z</date>
  <millis>1621172950322</millis>
  <nanos>874000</nanos>
  <sequence>91</sequence>
  <logger>ua.deti.airquality_tqs_project</logger>
  <level>INFO</level>
  <class>ua.deti.tqs.airquality_tqs_project.component.AirQualityLogs</class>
  <method>addLog</method>
  <thread>100</thread>
  <message>Redirected to the homepage</message>
</record>
<record>
  <date>2021-05-16T13:49:10.824195Z</date>
  <millis>1621172950824</millis>
  <nanos>195000</nanos>
  <sequence>92</sequence>
  <logger>ua.deti.airquality_tqs_project</logger>
  <level>INFO</level>
  <class>ua.deti.tqs.airquality_tqs_project.component.AirQualityLogs</class>
  <method>addLog</method>
  <thread>94</thread>
  <message>Redirected to the empty search page</message>
</record>
</log>
