<?xml version="1.0" encoding="UTF-8" standalone="no"?>
<!DOCTYPE log SYSTEM "logger.dtd">
<log>
<record>
  <date>2021-05-16T13:37:45.962004Z</date>
  <millis>1621172265962</millis>
  <nanos>4000</nanos>
  <sequence>4</sequence>
  <logger>ua.deti.airquality_tqs_project</logger>
  <level>INFO</level>
  <class>ua.deti.tqs.airquality_tqs_project.component.AirQualityLogs</class>
  <method>addLog</method>
  <thread>33</thread>
  <message>Cache at the moment: AirQualityCache{cache={}}</message>
</record>
<record>
  <date>2021-05-16T13:37:45.968308Z</date>
  <millis>1621172265968</millis>
  <nanos>308000</nanos>
  <sequence>5</sequence>
  <logger>ua.deti.airquality_tqs_project</logger>
  <level>INFO</level>
  <class>ua.deti.tqs.airquality_tqs_project.component.AirQualityLogs</class>
  <method>addLog</method>
  <thread>33</thread>
  <message>City with coordinates 40.0 and -40.0 does not exist in cache</message>
</record>
<record>
  <date>2021-05-16T13:37:46.970529Z</date>
  <millis>1621172266970</millis>
  <nanos>529000</nanos>
  <sequence>6</sequence>
  <logger>ua.deti.airquality_tqs_project</logger>
  <level>INFO</level>
  <class>ua.deti.tqs.airquality_tqs_project.component.AirQualityLogs</class>
  <method>addLog</method>
  <thread>33</thread>
  <message>came from external API</message>
</record>
<record>
  <date>2021-05-16T13:37:46.972944Z</date>
  <millis>1621172266972</millis>
  <nanos>944000</nanos>
  <sequence>7</sequence>
  <logger>ua.deti.airquality_tqs_project</logger>
  <level>INFO</level>
  <class>ua.deti.tqs.airquality_tqs_project.component.AirQualityLogs</class>
  <method>addLog</method>
  <thread>33</thread>
  <message>City with coordinates 40.0 and -40.0 already exists in cache</message>
</record>
<record>
  <date>2021-05-16T13:37:46.978628Z</date>
  <millis>1621172266978</millis>
  <nanos>628000</nanos>
  <sequence>8</sequence>
  <logger>ua.deti.airquality_tqs_project</logger>
  <level>INFO</level>
  <class>ua.deti.tqs.airquality_tqs_project.component.AirQualityLogs</class>
  <method>addLog</method>
  <thread>33</thread>
  <message>Model And View Not Null Was Created Successfully with parameters 40.0 and -40.0</message>
</record>
<record>
  <date>2021-05-16T13:37:46.979491Z</date>
  <millis>1621172266979</millis>
  <nanos>491000</nanos>
  <sequence>9</sequence>
  <logger>ua.deti.airquality_tqs_project</logger>
  <level>INFO</level>
  <class>ua.deti.tqs.airquality_tqs_project.component.AirQualityLogs</class>
  <method>addLog</method>
  <thread>33</thread>
  <message>Redirected to the results page</message>
</record>
<record>
  <date>2021-05-16T13:37:49.402836Z</date>
  <millis>1621172269402</millis>
  <nanos>836000</nanos>
  <sequence>10</sequence>
  <logger>ua.deti.airquality_tqs_project</logger>
  <level>INFO</level>
  <class>ua.deti.tqs.airquality_tqs_project.component.AirQualityLogs</class>
  <method>addLog</method>
  <thread>34</thread>
  <message>Redirected to the homepage</message>
</record>
<record>
  <date>2021-05-16T13:37:53.793608Z</date>
  <millis>1621172273793</millis>
  <nanos>608000</nanos>
  <sequence>11</sequence>
  <logger>ua.deti.airquality_tqs_project</logger>
  <level>INFO</level>
  <class>ua.deti.tqs.airquality_tqs_project.component.AirQualityLogs</class>
  <method>addLog</method>
  <thread>35</thread>
  <message>/api/stats endpoint was accessed</message>
</record>
<record>
  <date>2021-05-16T13:37:59.027517Z</date>
  <millis>1621172279027</millis>
  <nanos>517000</nanos>
  <sequence>12</sequence>
  <logger>ua.deti.airquality_tqs_project</logger>
  <level>INFO</level>
  <class>ua.deti.tqs.airquality_tqs_project.component.AirQualityLogs</class>
  <method>addLog</method>
  <thread>36</thread>
  <message>/api/cache endpoint was accessed</message>
</record>
</log>
