<?xml version="1.0" encoding="UTF-8" standalone="no"?>
<!DOCTYPE log SYSTEM "logger.dtd">
<log>
<record>
  <date>2021-05-16T14:57:38.524210Z</date>
  <millis>1621177058524</millis>
  <nanos>210000</nanos>
  <sequence>2</sequence>
  <logger>ua.deti.airquality_tqs_project</logger>
  <level>INFO</level>
  <class>ua.deti.tqs.airquality_tqs_project.component.AirQualityLogs</class>
  <method>addLog</method>
  <thread>1</thread>
  <message>Cache at the moment: AirQualityCache{cache={City{city='Aveiro', time=1620483090160, latitude=40.64427, longitude=-8.64554}=AirQuality{aqIndex=12, co=264.5, o3=17.0, so2=4.0, no2=12.0, pm10=13.0, pm25=3.0, predominantPollenType='Molds', pollenLevelTree=1, pollenLevelWeed=1, PollenLevelGrass=1, PollenLevelMold=1}}}</message>
</record>
<record>
  <date>2021-05-16T14:57:39.571854Z</date>
  <millis>1621177059571</millis>
  <nanos>854000</nanos>
  <sequence>3</sequence>
  <logger>ua.deti.airquality_tqs_project</logger>
  <level>INFO</level>
  <class>ua.deti.tqs.airquality_tqs_project.component.AirQualityLogs</class>
  <method>addLog</method>
  <thread>1</thread>
  <message>airqualityresults: {"data":[{"mold_level":1,"aqi":33,"pm10":11.7868,"co":270.784,"o3":72.3302,"predominant_pollen_type":"Molds","so2":0.574626,"pollen_level_tree":1,"pollen_level_weed":1,"no2":14.8,"pm25":4.36956,"pollen_level_grass":1}],"city_name":"Aveiro","lon":"-8.64554","timezone":"Europe\/Lisbon","lat":"40.64427","country_code":"PT","state_code":"02"}
</message>
</record>
<record>
  <date>2021-05-16T14:57:39.588306Z</date>
  <millis>1621177059588</millis>
  <nanos>306000</nanos>
  <sequence>4</sequence>
  <logger>ua.deti.airquality_tqs_project</logger>
  <level>INFO</level>
  <class>ua.deti.tqs.airquality_tqs_project.component.AirQualityLogs</class>
  <method>addLog</method>
  <thread>1</thread>
  <message>came from external API</message>
</record>
<record>
  <date>2021-05-16T14:57:39.589338Z</date>
  <millis>1621177059589</millis>
  <nanos>338000</nanos>
  <sequence>5</sequence>
  <logger>ua.deti.airquality_tqs_project</logger>
  <level>INFO</level>
  <class>ua.deti.tqs.airquality_tqs_project.component.AirQualityLogs</class>
  <method>addLog</method>
  <thread>1</thread>
  <message>came from external API because data was outdated</message>
</record>
<record>
  <date>2021-05-16T14:57:39.599057Z</date>
  <millis>1621177059599</millis>
  <nanos>57000</nanos>
  <sequence>6</sequence>
  <logger>ua.deti.airquality_tqs_project</logger>
  <level>INFO</level>
  <class>ua.deti.tqs.airquality_tqs_project.component.AirQualityLogs</class>
  <method>addLog</method>
  <thread>1</thread>
  <message>Cache statistics: AirQualityStatistics{countRequests=1, hits=0, misses=1}</message>
</record>
<record>
  <date>2021-05-16T14:57:43.171073Z</date>
  <millis>1621177063171</millis>
  <nanos>73000</nanos>
  <sequence>8</sequence>
  <logger>ua.deti.airquality_tqs_project</logger>
  <level>INFO</level>
  <class>ua.deti.tqs.airquality_tqs_project.component.AirQualityLogs</class>
  <method>addLog</method>
  <thread>1</thread>
  <message>Cache at the moment: AirQualityCache{cache={City{city='Aveiro', time=1621177059587, latitude=40.64427, longitude=-8.64554}=AirQuality{aqIndex=33, co=270.784, o3=72.3302, so2=0.574626, no2=14.8, pm10=11.7868, pm25=4.36956, predominantPollenType='Molds', pollenLevelTree=1, pollenLevelWeed=1, PollenLevelGrass=1, PollenLevelMold=1}}}</message>
</record>
<record>
  <date>2021-05-16T14:57:43.172894Z</date>
  <millis>1621177063172</millis>
  <nanos>894000</nanos>
  <sequence>9</sequence>
  <logger>ua.deti.airquality_tqs_project</logger>
  <level>INFO</level>
  <class>ua.deti.tqs.airquality_tqs_project.component.AirQualityLogs</class>
  <method>addLog</method>
  <thread>1</thread>
  <message>came from cache</message>
</record>
<record>
  <date>2021-05-16T14:57:43.174577Z</date>
  <millis>1621177063174</millis>
  <nanos>577000</nanos>
  <sequence>10</sequence>
  <logger>ua.deti.airquality_tqs_project</logger>
  <level>INFO</level>
  <class>ua.deti.tqs.airquality_tqs_project.component.AirQualityLogs</class>
  <method>addLog</method>
  <thread>1</thread>
  <message>Cache statistics: AirQualityStatistics{countRequests=2, hits=1, misses=1}</message>
</record>
<record>
  <date>2021-05-16T14:57:43.176056Z</date>
  <millis>1621177063176</millis>
  <nanos>56000</nanos>
  <sequence>11</sequence>
  <logger>ua.deti.airquality_tqs_project</logger>
  <level>INFO</level>
  <class>ua.deti.tqs.airquality_tqs_project.component.AirQualityLogs</class>
  <method>addLog</method>
  <thread>1</thread>
  <message>Model And View Not Null Was Created Successfully Aveiro</message>
</record>
<record>
  <date>2021-05-16T14:57:43.176727Z</date>
  <millis>1621177063176</millis>
  <nanos>727000</nanos>
  <sequence>12</sequence>
  <logger>ua.deti.airquality_tqs_project</logger>
  <level>INFO</level>
  <class>ua.deti.tqs.airquality_tqs_project.component.AirQualityLogs</class>
  <method>addLog</method>
  <thread>1</thread>
  <message>Redirected to the results page</message>
</record>
<record>
  <date>2021-05-16T14:57:43.187028Z</date>
  <millis>1621177063187</millis>
  <nanos>28000</nanos>
  <sequence>13</sequence>
  <logger>ua.deti.airquality_tqs_project</logger>
  <level>INFO</level>
  <class>ua.deti.tqs.airquality_tqs_project.component.AirQualityLogs</class>
  <method>addLog</method>
  <thread>1</thread>
  <message>Redirected to the error404 page</message>
</record>
<record>
  <date>2021-05-16T14:57:43.195233Z</date>
  <millis>1621177063195</millis>
  <nanos>233000</nanos>
  <sequence>14</sequence>
  <logger>ua.deti.airquality_tqs_project</logger>
  <level>INFO</level>
  <class>ua.deti.tqs.airquality_tqs_project.component.AirQualityLogs</class>
  <method>addLog</method>
  <thread>1</thread>
  <message>Cache at the moment: AirQualityCache{cache={City{city='Aveiro', time=1621177059587, latitude=40.64427, longitude=-8.64554}=AirQuality{aqIndex=33, co=270.784, o3=72.3302, so2=0.574626, no2=14.8, pm10=11.7868, pm25=4.36956, predominantPollenType='Molds', pollenLevelTree=1, pollenLevelWeed=1, PollenLevelGrass=1, PollenLevelMold=1}}}</message>
</record>
<record>
  <date>2021-05-16T14:57:43.323718Z</date>
  <millis>1621177063323</millis>
  <nanos>718000</nanos>
  <sequence>15</sequence>
  <logger>ua.deti.airquality_tqs_project</logger>
  <level>INFO</level>
  <class>ua.deti.tqs.airquality_tqs_project.component.AirQualityLogs</class>
  <method>addLog</method>
  <thread>1</thread>
  <message>Redirected to the error404 page</message>
</record>
<record>
  <date>2021-05-16T14:57:43.330880Z</date>
  <millis>1621177063330</millis>
  <nanos>880000</nanos>
  <sequence>16</sequence>
  <logger>ua.deti.airquality_tqs_project</logger>
  <level>INFO</level>
  <class>ua.deti.tqs.airquality_tqs_project.component.AirQualityLogs</class>
  <method>addLog</method>
  <thread>1</thread>
  <message>Redirected to the empty search page</message>
</record>
</log>
