<?xml version="1.0" encoding="UTF-8" standalone="no"?>
<!DOCTYPE log SYSTEM "logger.dtd">
<log>
<record>
  <date>2021-05-16T11:39:21.684077Z</date>
  <millis>1621165161684</millis>
  <nanos>77000</nanos>
  <sequence>4</sequence>
  <logger>ua.deti.airquality_tqs_project</logger>
  <level>INFO</level>
  <class>ua.deti.tqs.airquality_tqs_project.component.AirQualityLogs</class>
  <method>addLog</method>
  <thread>34</thread>
  <message>Redirected to the homepage</message>
</record>
<record>
  <date>2021-05-16T11:39:27.990925Z</date>
  <millis>1621165167990</millis>
  <nanos>925000</nanos>
  <sequence>5</sequence>
  <logger>ua.deti.airquality_tqs_project</logger>
  <level>INFO</level>
  <class>ua.deti.tqs.airquality_tqs_project.component.AirQualityLogs</class>
  <method>addLog</method>
  <thread>37</thread>
  <message>Cache at the moment: AirQualityCache{cache={}}</message>
</record>
<record>
  <date>2021-05-16T11:39:29.022490Z</date>
  <millis>1621165169022</millis>
  <nanos>490000</nanos>
  <sequence>6</sequence>
  <logger>ua.deti.airquality_tqs_project</logger>
  <level>INFO</level>
  <class>ua.deti.tqs.airquality_tqs_project.component.AirQualityLogs</class>
  <method>addLog</method>
  <thread>37</thread>
  <message>airqualityresults: {"data":[{"mold_level":1,"aqi":91,"pm10":6.6302,"co":143.375,"o3":73.2084,"predominant_pollen_type":"Molds","so2":480.5,"pollen_level_tree":1,"pollen_level_weed":1,"no2":5.6197,"pm25":1.9147,"pollen_level_grass":1}],"city_name":"Hell","lon":"8.53678","timezone":"Europe\/Zurich","lat":"47.4865","country_code":"CH","state_code":"ZH"}
</message>
</record>
<record>
  <date>2021-05-16T11:39:29.037299Z</date>
  <millis>1621165169037</millis>
  <nanos>299000</nanos>
  <sequence>7</sequence>
  <logger>ua.deti.airquality_tqs_project</logger>
  <level>INFO</level>
  <class>ua.deti.tqs.airquality_tqs_project.component.AirQualityLogs</class>
  <method>addLog</method>
  <thread>37</thread>
  <message>came from external API</message>
</record>
<record>
  <date>2021-05-16T11:39:29.038922Z</date>
  <millis>1621165169038</millis>
  <nanos>922000</nanos>
  <sequence>8</sequence>
  <logger>ua.deti.airquality_tqs_project</logger>
  <level>INFO</level>
  <class>ua.deti.tqs.airquality_tqs_project.component.AirQualityLogs</class>
  <method>addLog</method>
  <thread>37</thread>
  <message>Model And View Not Null Was Created Successfully Hello</message>
</record>
<record>
  <date>2021-05-16T11:39:29.039765Z</date>
  <millis>1621165169039</millis>
  <nanos>765000</nanos>
  <sequence>9</sequence>
  <logger>ua.deti.airquality_tqs_project</logger>
  <level>INFO</level>
  <class>ua.deti.tqs.airquality_tqs_project.component.AirQualityLogs</class>
  <method>addLog</method>
  <thread>37</thread>
  <message>Redirected to the results page</message>
</record>
<record>
  <date>2021-05-16T11:39:31.506286Z</date>
  <millis>1621165171506</millis>
  <nanos>286000</nanos>
  <sequence>10</sequence>
  <logger>ua.deti.airquality_tqs_project</logger>
  <level>INFO</level>
  <class>ua.deti.tqs.airquality_tqs_project.component.AirQualityLogs</class>
  <method>addLog</method>
  <thread>38</thread>
  <message>Redirected to the homepage</message>
</record>
<record>
  <date>2021-05-16T11:41:07.535991Z</date>
  <millis>1621165267535</millis>
  <nanos>991000</nanos>
  <sequence>11</sequence>
  <logger>ua.deti.airquality_tqs_project</logger>
  <level>INFO</level>
  <class>ua.deti.tqs.airquality_tqs_project.component.AirQualityLogs</class>
  <method>addLog</method>
  <thread>41</thread>
  <message>/api/stats endpoint was accessed</message>
</record>
<record>
  <date>2021-05-16T11:41:12.557424Z</date>
  <millis>1621165272557</millis>
  <nanos>424000</nanos>
  <sequence>12</sequence>
  <logger>ua.deti.airquality_tqs_project</logger>
  <level>INFO</level>
  <class>ua.deti.tqs.airquality_tqs_project.component.AirQualityLogs</class>
  <method>addLog</method>
  <thread>34</thread>
  <message>/api/data endpoint was accessed with parameter Aveiro</message>
</record>
<record>
  <date>2021-05-16T11:41:12.583524Z</date>
  <millis>1621165272583</millis>
  <nanos>524000</nanos>
  <sequence>13</sequence>
  <logger>ua.deti.airquality_tqs_project</logger>
  <level>INFO</level>
  <class>ua.deti.tqs.airquality_tqs_project.component.AirQualityLogs</class>
  <method>addLog</method>
  <thread>34</thread>
  <message>Cache at the moment: AirQualityCache{cache={City{city='Hello', time=1621165169036, latitude=47.4865, longitude=8.53678}=AirQuality{aqIndex=91, co=143.375, o3=73.2084, so2=480.5, no2=5.6197, pm10=6.6302, pm25=1.9147, predominantPollenType='Molds', pollenLevelTree=1, pollenLevelWeed=1, PollenLevelGrass=1, PollenLevelMold=1}}}</message>
</record>
<record>
  <date>2021-05-16T11:41:13.159733Z</date>
  <millis>1621165273159</millis>
  <nanos>733000</nanos>
  <sequence>14</sequence>
  <logger>ua.deti.airquality_tqs_project</logger>
  <level>INFO</level>
  <class>ua.deti.tqs.airquality_tqs_project.component.AirQualityLogs</class>
  <method>addLog</method>
  <thread>34</thread>
  <message>airqualityresults: {"data":[{"mold_level":1,"aqi":12,"pm10":8.20814,"co":270.784,"o3":23,"predominant_pollen_type":"Molds","so2":0.61281,"pollen_level_tree":1,"pollen_level_weed":1,"no2":2.28663,"pm25":3,"pollen_level_grass":1}],"city_name":"Aveiro","lon":"-8.64554","timezone":"Europe\/Lisbon","lat":"40.64427","country_code":"PT","state_code":"02"}
</message>
</record>
<record>
  <date>2021-05-16T11:41:13.162243Z</date>
  <millis>1621165273162</millis>
  <nanos>243000</nanos>
  <sequence>15</sequence>
  <logger>ua.deti.airquality_tqs_project</logger>
  <level>INFO</level>
  <class>ua.deti.tqs.airquality_tqs_project.component.AirQualityLogs</class>
  <method>addLog</method>
  <thread>34</thread>
  <message>came from external API</message>
</record>
</log>
