<?xml version="1.0" encoding="UTF-8" standalone="no"?>
<!DOCTYPE log SYSTEM "logger.dtd">
<log>
<record>
  <date>2021-05-16T15:07:37.577896Z</date>
  <millis>1621177657577</millis>
  <nanos>896000</nanos>
  <sequence>4</sequence>
  <logger>ua.deti.airquality_tqs_project</logger>
  <level>INFO</level>
  <class>ua.deti.tqs.airquality_tqs_project.component.AirQualityLogs</class>
  <method>addLog</method>
  <thread>37</thread>
  <message>/api/stats endpoint was accessed</message>
</record>
<record>
  <date>2021-05-16T15:07:45.965612Z</date>
  <millis>1621177665965</millis>
  <nanos>612000</nanos>
  <sequence>5</sequence>
  <logger>ua.deti.airquality_tqs_project</logger>
  <level>INFO</level>
  <class>ua.deti.tqs.airquality_tqs_project.component.AirQualityLogs</class>
  <method>addLog</method>
  <thread>40</thread>
  <message>Redirected to the homepage</message>
</record>
<record>
  <date>2021-05-16T15:07:50.728954Z</date>
  <millis>1621177670728</millis>
  <nanos>954000</nanos>
  <sequence>6</sequence>
  <logger>ua.deti.airquality_tqs_project</logger>
  <level>INFO</level>
  <class>ua.deti.tqs.airquality_tqs_project.component.AirQualityLogs</class>
  <method>addLog</method>
  <thread>37</thread>
  <message>Cache at the moment: AirQualityCache{cache={}}</message>
</record>
<record>
  <date>2021-05-16T15:07:50.734830Z</date>
  <millis>1621177670734</millis>
  <nanos>830000</nanos>
  <sequence>7</sequence>
  <logger>ua.deti.airquality_tqs_project</logger>
  <level>INFO</level>
  <class>ua.deti.tqs.airquality_tqs_project.component.AirQualityLogs</class>
  <method>addLog</method>
  <thread>37</thread>
  <message>City with coordinates 40.0 and -40.0 does not exist in cache</message>
</record>
<record>
  <date>2021-05-16T15:07:52.036160Z</date>
  <millis>1621177672036</millis>
  <nanos>160000</nanos>
  <sequence>8</sequence>
  <logger>ua.deti.airquality_tqs_project</logger>
  <level>INFO</level>
  <class>ua.deti.tqs.airquality_tqs_project.component.AirQualityLogs</class>
  <method>addLog</method>
  <thread>37</thread>
  <message>came from external API</message>
</record>
<record>
  <date>2021-05-16T15:07:52.037164Z</date>
  <millis>1621177672037</millis>
  <nanos>164000</nanos>
  <sequence>9</sequence>
  <logger>ua.deti.airquality_tqs_project</logger>
  <level>INFO</level>
  <class>ua.deti.tqs.airquality_tqs_project.component.AirQualityLogs</class>
  <method>addLog</method>
  <thread>37</thread>
  <message>City with coordinates 40.0 and -40.0 already exists in cache</message>
</record>
<record>
  <date>2021-05-16T15:07:52.040368Z</date>
  <millis>1621177672040</millis>
  <nanos>368000</nanos>
  <sequence>10</sequence>
  <logger>ua.deti.airquality_tqs_project</logger>
  <level>INFO</level>
  <class>ua.deti.tqs.airquality_tqs_project.component.AirQualityLogs</class>
  <method>addLog</method>
  <thread>37</thread>
  <message>Model And View Not Null Was Created Successfully with parameters 40.0 and -40.0</message>
</record>
<record>
  <date>2021-05-16T15:07:52.040882Z</date>
  <millis>1621177672040</millis>
  <nanos>882000</nanos>
  <sequence>11</sequence>
  <logger>ua.deti.airquality_tqs_project</logger>
  <level>INFO</level>
  <class>ua.deti.tqs.airquality_tqs_project.component.AirQualityLogs</class>
  <method>addLog</method>
  <thread>37</thread>
  <message>Redirected to the results page</message>
</record>
<record>
  <date>2021-05-16T15:07:52.732641Z</date>
  <millis>1621177672732</millis>
  <nanos>641000</nanos>
  <sequence>12</sequence>
  <logger>ua.deti.airquality_tqs_project</logger>
  <level>INFO</level>
  <class>ua.deti.tqs.airquality_tqs_project.component.AirQualityLogs</class>
  <method>addLog</method>
  <thread>38</thread>
  <message>Redirected to the homepage</message>
</record>
<record>
  <date>2021-05-16T15:07:55.755842Z</date>
  <millis>1621177675755</millis>
  <nanos>842000</nanos>
  <sequence>13</sequence>
  <logger>ua.deti.airquality_tqs_project</logger>
  <level>INFO</level>
  <class>ua.deti.tqs.airquality_tqs_project.component.AirQualityLogs</class>
  <method>addLog</method>
  <thread>43</thread>
  <message>Cache at the moment: AirQualityCache{cache={City{city='Lajes das Flores', time=1621177672035, latitude=40.0, longitude=-40.0}=AirQuality{aqIndex=48, co=296.652, o3=104.427, so2=0.356231, no2=0.209184, pm10=3.41862, pm25=1.10909, predominantPollenType='Molds', pollenLevelTree=0, pollenLevelWeed=0, PollenLevelGrass=0, PollenLevelMold=0}}}</message>
</record>
<record>
  <date>2021-05-16T15:07:55.756354Z</date>
  <millis>1621177675756</millis>
  <nanos>354000</nanos>
  <sequence>14</sequence>
  <logger>ua.deti.airquality_tqs_project</logger>
  <level>INFO</level>
  <class>ua.deti.tqs.airquality_tqs_project.component.AirQualityLogs</class>
  <method>addLog</method>
  <thread>43</thread>
  <message>City with coordinates 40.0 and -40.0 already exists in cache</message>
</record>
<record>
  <date>2021-05-16T15:07:55.756689Z</date>
  <millis>1621177675756</millis>
  <nanos>689000</nanos>
  <sequence>15</sequence>
  <logger>ua.deti.airquality_tqs_project</logger>
  <level>INFO</level>
  <class>ua.deti.tqs.airquality_tqs_project.component.AirQualityLogs</class>
  <method>addLog</method>
  <thread>43</thread>
  <message>City with coordinates 40.0 and -40.0 already exists in cache</message>
</record>
<record>
  <date>2021-05-16T15:07:55.757186Z</date>
  <millis>1621177675757</millis>
  <nanos>186000</nanos>
  <sequence>16</sequence>
  <logger>ua.deti.airquality_tqs_project</logger>
  <level>INFO</level>
  <class>ua.deti.tqs.airquality_tqs_project.component.AirQualityLogs</class>
  <method>addLog</method>
  <thread>43</thread>
  <message>City with coordinates 40.0 and -40.0 already exists in cache</message>
</record>
<record>
  <date>2021-05-16T15:07:55.757592Z</date>
  <millis>1621177675757</millis>
  <nanos>592000</nanos>
  <sequence>17</sequence>
  <logger>ua.deti.airquality_tqs_project</logger>
  <level>INFO</level>
  <class>ua.deti.tqs.airquality_tqs_project.component.AirQualityLogs</class>
  <method>addLog</method>
  <thread>43</thread>
  <message>came from cache</message>
</record>
<record>
  <date>2021-05-16T15:07:55.757926Z</date>
  <millis>1621177675757</millis>
  <nanos>926000</nanos>
  <sequence>18</sequence>
  <logger>ua.deti.airquality_tqs_project</logger>
  <level>INFO</level>
  <class>ua.deti.tqs.airquality_tqs_project.component.AirQualityLogs</class>
  <method>addLog</method>
  <thread>43</thread>
  <message>Number of requests was updated successfully</message>
</record>
<record>
  <date>2021-05-16T15:07:55.758293Z</date>
  <millis>1621177675758</millis>
  <nanos>293000</nanos>
  <sequence>19</sequence>
  <logger>ua.deti.airquality_tqs_project</logger>
  <level>INFO</level>
  <class>ua.deti.tqs.airquality_tqs_project.component.AirQualityLogs</class>
  <method>addLog</method>
  <thread>43</thread>
  <message>Number of hits was updated successfully</message>
</record>
<record>
  <date>2021-05-16T15:07:55.762208Z</date>
  <millis>1621177675762</millis>
  <nanos>208000</nanos>
  <sequence>20</sequence>
  <logger>ua.deti.airquality_tqs_project</logger>
  <level>INFO</level>
  <class>ua.deti.tqs.airquality_tqs_project.component.AirQualityLogs</class>
  <method>addLog</method>
  <thread>43</thread>
  <message>Cache statistics: AirQualityStatistics{countRequests=1, hits=1, misses=0}</message>
</record>
<record>
  <date>2021-05-16T15:07:55.762641Z</date>
  <millis>1621177675762</millis>
  <nanos>641000</nanos>
  <sequence>21</sequence>
  <logger>ua.deti.airquality_tqs_project</logger>
  <level>INFO</level>
  <class>ua.deti.tqs.airquality_tqs_project.component.AirQualityLogs</class>
  <method>addLog</method>
  <thread>43</thread>
  <message>City with coordinates 40.0 and -40.0 already exists in cache</message>
</record>
<record>
  <date>2021-05-16T15:07:55.762961Z</date>
  <millis>1621177675762</millis>
  <nanos>961000</nanos>
  <sequence>22</sequence>
  <logger>ua.deti.airquality_tqs_project</logger>
  <level>INFO</level>
  <class>ua.deti.tqs.airquality_tqs_project.component.AirQualityLogs</class>
  <method>addLog</method>
  <thread>43</thread>
  <message>Model And View Not Null Was Created Successfully with parameters 40.0 and -40.0</message>
</record>
<record>
  <date>2021-05-16T15:07:55.763301Z</date>
  <millis>1621177675763</millis>
  <nanos>301000</nanos>
  <sequence>23</sequence>
  <logger>ua.deti.airquality_tqs_project</logger>
  <level>INFO</level>
  <class>ua.deti.tqs.airquality_tqs_project.component.AirQualityLogs</class>
  <method>addLog</method>
  <thread>43</thread>
  <message>Redirected to the results page</message>
</record>
<record>
  <date>2021-05-16T15:07:57.204271Z</date>
  <millis>1621177677204</millis>
  <nanos>271000</nanos>
  <sequence>24</sequence>
  <logger>ua.deti.airquality_tqs_project</logger>
  <level>INFO</level>
  <class>ua.deti.tqs.airquality_tqs_project.component.AirQualityLogs</class>
  <method>addLog</method>
  <thread>44</thread>
  <message>Redirected to the homepage</message>
</record>
<record>
  <date>2021-05-16T15:08:00.051003Z</date>
  <millis>1621177680051</millis>
  <nanos>3000</nanos>
  <sequence>25</sequence>
  <logger>ua.deti.airquality_tqs_project</logger>
  <level>INFO</level>
  <class>ua.deti.tqs.airquality_tqs_project.component.AirQualityLogs</class>
  <method>addLog</method>
  <thread>39</thread>
  <message>Cache at the moment: AirQualityCache{cache={City{city='Lajes das Flores', time=1621177672035, latitude=40.0, longitude=-40.0}=AirQuality{aqIndex=48, co=296.652, o3=104.427, so2=0.356231, no2=0.209184, pm10=3.41862, pm25=1.10909, predominantPollenType='Molds', pollenLevelTree=0, pollenLevelWeed=0, PollenLevelGrass=0, PollenLevelMold=0}}}</message>
</record>
<record>
  <date>2021-05-16T15:08:00.051382Z</date>
  <millis>1621177680051</millis>
  <nanos>382000</nanos>
  <sequence>26</sequence>
  <logger>ua.deti.airquality_tqs_project</logger>
  <level>INFO</level>
  <class>ua.deti.tqs.airquality_tqs_project.component.AirQualityLogs</class>
  <method>addLog</method>
  <thread>39</thread>
  <message>City with coordinates 40.0 and -40.0 already exists in cache</message>
</record>
<record>
  <date>2021-05-16T15:08:00.051601Z</date>
  <millis>1621177680051</millis>
  <nanos>601000</nanos>
  <sequence>27</sequence>
  <logger>ua.deti.airquality_tqs_project</logger>
  <level>INFO</level>
  <class>ua.deti.tqs.airquality_tqs_project.component.AirQualityLogs</class>
  <method>addLog</method>
  <thread>39</thread>
  <message>City with coordinates 40.0 and -40.0 already exists in cache</message>
</record>
<record>
  <date>2021-05-16T15:08:00.051852Z</date>
  <millis>1621177680051</millis>
  <nanos>852000</nanos>
  <sequence>28</sequence>
  <logger>ua.deti.airquality_tqs_project</logger>
  <level>INFO</level>
  <class>ua.deti.tqs.airquality_tqs_project.component.AirQualityLogs</class>
  <method>addLog</method>
  <thread>39</thread>
  <message>City with coordinates 40.0 and -40.0 already exists in cache</message>
</record>
<record>
  <date>2021-05-16T15:08:00.052131Z</date>
  <millis>1621177680052</millis>
  <nanos>131000</nanos>
  <sequence>29</sequence>
  <logger>ua.deti.airquality_tqs_project</logger>
  <level>INFO</level>
  <class>ua.deti.tqs.airquality_tqs_project.component.AirQualityLogs</class>
  <method>addLog</method>
  <thread>39</thread>
  <message>came from cache</message>
</record>
<record>
  <date>2021-05-16T15:08:00.052360Z</date>
  <millis>1621177680052</millis>
  <nanos>360000</nanos>
  <sequence>30</sequence>
  <logger>ua.deti.airquality_tqs_project</logger>
  <level>INFO</level>
  <class>ua.deti.tqs.airquality_tqs_project.component.AirQualityLogs</class>
  <method>addLog</method>
  <thread>39</thread>
  <message>Number of requests was updated successfully</message>
</record>
<record>
  <date>2021-05-16T15:08:00.052567Z</date>
  <millis>1621177680052</millis>
  <nanos>567000</nanos>
  <sequence>31</sequence>
  <logger>ua.deti.airquality_tqs_project</logger>
  <level>INFO</level>
  <class>ua.deti.tqs.airquality_tqs_project.component.AirQualityLogs</class>
  <method>addLog</method>
  <thread>39</thread>
  <message>Number of hits was updated successfully</message>
</record>
<record>
  <date>2021-05-16T15:08:00.052814Z</date>
  <millis>1621177680052</millis>
  <nanos>814000</nanos>
  <sequence>32</sequence>
  <logger>ua.deti.airquality_tqs_project</logger>
  <level>INFO</level>
  <class>ua.deti.tqs.airquality_tqs_project.component.AirQualityLogs</class>
  <method>addLog</method>
  <thread>39</thread>
  <message>Cache statistics: AirQualityStatistics{countRequests=2, hits=2, misses=0}</message>
</record>
<record>
  <date>2021-05-16T15:08:00.053190Z</date>
  <millis>1621177680053</millis>
  <nanos>190000</nanos>
  <sequence>33</sequence>
  <logger>ua.deti.airquality_tqs_project</logger>
  <level>INFO</level>
  <class>ua.deti.tqs.airquality_tqs_project.component.AirQualityLogs</class>
  <method>addLog</method>
  <thread>39</thread>
  <message>City with coordinates 40.0 and -40.0 already exists in cache</message>
</record>
<record>
  <date>2021-05-16T15:08:00.053539Z</date>
  <millis>1621177680053</millis>
  <nanos>539000</nanos>
  <sequence>34</sequence>
  <logger>ua.deti.airquality_tqs_project</logger>
  <level>INFO</level>
  <class>ua.deti.tqs.airquality_tqs_project.component.AirQualityLogs</class>
  <method>addLog</method>
  <thread>39</thread>
  <message>Model And View Not Null Was Created Successfully with parameters 40.0 and -40.0</message>
</record>
<record>
  <date>2021-05-16T15:08:00.053866Z</date>
  <millis>1621177680053</millis>
  <nanos>866000</nanos>
  <sequence>35</sequence>
  <logger>ua.deti.airquality_tqs_project</logger>
  <level>INFO</level>
  <class>ua.deti.tqs.airquality_tqs_project.component.AirQualityLogs</class>
  <method>addLog</method>
  <thread>39</thread>
  <message>Redirected to the results page</message>
</record>
<record>
  <date>2021-05-16T15:08:01.782083Z</date>
  <millis>1621177681782</millis>
  <nanos>83000</nanos>
  <sequence>36</sequence>
  <logger>ua.deti.airquality_tqs_project</logger>
  <level>INFO</level>
  <class>ua.deti.tqs.airquality_tqs_project.component.AirQualityLogs</class>
  <method>addLog</method>
  <thread>38</thread>
  <message>Redirected to the homepage</message>
</record>
<record>
  <date>2021-05-16T15:08:06.564172Z</date>
  <millis>1621177686564</millis>
  <nanos>172000</nanos>
  <sequence>37</sequence>
  <logger>ua.deti.airquality_tqs_project</logger>
  <level>INFO</level>
  <class>ua.deti.tqs.airquality_tqs_project.component.AirQualityLogs</class>
  <method>addLog</method>
  <thread>41</thread>
  <message>/api/stats endpoint was accessed</message>
</record>
