<?xml version="1.0" encoding="UTF-8" standalone="no"?>
<!DOCTYPE log SYSTEM "logger.dtd">
<log>
<record>
  <date>2021-05-16T13:25:14.464126Z</date>
  <millis>1621171514464</millis>
  <nanos>126000</nanos>
  <sequence>4</sequence>
  <logger>ua.deti.airquality_tqs_project</logger>
  <level>INFO</level>
  <class>ua.deti.tqs.airquality_tqs_project.component.AirQualityLogs</class>
  <method>addLog</method>
  <thread>33</thread>
  <message>Redirected to the homepage</message>
</record>
<record>
  <date>2021-05-16T13:25:20.095408Z</date>
  <millis>1621171520095</millis>
  <nanos>408000</nanos>
  <sequence>5</sequence>
  <logger>ua.deti.airquality_tqs_project</logger>
  <level>INFO</level>
  <class>ua.deti.tqs.airquality_tqs_project.component.AirQualityLogs</class>
  <method>addLog</method>
  <thread>35</thread>
  <message>Redirected to the error404 page</message>
</record>
</log>
