<?xml version="1.0" encoding="UTF-8" standalone="no"?>
<!DOCTYPE log SYSTEM "logger.dtd">
<log>
<record>
  <date>2021-05-16T14:47:06.007215Z</date>
  <millis>1621176426007</millis>
  <nanos>215000</nanos>
  <sequence>73</sequence>
  <logger>ua.deti.airquality_tqs_project</logger>
  <level>INFO</level>
  <class>ua.deti.tqs.airquality_tqs_project.component.AirQualityLogs</class>
  <method>addLog</method>
  <thread>144</thread>
  <message>/api/dataByCoords endpoint was accessed with parameters 40.0 and -40.0</message>
</record>
<record>
  <date>2021-05-16T14:47:06.008804Z</date>
  <millis>1621176426008</millis>
  <nanos>804000</nanos>
  <sequence>74</sequence>
  <logger>ua.deti.airquality_tqs_project</logger>
  <level>INFO</level>
  <class>ua.deti.tqs.airquality_tqs_project.component.AirQualityLogs</class>
  <method>addLog</method>
  <thread>144</thread>
  <message>Cache at the moment: AirQualityCache{cache={}}</message>
</record>
<record>
  <date>2021-05-16T14:47:06.009964Z</date>
  <millis>1621176426009</millis>
  <nanos>964000</nanos>
  <sequence>75</sequence>
  <logger>ua.deti.airquality_tqs_project</logger>
  <level>INFO</level>
  <class>ua.deti.tqs.airquality_tqs_project.component.AirQualityLogs</class>
  <method>addLog</method>
  <thread>144</thread>
  <message>City with coordinates 40.0 and -40.0 does not exist in cache</message>
</record>
<record>
  <date>2021-05-16T14:47:07.085628Z</date>
  <millis>1621176427085</millis>
  <nanos>628000</nanos>
  <sequence>76</sequence>
  <logger>ua.deti.airquality_tqs_project</logger>
  <level>INFO</level>
  <class>ua.deti.tqs.airquality_tqs_project.component.AirQualityLogs</class>
  <method>addLog</method>
  <thread>144</thread>
  <message>came from external API</message>
</record>
<record>
  <date>2021-05-16T14:47:07.955779Z</date>
  <millis>1621176427955</millis>
  <nanos>779000</nanos>
  <sequence>77</sequence>
  <logger>ua.deti.airquality_tqs_project</logger>
  <level>INFO</level>
  <class>ua.deti.tqs.airquality_tqs_project.component.AirQualityLogs</class>
  <method>addLog</method>
  <thread>145</thread>
  <message>/api/data endpoint was accessed with parameter </message>
</record>
<record>
  <date>2021-05-16T14:47:07.982358Z</date>
  <millis>1621176427982</millis>
  <nanos>358000</nanos>
  <sequence>78</sequence>
  <logger>ua.deti.airquality_tqs_project</logger>
  <level>INFO</level>
  <class>ua.deti.tqs.airquality_tqs_project.component.AirQualityLogs</class>
  <method>addLog</method>
  <thread>146</thread>
  <message>/api/data endpoint was accessed with parameter Aveiro</message>
</record>
<record>
  <date>2021-05-16T14:47:07.984783Z</date>
  <millis>1621176427984</millis>
  <nanos>783000</nanos>
  <sequence>79</sequence>
  <logger>ua.deti.airquality_tqs_project</logger>
  <level>INFO</level>
  <class>ua.deti.tqs.airquality_tqs_project.component.AirQualityLogs</class>
  <method>addLog</method>
  <thread>146</thread>
  <message>Cache at the moment: AirQualityCache{cache={City{city='Lajes das Flores', time=1621176427085, latitude=40.0, longitude=-40.0}=AirQuality{aqIndex=48, co=296.652, o3=104.427, so2=0.356231, no2=0.209184, pm10=3.41862, pm25=1.10909, predominantPollenType='Molds', pollenLevelTree=0, pollenLevelWeed=0, PollenLevelGrass=0, PollenLevelMold=0}}}</message>
</record>
<record>
  <date>2021-05-16T14:47:07.985532Z</date>
  <millis>1621176427985</millis>
  <nanos>532000</nanos>
  <sequence>80</sequence>
  <logger>ua.deti.airquality_tqs_project</logger>
  <level>INFO</level>
  <class>ua.deti.tqs.airquality_tqs_project.component.AirQualityLogs</class>
  <method>addLog</method>
  <thread>146</thread>
  <message>City with cityname Aveiro does not exist in cache</message>
</record>
<record>
  <date>2021-05-16T14:47:08.187645Z</date>
  <millis>1621176428187</millis>
  <nanos>645000</nanos>
  <sequence>81</sequence>
  <logger>ua.deti.airquality_tqs_project</logger>
  <level>INFO</level>
  <class>ua.deti.tqs.airquality_tqs_project.component.AirQualityLogs</class>
  <method>addLog</method>
  <thread>146</thread>
  <message>airqualityresults: {"data":[{"mold_level":1,"aqi":33,"pm10":11,"co":270.784,"o3":72.3302,"predominant_pollen_type":"Molds","so2":0.574626,"pollen_level_tree":1,"pollen_level_weed":1,"no2":0.851462,"pm25":4.36956,"pollen_level_grass":1}],"city_name":"Aveiro","lon":"-8.64554","timezone":"Europe\/Lisbon","lat":"40.64427","country_code":"PT","state_code":"02"}
</message>
</record>
<record>
  <date>2021-05-16T14:47:08.188447Z</date>
  <millis>1621176428188</millis>
  <nanos>447000</nanos>
  <sequence>82</sequence>
  <logger>ua.deti.airquality_tqs_project</logger>
  <level>INFO</level>
  <class>ua.deti.tqs.airquality_tqs_project.component.AirQualityLogs</class>
  <method>addLog</method>
  <thread>146</thread>
  <message>came from external API</message>
</record>
<record>
  <date>2021-05-16T14:47:08.236341Z</date>
  <millis>1621176428236</millis>
  <nanos>341000</nanos>
  <sequence>83</sequence>
  <logger>ua.deti.airquality_tqs_project</logger>
  <level>INFO</level>
  <class>ua.deti.tqs.airquality_tqs_project.component.AirQualityLogs</class>
  <method>addLog</method>
  <thread>147</thread>
  <message>Redirected to the homepage</message>
</record>
<record>
  <date>2021-05-16T14:47:08.281190Z</date>
  <millis>1621176428281</millis>
  <nanos>190000</nanos>
  <sequence>84</sequence>
  <logger>ua.deti.airquality_tqs_project</logger>
  <level>INFO</level>
  <class>ua.deti.tqs.airquality_tqs_project.component.AirQualityLogs</class>
  <method>addLog</method>
  <thread>148</thread>
  <message>/api/data endpoint was accessed with parameter 12345</message>
</record>
<record>
  <date>2021-05-16T14:47:08.281920Z</date>
  <millis>1621176428281</millis>
  <nanos>920000</nanos>
  <sequence>85</sequence>
  <logger>ua.deti.airquality_tqs_project</logger>
  <level>INFO</level>
  <class>ua.deti.tqs.airquality_tqs_project.component.AirQualityLogs</class>
  <method>addLog</method>
  <thread>148</thread>
  <message>Cache at the moment: AirQualityCache{cache={City{city='Aveiro', time=1621176428188, latitude=40.64427, longitude=-8.64554}=AirQuality{aqIndex=33, co=270.784, o3=72.3302, so2=0.574626, no2=0.851462, pm10=11.0, pm25=4.36956, predominantPollenType='Molds', pollenLevelTree=1, pollenLevelWeed=1, PollenLevelGrass=1, PollenLevelMold=1}, City{city='Lajes das Flores', time=1621176427085, latitude=40.0, longitude=-40.0}=AirQuality{aqIndex=48, co=296.652, o3=104.427, so2=0.356231, no2=0.209184, pm10=3.41862, pm25=1.10909, predominantPollenType='Molds', pollenLevelTree=0, pollenLevelWeed=0, PollenLevelGrass=0, PollenLevelMold=0}}}</message>
</record>
<record>
  <date>2021-05-16T14:47:08.282402Z</date>
  <millis>1621176428282</millis>
  <nanos>402000</nanos>
  <sequence>86</sequence>
  <logger>ua.deti.airquality_tqs_project</logger>
  <level>INFO</level>
  <class>ua.deti.tqs.airquality_tqs_project.component.AirQualityLogs</class>
  <method>addLog</method>
  <thread>148</thread>
  <message>City with cityname 12345 does not exist in cache</message>
</record>
<record>
  <date>2021-05-16T14:47:17.482208Z</date>
  <millis>1621176437482</millis>
  <nanos>208000</nanos>
  <sequence>87</sequence>
  <logger>ua.deti.airquality_tqs_project</logger>
  <level>INFO</level>
  <class>ua.deti.tqs.airquality_tqs_project.component.AirQualityLogs</class>
  <method>addLog</method>
  <thread>153</thread>
  <message>Redirected to the homepage</message>
</record>
<record>
  <date>2021-05-16T14:47:18.383275Z</date>
  <millis>1621176438383</millis>
  <nanos>275000</nanos>
  <sequence>88</sequence>
  <logger>ua.deti.airquality_tqs_project</logger>
  <level>INFO</level>
  <class>ua.deti.tqs.airquality_tqs_project.component.AirQualityLogs</class>
  <method>addLog</method>
  <thread>149</thread>
  <message>Cache at the moment: AirQualityCache{cache={City{city='Aveiro', time=1621176428188, latitude=40.64427, longitude=-8.64554}=AirQuality{aqIndex=33, co=270.784, o3=72.3302, so2=0.574626, no2=0.851462, pm10=11.0, pm25=4.36956, predominantPollenType='Molds', pollenLevelTree=1, pollenLevelWeed=1, PollenLevelGrass=1, PollenLevelMold=1}, City{city='Lajes das Flores', time=1621176427085, latitude=40.0, longitude=-40.0}=AirQuality{aqIndex=48, co=296.652, o3=104.427, so2=0.356231, no2=0.209184, pm10=3.41862, pm25=1.10909, predominantPollenType='Molds', pollenLevelTree=0, pollenLevelWeed=0, PollenLevelGrass=0, PollenLevelMold=0}}}</message>
</record>
<record>
  <date>2021-05-16T14:47:18.383999Z</date>
  <millis>1621176438383</millis>
  <nanos>999000</nanos>
  <sequence>89</sequence>
  <logger>ua.deti.airquality_tqs_project</logger>
  <level>INFO</level>
  <class>ua.deti.tqs.airquality_tqs_project.component.AirQualityLogs</class>
  <method>addLog</method>
  <thread>149</thread>
  <message>City with cityname Aveiro already exists in cache</message>
</record>
<record>
  <date>2021-05-16T14:47:18.384284Z</date>
  <millis>1621176438384</millis>
  <nanos>284000</nanos>
  <sequence>90</sequence>
  <logger>ua.deti.airquality_tqs_project</logger>
  <level>INFO</level>
  <class>ua.deti.tqs.airquality_tqs_project.component.AirQualityLogs</class>
  <method>addLog</method>
  <thread>149</thread>
  <message>City with cityname Aveiro already exists in cache</message>
</record>
<record>
  <date>2021-05-16T14:47:18.384481Z</date>
  <millis>1621176438384</millis>
  <nanos>481000</nanos>
  <sequence>91</sequence>
  <logger>ua.deti.airquality_tqs_project</logger>
  <level>INFO</level>
  <class>ua.deti.tqs.airquality_tqs_project.component.AirQualityLogs</class>
  <method>addLog</method>
  <thread>149</thread>
  <message>City with cityname Aveiro already exists in cache</message>
</record>
<record>
  <date>2021-05-16T14:47:18.384695Z</date>
  <millis>1621176438384</millis>
  <nanos>695000</nanos>
  <sequence>92</sequence>
  <logger>ua.deti.airquality_tqs_project</logger>
  <level>INFO</level>
  <class>ua.deti.tqs.airquality_tqs_project.component.AirQualityLogs</class>
  <method>addLog</method>
  <thread>149</thread>
  <message>City was removed successfully</message>
</record>
<record>
  <date>2021-05-16T14:47:18.994793Z</date>
  <millis>1621176438994</millis>
  <nanos>793000</nanos>
  <sequence>93</sequence>
  <logger>ua.deti.airquality_tqs_project</logger>
  <level>INFO</level>
  <class>ua.deti.tqs.airquality_tqs_project.component.AirQualityLogs</class>
  <method>addLog</method>
  <thread>149</thread>
  <message>airqualityresults: {"data":[{"mold_level":1,"aqi":33,"pm10":11,"co":270.784,"o3":72.3302,"predominant_pollen_type":"Molds","so2":0.574626,"pollen_level_tree":1,"pollen_level_weed":1,"no2":0.851462,"pm25":4.36956,"pollen_level_grass":1}],"city_name":"Aveiro","lon":"-8.64554","timezone":"Europe\/Lisbon","lat":"40.64427","country_code":"PT","state_code":"02"}
</message>
</record>
<record>
  <date>2021-05-16T14:47:18.995665Z</date>
  <millis>1621176438995</millis>
  <nanos>665000</nanos>
  <sequence>94</sequence>
  <logger>ua.deti.airquality_tqs_project</logger>
  <level>INFO</level>
  <class>ua.deti.tqs.airquality_tqs_project.component.AirQualityLogs</class>
  <method>addLog</method>
  <thread>149</thread>
  <message>came from external API</message>
</record>
<record>
  <date>2021-05-16T14:47:18.996145Z</date>
  <millis>1621176438996</millis>
  <nanos>145000</nanos>
  <sequence>95</sequence>
  <logger>ua.deti.airquality_tqs_project</logger>
  <level>INFO</level>
  <class>ua.deti.tqs.airquality_tqs_project.component.AirQualityLogs</class>
  <method>addLog</method>
  <thread>149</thread>
  <message>came from external API because data was outdated</message>
</record>
<record>
  <date>2021-05-16T14:47:18.996541Z</date>
  <millis>1621176438996</millis>
  <nanos>541000</nanos>
  <sequence>96</sequence>
  <logger>ua.deti.airquality_tqs_project</logger>
  <level>INFO</level>
  <class>ua.deti.tqs.airquality_tqs_project.component.AirQualityLogs</class>
  <method>addLog</method>
  <thread>149</thread>
  <message>Number of requests was updated successfully</message>
</record>
<record>
  <date>2021-05-16T14:47:18.996897Z</date>
  <millis>1621176438996</millis>
  <nanos>897000</nanos>
  <sequence>97</sequence>
  <logger>ua.deti.airquality_tqs_project</logger>
  <level>INFO</level>
  <class>ua.deti.tqs.airquality_tqs_project.component.AirQualityLogs</class>
  <method>addLog</method>
  <thread>149</thread>
  <message>Number of misses was updated successfully</message>
</record>
<record>
  <date>2021-05-16T14:47:18.998228Z</date>
  <millis>1621176438998</millis>
  <nanos>228000</nanos>
  <sequence>98</sequence>
  <logger>ua.deti.airquality_tqs_project</logger>
  <level>INFO</level>
  <class>ua.deti.tqs.airquality_tqs_project.component.AirQualityLogs</class>
  <method>addLog</method>
  <thread>149</thread>
  <message>Cache statistics: AirQualityStatistics{countRequests=1, hits=0, misses=1}</message>
</record>
<record>
  <date>2021-05-16T14:47:18.999956Z</date>
  <millis>1621176438999</millis>
  <nanos>956000</nanos>
  <sequence>99</sequence>
  <logger>ua.deti.airquality_tqs_project</logger>
  <level>INFO</level>
  <class>ua.deti.tqs.airquality_tqs_project.component.AirQualityLogs</class>
  <method>addLog</method>
  <thread>149</thread>
  <message>Model And View Not Null Was Created Successfully Aveiro</message>
</record>
<record>
  <date>2021-05-16T14:47:19.000380Z</date>
  <millis>1621176439000</millis>
  <nanos>380000</nanos>
  <sequence>100</sequence>
  <logger>ua.deti.airquality_tqs_project</logger>
  <level>INFO</level>
  <class>ua.deti.tqs.airquality_tqs_project.component.AirQualityLogs</class>
  <method>addLog</method>
  <thread>149</thread>
  <message>Redirected to the results page</message>
</record>
<record>
  <date>2021-05-16T14:47:22.111514Z</date>
  <millis>1621176442111</millis>
  <nanos>514000</nanos>
  <sequence>101</sequence>
  <logger>ua.deti.airquality_tqs_project</logger>
  <level>INFO</level>
  <class>ua.deti.tqs.airquality_tqs_project.component.AirQualityLogs</class>
  <method>addLog</method>
  <thread>153</thread>
  <message>Redirected to the homepage</message>
</record>
<record>
  <date>2021-05-16T14:47:24.336947Z</date>
  <millis>1621176444336</millis>
  <nanos>947000</nanos>
  <sequence>102</sequence>
  <logger>ua.deti.airquality_tqs_project</logger>
  <level>INFO</level>
  <class>ua.deti.tqs.airquality_tqs_project.component.AirQualityLogs</class>
  <method>addLog</method>
  <thread>149</thread>
  <message>Cache at the moment: AirQualityCache{cache={City{city='Aveiro', time=1621176438995, latitude=40.64427, longitude=-8.64554}=AirQuality{aqIndex=33, co=270.784, o3=72.3302, so2=0.574626, no2=0.851462, pm10=11.0, pm25=4.36956, predominantPollenType='Molds', pollenLevelTree=1, pollenLevelWeed=1, PollenLevelGrass=1, PollenLevelMold=1}, City{city='Lajes das Flores', time=1621176427085, latitude=40.0, longitude=-40.0}=AirQuality{aqIndex=48, co=296.652, o3=104.427, so2=0.356231, no2=0.209184, pm10=3.41862, pm25=1.10909, predominantPollenType='Molds', pollenLevelTree=0, pollenLevelWeed=0, PollenLevelGrass=0, PollenLevelMold=0}}}</message>
</record>
<record>
  <date>2021-05-16T14:47:24.337379Z</date>
  <millis>1621176444337</millis>
  <nanos>379000</nanos>
  <sequence>103</sequence>
  <logger>ua.deti.airquality_tqs_project</logger>
  <level>INFO</level>
  <class>ua.deti.tqs.airquality_tqs_project.component.AirQualityLogs</class>
  <method>addLog</method>
  <thread>149</thread>
  <message>City with cityname Aveiro already exists in cache</message>
</record>
<record>
  <date>2021-05-16T14:47:24.337696Z</date>
  <millis>1621176444337</millis>
  <nanos>696000</nanos>
  <sequence>104</sequence>
  <logger>ua.deti.airquality_tqs_project</logger>
  <level>INFO</level>
  <class>ua.deti.tqs.airquality_tqs_project.component.AirQualityLogs</class>
  <method>addLog</method>
  <thread>149</thread>
  <message>City with cityname Aveiro already exists in cache</message>
</record>
<record>
  <date>2021-05-16T14:47:24.337977Z</date>
  <millis>1621176444337</millis>
  <nanos>977000</nanos>
  <sequence>105</sequence>
  <logger>ua.deti.airquality_tqs_project</logger>
  <level>INFO</level>
  <class>ua.deti.tqs.airquality_tqs_project.component.AirQualityLogs</class>
  <method>addLog</method>
  <thread>149</thread>
  <message>City with cityname Aveiro already exists in cache</message>
</record>
<record>
  <date>2021-05-16T14:47:24.338387Z</date>
  <millis>1621176444338</millis>
  <nanos>387000</nanos>
  <sequence>106</sequence>
  <logger>ua.deti.airquality_tqs_project</logger>
  <level>INFO</level>
  <class>ua.deti.tqs.airquality_tqs_project.component.AirQualityLogs</class>
  <method>addLog</method>
  <thread>149</thread>
  <message>came from cache</message>
</record>
<record>
  <date>2021-05-16T14:47:24.338724Z</date>
  <millis>1621176444338</millis>
  <nanos>724000</nanos>
  <sequence>107</sequence>
  <logger>ua.deti.airquality_tqs_project</logger>
  <level>INFO</level>
  <class>ua.deti.tqs.airquality_tqs_project.component.AirQualityLogs</class>
  <method>addLog</method>
  <thread>149</thread>
  <message>Number of requests was updated successfully</message>
</record>
<record>
  <date>2021-05-16T14:47:24.339021Z</date>
  <millis>1621176444339</millis>
  <nanos>21000</nanos>
  <sequence>108</sequence>
  <logger>ua.deti.airquality_tqs_project</logger>
  <level>INFO</level>
  <class>ua.deti.tqs.airquality_tqs_project.component.AirQualityLogs</class>
  <method>addLog</method>
  <thread>149</thread>
  <message>Number of hits was updated successfully</message>
</record>
<record>
  <date>2021-05-16T14:47:24.339973Z</date>
  <millis>1621176444339</millis>
  <nanos>973000</nanos>
  <sequence>109</sequence>
  <logger>ua.deti.airquality_tqs_project</logger>
  <level>INFO</level>
  <class>ua.deti.tqs.airquality_tqs_project.component.AirQualityLogs</class>
  <method>addLog</method>
  <thread>149</thread>
  <message>Cache statistics: AirQualityStatistics{countRequests=2, hits=1, misses=1}</message>
</record>
<record>
  <date>2021-05-16T14:47:24.340336Z</date>
  <millis>1621176444340</millis>
  <nanos>336000</nanos>
  <sequence>110</sequence>
  <logger>ua.deti.airquality_tqs_project</logger>
  <level>INFO</level>
  <class>ua.deti.tqs.airquality_tqs_project.component.AirQualityLogs</class>
  <method>addLog</method>
  <thread>149</thread>
  <message>Model And View Not Null Was Created Successfully Aveiro</message>
</record>
<record>
  <date>2021-05-16T14:47:24.340705Z</date>
  <millis>1621176444340</millis>
  <nanos>705000</nanos>
  <sequence>111</sequence>
  <logger>ua.deti.airquality_tqs_project</logger>
  <level>INFO</level>
  <class>ua.deti.tqs.airquality_tqs_project.component.AirQualityLogs</class>
  <method>addLog</method>
  <thread>149</thread>
  <message>Redirected to the results page</message>
</record>
<record>
  <date>2021-05-16T14:47:25.404921Z</date>
  <millis>1621176445404</millis>
  <nanos>921000</nanos>
  <sequence>112</sequence>
  <logger>ua.deti.airquality_tqs_project</logger>
  <level>INFO</level>
  <class>ua.deti.tqs.airquality_tqs_project.component.AirQualityLogs</class>
  <method>addLog</method>
  <thread>153</thread>
  <message>Redirected to the homepage</message>
</record>
<record>
  <date>2021-05-16T14:47:26.271859Z</date>
  <millis>1621176446271</millis>
  <nanos>859000</nanos>
  <sequence>113</sequence>
  <logger>ua.deti.airquality_tqs_project</logger>
  <level>INFO</level>
  <class>ua.deti.tqs.airquality_tqs_project.component.AirQualityLogs</class>
  <method>addLog</method>
  <thread>149</thread>
  <message>Redirected to the error404 page</message>
</record>
<record>
  <date>2021-05-16T14:47:26.963183Z</date>
  <millis>1621176446963</millis>
  <nanos>183000</nanos>
  <sequence>114</sequence>
  <logger>ua.deti.airquality_tqs_project</logger>
  <level>INFO</level>
  <class>ua.deti.tqs.airquality_tqs_project.component.AirQualityLogs</class>
  <method>addLog</method>
  <thread>151</thread>
  <message>Redirected to the homepage</message>
</record>
<record>
  <date>2021-05-16T14:47:27.783602Z</date>
  <millis>1621176447783</millis>
  <nanos>602000</nanos>
  <sequence>115</sequence>
  <logger>ua.deti.airquality_tqs_project</logger>
  <level>INFO</level>
  <class>ua.deti.tqs.airquality_tqs_project.component.AirQualityLogs</class>
  <method>addLog</method>
  <thread>148</thread>
  <message>Cache at the moment: AirQualityCache{cache={City{city='Aveiro', time=1621176438995, latitude=40.64427, longitude=-8.64554}=AirQuality{aqIndex=33, co=270.784, o3=72.3302, so2=0.574626, no2=0.851462, pm10=11.0, pm25=4.36956, predominantPollenType='Molds', pollenLevelTree=1, pollenLevelWeed=1, PollenLevelGrass=1, PollenLevelMold=1}, City{city='Lajes das Flores', time=1621176427085, latitude=40.0, longitude=-40.0}=AirQuality{aqIndex=48, co=296.652, o3=104.427, so2=0.356231, no2=0.209184, pm10=3.41862, pm25=1.10909, predominantPollenType='Molds', pollenLevelTree=0, pollenLevelWeed=0, PollenLevelGrass=0, PollenLevelMold=0}}}</message>
</record>
<record>
  <date>2021-05-16T14:47:27.784192Z</date>
  <millis>1621176447784</millis>
  <nanos>192000</nanos>
  <sequence>116</sequence>
  <logger>ua.deti.airquality_tqs_project</logger>
  <level>INFO</level>
  <class>ua.deti.tqs.airquality_tqs_project.component.AirQualityLogs</class>
  <method>addLog</method>
  <thread>148</thread>
  <message>City with cityname Deywuviq632vye does not exist in cache</message>
</record>
<record>
  <date>2021-05-16T14:47:28.280511Z</date>
  <millis>1621176448280</millis>
  <nanos>511000</nanos>
  <sequence>117</sequence>
  <logger>ua.deti.airquality_tqs_project</logger>
  <level>INFO</level>
  <class>ua.deti.tqs.airquality_tqs_project.component.AirQualityLogs</class>
  <method>addLog</method>
  <thread>148</thread>
  <message>Redirected to the error404 page</message>
</record>
<record>
  <date>2021-05-16T14:47:28.915626Z</date>
  <millis>1621176448915</millis>
  <nanos>626000</nanos>
  <sequence>118</sequence>
  <logger>ua.deti.airquality_tqs_project</logger>
  <level>INFO</level>
  <class>ua.deti.tqs.airquality_tqs_project.component.AirQualityLogs</class>
  <method>addLog</method>
  <thread>152</thread>
  <message>Redirected to the homepage</message>
</record>
<record>
  <date>2021-05-16T14:47:29.948542Z</date>
  <millis>1621176449948</millis>
  <nanos>542000</nanos>
  <sequence>119</sequence>
  <logger>ua.deti.airquality_tqs_project</logger>
  <level>INFO</level>
  <class>ua.deti.tqs.airquality_tqs_project.component.AirQualityLogs</class>
  <method>addLog</method>
  <thread>146</thread>
  <message>Redirected to the empty search page</message>
</record>
