<?xml version="1.0" encoding="UTF-8" standalone="no"?>
<!DOCTYPE log SYSTEM "logger.dtd">
<log>
<record>
  <date>2021-05-16T15:03:57.084537Z</date>
  <millis>1621177437084</millis>
  <nanos>537000</nanos>
  <sequence>2</sequence>
  <logger>ua.deti.airquality_tqs_project</logger>
  <level>INFO</level>
  <class>ua.deti.tqs.airquality_tqs_project.component.AirQualityLogs</class>
  <method>addLog</method>
  <thread>1</thread>
  <message>Cache at the moment: AirQualityCache{cache={City{city='Aveiro', time=1620483090160, latitude=40.64427, longitude=-8.64554}=AirQuality{aqIndex=12, co=264.5, o3=17.0, so2=4.0, no2=12.0, pm10=13.0, pm25=3.0, predominantPollenType='Molds', pollenLevelTree=1, pollenLevelWeed=1, PollenLevelGrass=1, PollenLevelMold=1}}}</message>
</record>
<record>
  <date>2021-05-16T15:03:57.086567Z</date>
  <millis>1621177437086</millis>
  <nanos>567000</nanos>
  <sequence>3</sequence>
  <logger>ua.deti.airquality_tqs_project</logger>
  <level>INFO</level>
  <class>ua.deti.tqs.airquality_tqs_project.component.AirQualityLogs</class>
  <method>addLog</method>
  <thread>1</thread>
  <message>City with cityname Aveiro already exists in cache</message>
</record>
<record>
  <date>2021-05-16T15:03:57.087496Z</date>
  <millis>1621177437087</millis>
  <nanos>496000</nanos>
  <sequence>4</sequence>
  <logger>ua.deti.airquality_tqs_project</logger>
  <level>INFO</level>
  <class>ua.deti.tqs.airquality_tqs_project.component.AirQualityLogs</class>
  <method>addLog</method>
  <thread>1</thread>
  <message>City with cityname Aveiro already exists in cache</message>
</record>
<record>
  <date>2021-05-16T15:03:57.088333Z</date>
  <millis>1621177437088</millis>
  <nanos>333000</nanos>
  <sequence>5</sequence>
  <logger>ua.deti.airquality_tqs_project</logger>
  <level>INFO</level>
  <class>ua.deti.tqs.airquality_tqs_project.component.AirQualityLogs</class>
  <method>addLog</method>
  <thread>1</thread>
  <message>City with cityname Aveiro already exists in cache</message>
</record>
<record>
  <date>2021-05-16T15:03:57.089464Z</date>
  <millis>1621177437089</millis>
  <nanos>464000</nanos>
  <sequence>6</sequence>
  <logger>ua.deti.airquality_tqs_project</logger>
  <level>INFO</level>
  <class>ua.deti.tqs.airquality_tqs_project.component.AirQualityLogs</class>
  <method>addLog</method>
  <thread>1</thread>
  <message>City was removed successfully</message>
</record>
<record>
  <date>2021-05-16T15:03:58.054871Z</date>
  <millis>1621177438054</millis>
  <nanos>871000</nanos>
  <sequence>7</sequence>
  <logger>ua.deti.airquality_tqs_project</logger>
  <level>INFO</level>
  <class>ua.deti.tqs.airquality_tqs_project.component.AirQualityLogs</class>
  <method>addLog</method>
  <thread>1</thread>
  <message>airqualityresults: {"data":[{"mold_level":1,"aqi":33,"pm10":11.7868,"co":270.784,"o3":72.3302,"predominant_pollen_type":"Molds","so2":0.574626,"pollen_level_tree":1,"pollen_level_weed":1,"no2":14.8,"pm25":4.36956,"pollen_level_grass":1}],"city_name":"Aveiro","lon":"-8.64554","timezone":"Europe\/Lisbon","lat":"40.64427","country_code":"PT","state_code":"02"}
</message>
</record>
<record>
  <date>2021-05-16T15:03:58.064456Z</date>
  <millis>1621177438064</millis>
  <nanos>456000</nanos>
  <sequence>8</sequence>
  <logger>ua.deti.airquality_tqs_project</logger>
  <level>INFO</level>
  <class>ua.deti.tqs.airquality_tqs_project.component.AirQualityLogs</class>
  <method>addLog</method>
  <thread>1</thread>
  <message>came from external API</message>
</record>
<record>
  <date>2021-05-16T15:03:58.065304Z</date>
  <millis>1621177438065</millis>
  <nanos>304000</nanos>
  <sequence>9</sequence>
  <logger>ua.deti.airquality_tqs_project</logger>
  <level>INFO</level>
  <class>ua.deti.tqs.airquality_tqs_project.component.AirQualityLogs</class>
  <method>addLog</method>
  <thread>1</thread>
  <message>came from external API because data was outdated</message>
</record>
<record>
  <date>2021-05-16T15:03:58.066700Z</date>
  <millis>1621177438066</millis>
  <nanos>700000</nanos>
  <sequence>10</sequence>
  <logger>ua.deti.airquality_tqs_project</logger>
  <level>INFO</level>
  <class>ua.deti.tqs.airquality_tqs_project.component.AirQualityLogs</class>
  <method>addLog</method>
  <thread>1</thread>
  <message>Number of requests was updated successfully</message>
</record>
<record>
  <date>2021-05-16T15:03:58.067882Z</date>
  <millis>1621177438067</millis>
  <nanos>882000</nanos>
  <sequence>11</sequence>
  <logger>ua.deti.airquality_tqs_project</logger>
  <level>INFO</level>
  <class>ua.deti.tqs.airquality_tqs_project.component.AirQualityLogs</class>
  <method>addLog</method>
  <thread>1</thread>
  <message>Number of misses was updated successfully</message>
</record>
<record>
  <date>2021-05-16T15:03:58.076667Z</date>
  <millis>1621177438076</millis>
  <nanos>667000</nanos>
  <sequence>12</sequence>
  <logger>ua.deti.airquality_tqs_project</logger>
  <level>INFO</level>
  <class>ua.deti.tqs.airquality_tqs_project.component.AirQualityLogs</class>
  <method>addLog</method>
  <thread>1</thread>
  <message>Cache statistics: AirQualityStatistics{countRequests=1, hits=0, misses=1}</message>
</record>
<record>
  <date>2021-05-16T15:04:01.876869Z</date>
  <millis>1621177441876</millis>
  <nanos>869000</nanos>
  <sequence>14</sequence>
  <logger>ua.deti.airquality_tqs_project</logger>
  <level>INFO</level>
  <class>ua.deti.tqs.airquality_tqs_project.component.AirQualityLogs</class>
  <method>addLog</method>
  <thread>1</thread>
  <message>Cache at the moment: AirQualityCache{cache={City{city='Aveiro', time=1621177438064, latitude=40.64427, longitude=-8.64554}=AirQuality{aqIndex=33, co=270.784, o3=72.3302, so2=0.574626, no2=14.8, pm10=11.7868, pm25=4.36956, predominantPollenType='Molds', pollenLevelTree=1, pollenLevelWeed=1, PollenLevelGrass=1, PollenLevelMold=1}}}</message>
</record>
<record>
  <date>2021-05-16T15:04:01.878085Z</date>
  <millis>1621177441878</millis>
  <nanos>85000</nanos>
  <sequence>15</sequence>
  <logger>ua.deti.airquality_tqs_project</logger>
  <level>INFO</level>
  <class>ua.deti.tqs.airquality_tqs_project.component.AirQualityLogs</class>
  <method>addLog</method>
  <thread>1</thread>
  <message>City with cityname Aveiro already exists in cache</message>
</record>
<record>
  <date>2021-05-16T15:04:01.878893Z</date>
  <millis>1621177441878</millis>
  <nanos>893000</nanos>
  <sequence>16</sequence>
  <logger>ua.deti.airquality_tqs_project</logger>
  <level>INFO</level>
  <class>ua.deti.tqs.airquality_tqs_project.component.AirQualityLogs</class>
  <method>addLog</method>
  <thread>1</thread>
  <message>City with cityname Aveiro already exists in cache</message>
</record>
<record>
  <date>2021-05-16T15:04:01.879631Z</date>
  <millis>1621177441879</millis>
  <nanos>631000</nanos>
  <sequence>17</sequence>
  <logger>ua.deti.airquality_tqs_project</logger>
  <level>INFO</level>
  <class>ua.deti.tqs.airquality_tqs_project.component.AirQualityLogs</class>
  <method>addLog</method>
  <thread>1</thread>
  <message>City with cityname Aveiro already exists in cache</message>
</record>
<record>
  <date>2021-05-16T15:04:01.880523Z</date>
  <millis>1621177441880</millis>
  <nanos>523000</nanos>
  <sequence>18</sequence>
  <logger>ua.deti.airquality_tqs_project</logger>
  <level>INFO</level>
  <class>ua.deti.tqs.airquality_tqs_project.component.AirQualityLogs</class>
  <method>addLog</method>
  <thread>1</thread>
  <message>came from cache</message>
</record>
<record>
  <date>2021-05-16T15:04:01.881376Z</date>
  <millis>1621177441881</millis>
  <nanos>376000</nanos>
  <sequence>19</sequence>
  <logger>ua.deti.airquality_tqs_project</logger>
  <level>INFO</level>
  <class>ua.deti.tqs.airquality_tqs_project.component.AirQualityLogs</class>
  <method>addLog</method>
  <thread>1</thread>
  <message>Number of requests was updated successfully</message>
</record>
<record>
  <date>2021-05-16T15:04:01.882112Z</date>
  <millis>1621177441882</millis>
  <nanos>112000</nanos>
  <sequence>20</sequence>
  <logger>ua.deti.airquality_tqs_project</logger>
  <level>INFO</level>
  <class>ua.deti.tqs.airquality_tqs_project.component.AirQualityLogs</class>
  <method>addLog</method>
  <thread>1</thread>
  <message>Number of hits was updated successfully</message>
</record>
<record>
  <date>2021-05-16T15:04:01.883895Z</date>
  <millis>1621177441883</millis>
  <nanos>895000</nanos>
  <sequence>21</sequence>
  <logger>ua.deti.airquality_tqs_project</logger>
  <level>INFO</level>
  <class>ua.deti.tqs.airquality_tqs_project.component.AirQualityLogs</class>
  <method>addLog</method>
  <thread>1</thread>
  <message>Cache statistics: AirQualityStatistics{countRequests=2, hits=1, misses=1}</message>
</record>
<record>
  <date>2021-05-16T15:04:01.885785Z</date>
  <millis>1621177441885</millis>
  <nanos>785000</nanos>
  <sequence>22</sequence>
  <logger>ua.deti.airquality_tqs_project</logger>
  <level>INFO</level>
  <class>ua.deti.tqs.airquality_tqs_project.component.AirQualityLogs</class>
  <method>addLog</method>
  <thread>1</thread>
  <message>Model And View Not Null Was Created Successfully Aveiro</message>
</record>
<record>
  <date>2021-05-16T15:04:01.886623Z</date>
  <millis>1621177441886</millis>
  <nanos>623000</nanos>
  <sequence>23</sequence>
  <logger>ua.deti.airquality_tqs_project</logger>
  <level>INFO</level>
  <class>ua.deti.tqs.airquality_tqs_project.component.AirQualityLogs</class>
  <method>addLog</method>
  <thread>1</thread>
  <message>Redirected to the results page</message>
</record>
<record>
  <date>2021-05-16T15:04:01.909260Z</date>
  <millis>1621177441909</millis>
  <nanos>260000</nanos>
  <sequence>24</sequence>
  <logger>ua.deti.airquality_tqs_project</logger>
  <level>INFO</level>
  <class>ua.deti.tqs.airquality_tqs_project.component.AirQualityLogs</class>
  <method>addLog</method>
  <thread>1</thread>
  <message>Redirected to the error404 page</message>
</record>
<record>
  <date>2021-05-16T15:04:01.920950Z</date>
  <millis>1621177441920</millis>
  <nanos>950000</nanos>
  <sequence>25</sequence>
  <logger>ua.deti.airquality_tqs_project</logger>
  <level>INFO</level>
  <class>ua.deti.tqs.airquality_tqs_project.component.AirQualityLogs</class>
  <method>addLog</method>
  <thread>1</thread>
  <message>Cache at the moment: AirQualityCache{cache={City{city='Aveiro', time=1621177438064, latitude=40.64427, longitude=-8.64554}=AirQuality{aqIndex=33, co=270.784, o3=72.3302, so2=0.574626, no2=14.8, pm10=11.7868, pm25=4.36956, predominantPollenType='Molds', pollenLevelTree=1, pollenLevelWeed=1, PollenLevelGrass=1, PollenLevelMold=1}}}</message>
</record>
<record>
  <date>2021-05-16T15:04:01.922581Z</date>
  <millis>1621177441922</millis>
  <nanos>581000</nanos>
  <sequence>26</sequence>
  <logger>ua.deti.airquality_tqs_project</logger>
  <level>INFO</level>
  <class>ua.deti.tqs.airquality_tqs_project.component.AirQualityLogs</class>
  <method>addLog</method>
  <thread>1</thread>
  <message>City with cityname 48q3fg849g7f0q does not exist in cache</message>
</record>
<record>
  <date>2021-05-16T15:04:02.143125Z</date>
  <millis>1621177442143</millis>
  <nanos>125000</nanos>
  <sequence>27</sequence>
  <logger>ua.deti.airquality_tqs_project</logger>
  <level>INFO</level>
  <class>ua.deti.tqs.airquality_tqs_project.component.AirQualityLogs</class>
  <method>addLog</method>
  <thread>1</thread>
  <message>Redirected to the error404 page</message>
</record>
<record>
  <date>2021-05-16T15:04:02.152855Z</date>
  <millis>1621177442152</millis>
  <nanos>855000</nanos>
  <sequence>28</sequence>
  <logger>ua.deti.airquality_tqs_project</logger>
  <level>INFO</level>
  <class>ua.deti.tqs.airquality_tqs_project.component.AirQualityLogs</class>
  <method>addLog</method>
  <thread>1</thread>
  <message>Redirected to the empty search page</message>
</record>
<record>
  <date>2021-05-16T15:04:10.988442Z</date>
  <millis>1621177450988</millis>
  <nanos>442000</nanos>
  <sequence>33</sequence>
  <logger>ua.deti.airquality_tqs_project</logger>
  <level>INFO</level>
  <class>ua.deti.tqs.airquality_tqs_project.component.AirQualityLogs</class>
  <method>addLog</method>
  <thread>1</thread>
  <message>City with coordinates 40.64427 and -8.64554 already exists in cache</message>
</record>
<record>
  <date>2021-05-16T15:04:10.999673Z</date>
  <millis>1621177450999</millis>
  <nanos>673000</nanos>
  <sequence>34</sequence>
  <logger>ua.deti.airquality_tqs_project</logger>
  <level>INFO</level>
  <class>ua.deti.tqs.airquality_tqs_project.component.AirQualityLogs</class>
  <method>addLog</method>
  <thread>1</thread>
  <message>City with cityname Aveiro already exists in cache</message>
</record>
<record>
  <date>2021-05-16T15:04:11.018615Z</date>
  <millis>1621177451018</millis>
  <nanos>615000</nanos>
  <sequence>35</sequence>
  <logger>ua.deti.airquality_tqs_project</logger>
  <level>INFO</level>
  <class>ua.deti.tqs.airquality_tqs_project.component.AirQualityLogs</class>
  <method>addLog</method>
  <thread>1</thread>
  <message>City with coordinates 40.71427 and -74.00597 does not exist in cache</message>
</record>
<record>
  <date>2021-05-16T15:04:11.025010Z</date>
  <millis>1621177451025</millis>
  <nanos>10000</nanos>
  <sequence>36</sequence>
  <logger>ua.deti.airquality_tqs_project</logger>
  <level>INFO</level>
  <class>ua.deti.tqs.airquality_tqs_project.component.AirQualityLogs</class>
  <method>addLog</method>
  <thread>1</thread>
  <message>City with coordinates 40.64427 and -8.64554 already exists in cache</message>
</record>
<record>
  <date>2021-05-16T15:04:11.027939Z</date>
  <millis>1621177451027</millis>
  <nanos>939000</nanos>
  <sequence>37</sequence>
  <logger>ua.deti.airquality_tqs_project</logger>
  <level>INFO</level>
  <class>ua.deti.tqs.airquality_tqs_project.component.AirQualityLogs</class>
  <method>addLog</method>
  <thread>1</thread>
  <message>City was removed successfully</message>
</record>
<record>
  <date>2021-05-16T15:04:11.033110Z</date>
  <millis>1621177451033</millis>
  <nanos>110000</nanos>
  <sequence>38</sequence>
  <logger>ua.deti.airquality_tqs_project</logger>
  <level>INFO</level>
  <class>ua.deti.tqs.airquality_tqs_project.component.AirQualityLogs</class>
  <method>addLog</method>
  <thread>1</thread>
  <message>City with cityname Ovar does not exist in cache</message>
</record>
<record>
  <date>2021-05-16T15:04:11.041279Z</date>
  <millis>1621177451041</millis>
  <nanos>279000</nanos>
  <sequence>39</sequence>
  <logger>ua.deti.airquality_tqs_project</logger>
  <level>INFO</level>
  <class>ua.deti.tqs.airquality_tqs_project.component.AirQualityLogs</class>
  <method>addLog</method>
  <thread>1</thread>
  <message>City with coordinates 40.71427 and -74.00597 does not exist in cache</message>
</record>
<record>
  <date>2021-05-16T15:04:11.045726Z</date>
  <millis>1621177451045</millis>
  <nanos>726000</nanos>
  <sequence>40</sequence>
  <logger>ua.deti.airquality_tqs_project</logger>
  <level>INFO</level>
  <class>ua.deti.tqs.airquality_tqs_project.component.AirQualityLogs</class>
  <method>addLog</method>
  <thread>1</thread>
  <message>City with cityname Ovar does not exist in cache</message>
</record>
<record>
  <date>2021-05-16T15:04:11.049885Z</date>
  <millis>1621177451049</millis>
  <nanos>885000</nanos>
  <sequence>41</sequence>
  <logger>ua.deti.airquality_tqs_project</logger>
  <level>INFO</level>
  <class>ua.deti.tqs.airquality_tqs_project.component.AirQualityLogs</class>
  <method>addLog</method>
  <thread>1</thread>
  <message>City with coordinates 40.64427 and -8.64554 already exists in cache</message>
</record>
<record>
  <date>2021-05-16T15:04:11.054331Z</date>
  <millis>1621177451054</millis>
  <nanos>331000</nanos>
  <sequence>42</sequence>
  <logger>ua.deti.airquality_tqs_project</logger>
  <level>INFO</level>
  <class>ua.deti.tqs.airquality_tqs_project.component.AirQualityLogs</class>
  <method>addLog</method>
  <thread>1</thread>
  <message>City with cityname Aveiro already exists in cache</message>
</record>
<record>
  <date>2021-05-16T15:04:11.059570Z</date>
  <millis>1621177451059</millis>
  <nanos>570000</nanos>
  <sequence>43</sequence>
  <logger>ua.deti.airquality_tqs_project</logger>
  <level>INFO</level>
  <class>ua.deti.tqs.airquality_tqs_project.component.AirQualityLogs</class>
  <method>addLog</method>
  <thread>1</thread>
  <message>City with cityname Ovar does not exist in cache</message>
</record>
<record>
  <date>2021-05-16T15:04:11.066917Z</date>
  <millis>1621177451066</millis>
  <nanos>917000</nanos>
  <sequence>44</sequence>
  <logger>ua.deti.airquality_tqs_project</logger>
  <level>INFO</level>
  <class>ua.deti.tqs.airquality_tqs_project.component.AirQualityLogs</class>
  <method>addLog</method>
  <thread>1</thread>
  <message>City with cityname Aveiro already exists in cache</message>
</record>
<record>
  <date>2021-05-16T15:04:11.072627Z</date>
  <millis>1621177451072</millis>
  <nanos>627000</nanos>
  <sequence>45</sequence>
  <logger>ua.deti.airquality_tqs_project</logger>
  <level>INFO</level>
  <class>ua.deti.tqs.airquality_tqs_project.component.AirQualityLogs</class>
  <method>addLog</method>
  <thread>1</thread>
  <message>City with coordinates 40.71427 and -74.00597 does not exist in cache</message>
</record>
<record>
  <date>2021-05-16T15:04:11.078919Z</date>
  <millis>1621177451078</millis>
  <nanos>919000</nanos>
  <sequence>46</sequence>
  <logger>ua.deti.airquality_tqs_project</logger>
  <level>INFO</level>
  <class>ua.deti.tqs.airquality_tqs_project.component.AirQualityLogs</class>
  <method>addLog</method>
  <thread>1</thread>
  <message>City with coordinates 40.64427 and -8.64554 already exists in cache</message>
</record>
<record>
  <date>2021-05-16T15:04:11.087397Z</date>
  <millis>1621177451087</millis>
  <nanos>397000</nanos>
  <sequence>47</sequence>
  <logger>ua.deti.airquality_tqs_project</logger>
  <level>INFO</level>
  <class>ua.deti.tqs.airquality_tqs_project.component.AirQualityLogs</class>
  <method>addLog</method>
  <thread>1</thread>
  <message>City with cityname Aveiro already exists in cache</message>
</record>
<record>
  <date>2021-05-16T15:04:11.089Z</date>
  <millis>1621177451089</millis>
  <sequence>48</sequence>
  <logger>ua.deti.airquality_tqs_project</logger>
  <level>INFO</level>
  <class>ua.deti.tqs.airquality_tqs_project.component.AirQualityLogs</class>
  <method>addLog</method>
  <thread>1</thread>
  <message>City was removed successfully</message>
</record>
<record>
  <date>2021-05-16T15:04:11.098593Z</date>
  <millis>1621177451098</millis>
  <nanos>593000</nanos>
  <sequence>49</sequence>
  <logger>ua.deti.airquality_tqs_project</logger>
  <level>INFO</level>
  <class>ua.deti.tqs.airquality_tqs_project.component.AirQualityLogs</class>
  <method>addLog</method>
  <thread>1</thread>
  <message>City with coordinates 40.64427 and -8.64554 already exists in cache</message>
</record>
<record>
  <date>2021-05-16T15:04:11.105352Z</date>
  <millis>1621177451105</millis>
  <nanos>352000</nanos>
  <sequence>50</sequence>
  <logger>ua.deti.airquality_tqs_project</logger>
  <level>INFO</level>
  <class>ua.deti.tqs.airquality_tqs_project.component.AirQualityLogs</class>
  <method>addLog</method>
  <thread>1</thread>
  <message>City with cityname Aveiro already exists in cache</message>
</record>
</log>
