<?xml version="1.0" encoding="UTF-8" standalone="no"?>
<!DOCTYPE log SYSTEM "logger.dtd">
<log>
<record>
  <date>2021-05-16T14:21:10.423510Z</date>
  <millis>1621174870423</millis>
  <nanos>510000</nanos>
  <sequence>4</sequence>
  <logger>ua.deti.airquality_tqs_project</logger>
  <level>INFO</level>
  <class>ua.deti.tqs.airquality_tqs_project.component.AirQualityLogs</class>
  <method>addLog</method>
  <thread>35</thread>
  <message>/api/dataByCoords endpoint was accessed with parameters 40.0 and -40.0</message>
</record>
<record>
  <date>2021-05-16T14:21:10.428475Z</date>
  <millis>1621174870428</millis>
  <nanos>475000</nanos>
  <sequence>5</sequence>
  <logger>ua.deti.airquality_tqs_project</logger>
  <level>INFO</level>
  <class>ua.deti.tqs.airquality_tqs_project.component.AirQualityLogs</class>
  <method>addLog</method>
  <thread>35</thread>
  <message>Cache at the moment: AirQualityCache{cache={}}</message>
</record>
<record>
  <date>2021-05-16T14:21:10.434327Z</date>
  <millis>1621174870434</millis>
  <nanos>327000</nanos>
  <sequence>6</sequence>
  <logger>ua.deti.airquality_tqs_project</logger>
  <level>INFO</level>
  <class>ua.deti.tqs.airquality_tqs_project.component.AirQualityLogs</class>
  <method>addLog</method>
  <thread>35</thread>
  <message>City with coordinates 40.0 and -40.0 does not exist in cache</message>
</record>
<record>
  <date>2021-05-16T14:21:12.648831Z</date>
  <millis>1621174872648</millis>
  <nanos>831000</nanos>
  <sequence>7</sequence>
  <logger>ua.deti.airquality_tqs_project</logger>
  <level>INFO</level>
  <class>ua.deti.tqs.airquality_tqs_project.component.AirQualityLogs</class>
  <method>addLog</method>
  <thread>35</thread>
  <message>came from external API</message>
</record>
<record>
  <date>2021-05-16T14:21:13.498832Z</date>
  <millis>1621174873498</millis>
  <nanos>832000</nanos>
  <sequence>8</sequence>
  <logger>ua.deti.airquality_tqs_project</logger>
  <level>INFO</level>
  <class>ua.deti.tqs.airquality_tqs_project.component.AirQualityLogs</class>
  <method>addLog</method>
  <thread>36</thread>
  <message>/api/data endpoint was accessed with parameter </message>
</record>
<record>
  <date>2021-05-16T14:21:13.530609Z</date>
  <millis>1621174873530</millis>
  <nanos>609000</nanos>
  <sequence>9</sequence>
  <logger>ua.deti.airquality_tqs_project</logger>
  <level>INFO</level>
  <class>ua.deti.tqs.airquality_tqs_project.component.AirQualityLogs</class>
  <method>addLog</method>
  <thread>37</thread>
  <message>/api/data endpoint was accessed with parameter Aveiro</message>
</record>
<record>
  <date>2021-05-16T14:21:13.583604Z</date>
  <millis>1621174873583</millis>
  <nanos>604000</nanos>
  <sequence>10</sequence>
  <logger>ua.deti.airquality_tqs_project</logger>
  <level>INFO</level>
  <class>ua.deti.tqs.airquality_tqs_project.component.AirQualityLogs</class>
  <method>addLog</method>
  <thread>37</thread>
  <message>Cache at the moment: AirQualityCache{cache={City{city='Lajes das Flores', time=1621174872648, latitude=40.0, longitude=-40.0}=AirQuality{aqIndex=48, co=298.321, o3=103.712, so2=0.362284, no2=0.23027, pm10=3.41696, pm25=1.0965, predominantPollenType='Molds', pollenLevelTree=0, pollenLevelWeed=0, PollenLevelGrass=0, PollenLevelMold=0}}}</message>
</record>
<record>
  <date>2021-05-16T14:21:13.584626Z</date>
  <millis>1621174873584</millis>
  <nanos>626000</nanos>
  <sequence>11</sequence>
  <logger>ua.deti.airquality_tqs_project</logger>
  <level>INFO</level>
  <class>ua.deti.tqs.airquality_tqs_project.component.AirQualityLogs</class>
  <method>addLog</method>
  <thread>37</thread>
  <message>City with cityname Aveiro does not exist in cache</message>
</record>
<record>
  <date>2021-05-16T14:21:13.766929Z</date>
  <millis>1621174873766</millis>
  <nanos>929000</nanos>
  <sequence>12</sequence>
  <logger>ua.deti.airquality_tqs_project</logger>
  <level>INFO</level>
  <class>ua.deti.tqs.airquality_tqs_project.component.AirQualityLogs</class>
  <method>addLog</method>
  <thread>37</thread>
  <message>airqualityresults: {"data":[{"mold_level":1,"aqi":33,"pm10":11,"co":270.784,"o3":72.3302,"predominant_pollen_type":"Molds","so2":0.574626,"pollen_level_tree":1,"pollen_level_weed":1,"no2":0.851462,"pm25":4.36956,"pollen_level_grass":1}],"city_name":"Aveiro","lon":"-8.64554","timezone":"Europe\/Lisbon","lat":"40.64427","country_code":"PT","state_code":"02"}
</message>
</record>
<record>
  <date>2021-05-16T14:21:13.767904Z</date>
  <millis>1621174873767</millis>
  <nanos>904000</nanos>
  <sequence>13</sequence>
  <logger>ua.deti.airquality_tqs_project</logger>
  <level>INFO</level>
  <class>ua.deti.tqs.airquality_tqs_project.component.AirQualityLogs</class>
  <method>addLog</method>
  <thread>37</thread>
  <message>came from external API</message>
</record>
<record>
  <date>2021-05-16T14:21:13.819312Z</date>
  <millis>1621174873819</millis>
  <nanos>312000</nanos>
  <sequence>14</sequence>
  <logger>ua.deti.airquality_tqs_project</logger>
  <level>INFO</level>
  <class>ua.deti.tqs.airquality_tqs_project.component.AirQualityLogs</class>
  <method>addLog</method>
  <thread>39</thread>
  <message>Redirected to the homepage</message>
</record>
<record>
  <date>2021-05-16T14:21:14.218234Z</date>
  <millis>1621174874218</millis>
  <nanos>234000</nanos>
  <sequence>15</sequence>
  <logger>ua.deti.airquality_tqs_project</logger>
  <level>INFO</level>
  <class>ua.deti.tqs.airquality_tqs_project.component.AirQualityLogs</class>
  <method>addLog</method>
  <thread>38</thread>
  <message>/api/data endpoint was accessed with parameter 12345</message>
</record>
<record>
  <date>2021-05-16T14:21:14.219454Z</date>
  <millis>1621174874219</millis>
  <nanos>454000</nanos>
  <sequence>16</sequence>
  <logger>ua.deti.airquality_tqs_project</logger>
  <level>INFO</level>
  <class>ua.deti.tqs.airquality_tqs_project.component.AirQualityLogs</class>
  <method>addLog</method>
  <thread>38</thread>
  <message>Cache at the moment: AirQualityCache{cache={City{city='Lajes das Flores', time=1621174872648, latitude=40.0, longitude=-40.0}=AirQuality{aqIndex=48, co=298.321, o3=103.712, so2=0.362284, no2=0.23027, pm10=3.41696, pm25=1.0965, predominantPollenType='Molds', pollenLevelTree=0, pollenLevelWeed=0, PollenLevelGrass=0, PollenLevelMold=0}, City{city='Aveiro', time=1621174873767, latitude=40.64427, longitude=-8.64554}=AirQuality{aqIndex=33, co=270.784, o3=72.3302, so2=0.574626, no2=0.851462, pm10=11.0, pm25=4.36956, predominantPollenType='Molds', pollenLevelTree=1, pollenLevelWeed=1, PollenLevelGrass=1, PollenLevelMold=1}}}</message>
</record>
<record>
  <date>2021-05-16T14:21:14.220155Z</date>
  <millis>1621174874220</millis>
  <nanos>155000</nanos>
  <sequence>17</sequence>
  <logger>ua.deti.airquality_tqs_project</logger>
  <level>INFO</level>
  <class>ua.deti.tqs.airquality_tqs_project.component.AirQualityLogs</class>
  <method>addLog</method>
  <thread>38</thread>
  <message>City with cityname 12345 does not exist in cache</message>
</record>
<record>
  <date>2021-05-16T14:21:22.835783Z</date>
  <millis>1621174882835</millis>
  <nanos>783000</nanos>
  <sequence>18</sequence>
  <logger>ua.deti.airquality_tqs_project</logger>
  <level>INFO</level>
  <class>ua.deti.tqs.airquality_tqs_project.component.AirQualityLogs</class>
  <method>addLog</method>
  <thread>44</thread>
  <message>Redirected to the homepage</message>
</record>
<record>
  <date>2021-05-16T14:21:23.665440Z</date>
  <millis>1621174883665</millis>
  <nanos>440000</nanos>
  <sequence>19</sequence>
  <logger>ua.deti.airquality_tqs_project</logger>
  <level>INFO</level>
  <class>ua.deti.tqs.airquality_tqs_project.component.AirQualityLogs</class>
  <method>addLog</method>
  <thread>40</thread>
  <message>Cache at the moment: AirQualityCache{cache={City{city='Lajes das Flores', time=1621174872648, latitude=40.0, longitude=-40.0}=AirQuality{aqIndex=48, co=298.321, o3=103.712, so2=0.362284, no2=0.23027, pm10=3.41696, pm25=1.0965, predominantPollenType='Molds', pollenLevelTree=0, pollenLevelWeed=0, PollenLevelGrass=0, PollenLevelMold=0}, City{city='Aveiro', time=1621174873767, latitude=40.64427, longitude=-8.64554}=AirQuality{aqIndex=33, co=270.784, o3=72.3302, so2=0.574626, no2=0.851462, pm10=11.0, pm25=4.36956, predominantPollenType='Molds', pollenLevelTree=1, pollenLevelWeed=1, PollenLevelGrass=1, PollenLevelMold=1}}}</message>
</record>
<record>
  <date>2021-05-16T14:21:23.666996Z</date>
  <millis>1621174883666</millis>
  <nanos>996000</nanos>
  <sequence>20</sequence>
  <logger>ua.deti.airquality_tqs_project</logger>
  <level>INFO</level>
  <class>ua.deti.tqs.airquality_tqs_project.component.AirQualityLogs</class>
  <method>addLog</method>
  <thread>40</thread>
  <message>City with cityname Aveiro already exists in cache</message>
</record>
<record>
  <date>2021-05-16T14:21:23.667719Z</date>
  <millis>1621174883667</millis>
  <nanos>719000</nanos>
  <sequence>21</sequence>
  <logger>ua.deti.airquality_tqs_project</logger>
  <level>INFO</level>
  <class>ua.deti.tqs.airquality_tqs_project.component.AirQualityLogs</class>
  <method>addLog</method>
  <thread>40</thread>
  <message>City with cityname Aveiro already exists in cache</message>
</record>
<record>
  <date>2021-05-16T14:21:23.668425Z</date>
  <millis>1621174883668</millis>
  <nanos>425000</nanos>
  <sequence>22</sequence>
  <logger>ua.deti.airquality_tqs_project</logger>
  <level>INFO</level>
  <class>ua.deti.tqs.airquality_tqs_project.component.AirQualityLogs</class>
  <method>addLog</method>
  <thread>40</thread>
  <message>City with cityname Aveiro already exists in cache</message>
</record>
<record>
  <date>2021-05-16T14:21:23.669034Z</date>
  <millis>1621174883669</millis>
  <nanos>34000</nanos>
  <sequence>23</sequence>
  <logger>ua.deti.airquality_tqs_project</logger>
  <level>INFO</level>
  <class>ua.deti.tqs.airquality_tqs_project.component.AirQualityLogs</class>
  <method>addLog</method>
  <thread>40</thread>
  <message>came from cache</message>
</record>
<record>
  <date>2021-05-16T14:21:23.669664Z</date>
  <millis>1621174883669</millis>
  <nanos>664000</nanos>
  <sequence>24</sequence>
  <logger>ua.deti.airquality_tqs_project</logger>
  <level>INFO</level>
  <class>ua.deti.tqs.airquality_tqs_project.component.AirQualityLogs</class>
  <method>addLog</method>
  <thread>40</thread>
  <message>Number of requests was updated successfully</message>
</record>
<record>
  <date>2021-05-16T14:21:23.670418Z</date>
  <millis>1621174883670</millis>
  <nanos>418000</nanos>
  <sequence>25</sequence>
  <logger>ua.deti.airquality_tqs_project</logger>
  <level>INFO</level>
  <class>ua.deti.tqs.airquality_tqs_project.component.AirQualityLogs</class>
  <method>addLog</method>
  <thread>40</thread>
  <message>Number of hits was updated successfully</message>
</record>
<record>
  <date>2021-05-16T14:21:23.677144Z</date>
  <millis>1621174883677</millis>
  <nanos>144000</nanos>
  <sequence>26</sequence>
  <logger>ua.deti.airquality_tqs_project</logger>
  <level>INFO</level>
  <class>ua.deti.tqs.airquality_tqs_project.component.AirQualityLogs</class>
  <method>addLog</method>
  <thread>40</thread>
  <message>Cache statistics: AirQualityStatistics{countRequests=1, hits=1, misses=0}</message>
</record>
<record>
  <date>2021-05-16T14:21:23.678220Z</date>
  <millis>1621174883678</millis>
  <nanos>220000</nanos>
  <sequence>27</sequence>
  <logger>ua.deti.airquality_tqs_project</logger>
  <level>INFO</level>
  <class>ua.deti.tqs.airquality_tqs_project.component.AirQualityLogs</class>
  <method>addLog</method>
  <thread>40</thread>
  <message>Model And View Not Null Was Created Successfully Aveiro</message>
</record>
<record>
  <date>2021-05-16T14:21:23.678693Z</date>
  <millis>1621174883678</millis>
  <nanos>693000</nanos>
  <sequence>28</sequence>
  <logger>ua.deti.airquality_tqs_project</logger>
  <level>INFO</level>
  <class>ua.deti.tqs.airquality_tqs_project.component.AirQualityLogs</class>
  <method>addLog</method>
  <thread>40</thread>
  <message>Redirected to the results page</message>
</record>
<record>
  <date>2021-05-16T14:21:26.320831Z</date>
  <millis>1621174886320</millis>
  <nanos>831000</nanos>
  <sequence>29</sequence>
  <logger>ua.deti.airquality_tqs_project</logger>
  <level>INFO</level>
  <class>ua.deti.tqs.airquality_tqs_project.component.AirQualityLogs</class>
  <method>addLog</method>
  <thread>44</thread>
  <message>Redirected to the homepage</message>
</record>
<record>
  <date>2021-05-16T14:21:27.076409Z</date>
  <millis>1621174887076</millis>
  <nanos>409000</nanos>
  <sequence>30</sequence>
  <logger>ua.deti.airquality_tqs_project</logger>
  <level>INFO</level>
  <class>ua.deti.tqs.airquality_tqs_project.component.AirQualityLogs</class>
  <method>addLog</method>
  <thread>40</thread>
  <message>Cache at the moment: AirQualityCache{cache={City{city='Lajes das Flores', time=1621174872648, latitude=40.0, longitude=-40.0}=AirQuality{aqIndex=48, co=298.321, o3=103.712, so2=0.362284, no2=0.23027, pm10=3.41696, pm25=1.0965, predominantPollenType='Molds', pollenLevelTree=0, pollenLevelWeed=0, PollenLevelGrass=0, PollenLevelMold=0}, City{city='Aveiro', time=1621174873767, latitude=40.64427, longitude=-8.64554}=AirQuality{aqIndex=33, co=270.784, o3=72.3302, so2=0.574626, no2=0.851462, pm10=11.0, pm25=4.36956, predominantPollenType='Molds', pollenLevelTree=1, pollenLevelWeed=1, PollenLevelGrass=1, PollenLevelMold=1}}}</message>
</record>
<record>
  <date>2021-05-16T14:21:27.077076Z</date>
  <millis>1621174887077</millis>
  <nanos>76000</nanos>
  <sequence>31</sequence>
  <logger>ua.deti.airquality_tqs_project</logger>
  <level>INFO</level>
  <class>ua.deti.tqs.airquality_tqs_project.component.AirQualityLogs</class>
  <method>addLog</method>
  <thread>40</thread>
  <message>City with cityname Aveiro already exists in cache</message>
</record>
<record>
  <date>2021-05-16T14:21:27.077600Z</date>
  <millis>1621174887077</millis>
  <nanos>600000</nanos>
  <sequence>32</sequence>
  <logger>ua.deti.airquality_tqs_project</logger>
  <level>INFO</level>
  <class>ua.deti.tqs.airquality_tqs_project.component.AirQualityLogs</class>
  <method>addLog</method>
  <thread>40</thread>
  <message>City with cityname Aveiro already exists in cache</message>
</record>
<record>
  <date>2021-05-16T14:21:27.078063Z</date>
  <millis>1621174887078</millis>
  <nanos>63000</nanos>
  <sequence>33</sequence>
  <logger>ua.deti.airquality_tqs_project</logger>
  <level>INFO</level>
  <class>ua.deti.tqs.airquality_tqs_project.component.AirQualityLogs</class>
  <method>addLog</method>
  <thread>40</thread>
  <message>City with cityname Aveiro already exists in cache</message>
</record>
<record>
  <date>2021-05-16T14:21:27.078659Z</date>
  <millis>1621174887078</millis>
  <nanos>659000</nanos>
  <sequence>34</sequence>
  <logger>ua.deti.airquality_tqs_project</logger>
  <level>INFO</level>
  <class>ua.deti.tqs.airquality_tqs_project.component.AirQualityLogs</class>
  <method>addLog</method>
  <thread>40</thread>
  <message>City was removed successfully</message>
</record>
<record>
  <date>2021-05-16T14:21:27.459680Z</date>
  <millis>1621174887459</millis>
  <nanos>680000</nanos>
  <sequence>35</sequence>
  <logger>ua.deti.airquality_tqs_project</logger>
  <level>INFO</level>
  <class>ua.deti.tqs.airquality_tqs_project.component.AirQualityLogs</class>
  <method>addLog</method>
  <thread>40</thread>
  <message>airqualityresults: {"data":[{"mold_level":1,"aqi":33,"pm10":11,"co":270.784,"o3":72.3302,"predominant_pollen_type":"Molds","so2":0.574626,"pollen_level_tree":1,"pollen_level_weed":1,"no2":0.851462,"pm25":4.36956,"pollen_level_grass":1}],"city_name":"Aveiro","lon":"-8.64554","timezone":"Europe\/Lisbon","lat":"40.64427","country_code":"PT","state_code":"02"}
</message>
</record>
<record>
  <date>2021-05-16T14:21:27.460615Z</date>
  <millis>1621174887460</millis>
  <nanos>615000</nanos>
  <sequence>36</sequence>
  <logger>ua.deti.airquality_tqs_project</logger>
  <level>INFO</level>
  <class>ua.deti.tqs.airquality_tqs_project.component.AirQualityLogs</class>
  <method>addLog</method>
  <thread>40</thread>
  <message>came from external API</message>
</record>
<record>
  <date>2021-05-16T14:21:27.461200Z</date>
  <millis>1621174887461</millis>
  <nanos>200000</nanos>
  <sequence>37</sequence>
  <logger>ua.deti.airquality_tqs_project</logger>
  <level>INFO</level>
  <class>ua.deti.tqs.airquality_tqs_project.component.AirQualityLogs</class>
  <method>addLog</method>
  <thread>40</thread>
  <message>came from external API because data was outdated</message>
</record>
<record>
  <date>2021-05-16T14:21:27.461676Z</date>
  <millis>1621174887461</millis>
  <nanos>676000</nanos>
  <sequence>38</sequence>
  <logger>ua.deti.airquality_tqs_project</logger>
  <level>INFO</level>
  <class>ua.deti.tqs.airquality_tqs_project.component.AirQualityLogs</class>
  <method>addLog</method>
  <thread>40</thread>
  <message>Number of requests was updated successfully</message>
</record>
<record>
  <date>2021-05-16T14:21:27.462199Z</date>
  <millis>1621174887462</millis>
  <nanos>199000</nanos>
  <sequence>39</sequence>
  <logger>ua.deti.airquality_tqs_project</logger>
  <level>INFO</level>
  <class>ua.deti.tqs.airquality_tqs_project.component.AirQualityLogs</class>
  <method>addLog</method>
  <thread>40</thread>
  <message>Number of misses was updated successfully</message>
</record>
<record>
  <date>2021-05-16T14:21:27.463096Z</date>
  <millis>1621174887463</millis>
  <nanos>96000</nanos>
  <sequence>40</sequence>
  <logger>ua.deti.airquality_tqs_project</logger>
  <level>INFO</level>
  <class>ua.deti.tqs.airquality_tqs_project.component.AirQualityLogs</class>
  <method>addLog</method>
  <thread>40</thread>
  <message>Cache statistics: AirQualityStatistics{countRequests=2, hits=1, misses=1}</message>
</record>
<record>
  <date>2021-05-16T14:21:27.463702Z</date>
  <millis>1621174887463</millis>
  <nanos>702000</nanos>
  <sequence>41</sequence>
  <logger>ua.deti.airquality_tqs_project</logger>
  <level>INFO</level>
  <class>ua.deti.tqs.airquality_tqs_project.component.AirQualityLogs</class>
  <method>addLog</method>
  <thread>40</thread>
  <message>Model And View Not Null Was Created Successfully Aveiro</message>
</record>
<record>
  <date>2021-05-16T14:21:27.464227Z</date>
  <millis>1621174887464</millis>
  <nanos>227000</nanos>
  <sequence>42</sequence>
  <logger>ua.deti.airquality_tqs_project</logger>
  <level>INFO</level>
  <class>ua.deti.tqs.airquality_tqs_project.component.AirQualityLogs</class>
  <method>addLog</method>
  <thread>40</thread>
  <message>Redirected to the results page</message>
</record>
<record>
  <date>2021-05-16T14:21:27.798542Z</date>
  <millis>1621174887798</millis>
  <nanos>542000</nanos>
  <sequence>43</sequence>
  <logger>ua.deti.airquality_tqs_project</logger>
  <level>INFO</level>
  <class>ua.deti.tqs.airquality_tqs_project.component.AirQualityLogs</class>
  <method>addLog</method>
  <thread>43</thread>
  <message>Redirected to the homepage</message>
</record>
<record>
  <date>2021-05-16T14:21:28.674523Z</date>
  <millis>1621174888674</millis>
  <nanos>523000</nanos>
  <sequence>44</sequence>
  <logger>ua.deti.airquality_tqs_project</logger>
  <level>INFO</level>
  <class>ua.deti.tqs.airquality_tqs_project.component.AirQualityLogs</class>
  <method>addLog</method>
  <thread>35</thread>
  <message>Redirected to the homepage</message>
</record>
<record>
  <date>2021-05-16T14:21:29.465075Z</date>
  <millis>1621174889465</millis>
  <nanos>75000</nanos>
  <sequence>45</sequence>
  <logger>ua.deti.airquality_tqs_project</logger>
  <level>INFO</level>
  <class>ua.deti.tqs.airquality_tqs_project.component.AirQualityLogs</class>
  <method>addLog</method>
  <thread>41</thread>
  <message>Redirected to the error404 page</message>
</record>
<record>
  <date>2021-05-16T14:21:30.379345Z</date>
  <millis>1621174890379</millis>
  <nanos>345000</nanos>
  <sequence>46</sequence>
  <logger>ua.deti.airquality_tqs_project</logger>
  <level>INFO</level>
  <class>ua.deti.tqs.airquality_tqs_project.component.AirQualityLogs</class>
  <method>addLog</method>
  <thread>42</thread>
  <message>Redirected to the homepage</message>
</record>
<record>
  <date>2021-05-16T14:21:31.257999Z</date>
  <millis>1621174891257</millis>
  <nanos>999000</nanos>
  <sequence>47</sequence>
  <logger>ua.deti.airquality_tqs_project</logger>
  <level>INFO</level>
  <class>ua.deti.tqs.airquality_tqs_project.component.AirQualityLogs</class>
  <method>addLog</method>
  <thread>40</thread>
  <message>Cache at the moment: AirQualityCache{cache={City{city='Lajes das Flores', time=1621174872648, latitude=40.0, longitude=-40.0}=AirQuality{aqIndex=48, co=298.321, o3=103.712, so2=0.362284, no2=0.23027, pm10=3.41696, pm25=1.0965, predominantPollenType='Molds', pollenLevelTree=0, pollenLevelWeed=0, PollenLevelGrass=0, PollenLevelMold=0}, City{city='Aveiro', time=1621174887460, latitude=40.64427, longitude=-8.64554}=AirQuality{aqIndex=33, co=270.784, o3=72.3302, so2=0.574626, no2=0.851462, pm10=11.0, pm25=4.36956, predominantPollenType='Molds', pollenLevelTree=1, pollenLevelWeed=1, PollenLevelGrass=1, PollenLevelMold=1}}}</message>
</record>
<record>
  <date>2021-05-16T14:21:31.258680Z</date>
  <millis>1621174891258</millis>
  <nanos>680000</nanos>
  <sequence>48</sequence>
  <logger>ua.deti.airquality_tqs_project</logger>
  <level>INFO</level>
  <class>ua.deti.tqs.airquality_tqs_project.component.AirQualityLogs</class>
  <method>addLog</method>
  <thread>40</thread>
  <message>City with cityname Deywuviq632vye does not exist in cache</message>
</record>
<record>
  <date>2021-05-16T14:21:31.387525Z</date>
  <millis>1621174891387</millis>
  <nanos>525000</nanos>
  <sequence>49</sequence>
  <logger>ua.deti.airquality_tqs_project</logger>
  <level>INFO</level>
  <class>ua.deti.tqs.airquality_tqs_project.component.AirQualityLogs</class>
  <method>addLog</method>
  <thread>40</thread>
  <message>Redirected to the error404 page</message>
</record>
<record>
  <date>2021-05-16T14:21:32.361757Z</date>
  <millis>1621174892361</millis>
  <nanos>757000</nanos>
  <sequence>50</sequence>
  <logger>ua.deti.airquality_tqs_project</logger>
  <level>INFO</level>
  <class>ua.deti.tqs.airquality_tqs_project.component.AirQualityLogs</class>
  <method>addLog</method>
  <thread>44</thread>
  <message>Redirected to the homepage</message>
</record>
<record>
  <date>2021-05-16T14:21:32.948806Z</date>
  <millis>1621174892948</millis>
  <nanos>806000</nanos>
  <sequence>51</sequence>
  <logger>ua.deti.airquality_tqs_project</logger>
  <level>INFO</level>
  <class>ua.deti.tqs.airquality_tqs_project.component.AirQualityLogs</class>
  <method>addLog</method>
  <thread>39</thread>
  <message>Redirected to the empty search page</message>
</record>
</log>
