<?xml version="1.0" encoding="UTF-8" standalone="no"?>
<!DOCTYPE log SYSTEM "logger.dtd">
<log>
<record>
  <date>2021-05-16T14:03:11.994787Z</date>
  <millis>1621173791994</millis>
  <nanos>787000</nanos>
  <sequence>1</sequence>
  <logger>ua.deti.airquality_tqs_project</logger>
  <level>INFO</level>
  <class>ua.deti.tqs.airquality_tqs_project.component.AirQualityLogs</class>
  <method>addLog</method>
  <thread>1</thread>
  <message>Cache at the moment: AirQualityCache{cache={City{city='Aveiro', time=1620483090160, latitude=40.64427, longitude=-8.64554}=AirQuality{aqIndex=12, co=264.5, o3=17.0, so2=4.0, no2=12.0, pm10=13.0, pm25=3.0, predominantPollenType='Molds', pollenLevelTree=1, pollenLevelWeed=1, PollenLevelGrass=1, PollenLevelMold=1}}}</message>
</record>
<record>
  <date>2021-05-16T14:03:11.999614Z</date>
  <millis>1621173791999</millis>
  <nanos>614000</nanos>
  <sequence>2</sequence>
  <logger>ua.deti.airquality_tqs_project</logger>
  <level>INFO</level>
  <class>ua.deti.tqs.airquality_tqs_project.component.AirQualityLogs</class>
  <method>addLog</method>
  <thread>1</thread>
  <message>City with cityname Aveiro already exists in cache</message>
</record>
<record>
  <date>2021-05-16T14:03:12.000592Z</date>
  <millis>1621173792000</millis>
  <nanos>592000</nanos>
  <sequence>3</sequence>
  <logger>ua.deti.airquality_tqs_project</logger>
  <level>INFO</level>
  <class>ua.deti.tqs.airquality_tqs_project.component.AirQualityLogs</class>
  <method>addLog</method>
  <thread>1</thread>
  <message>City with cityname Aveiro already exists in cache</message>
</record>
<record>
  <date>2021-05-16T14:03:12.001428Z</date>
  <millis>1621173792001</millis>
  <nanos>428000</nanos>
  <sequence>4</sequence>
  <logger>ua.deti.airquality_tqs_project</logger>
  <level>INFO</level>
  <class>ua.deti.tqs.airquality_tqs_project.component.AirQualityLogs</class>
  <method>addLog</method>
  <thread>1</thread>
  <message>City with cityname Aveiro already exists in cache</message>
</record>
<record>
  <date>2021-05-16T14:03:12.002083Z</date>
  <millis>1621173792002</millis>
  <nanos>83000</nanos>
  <sequence>5</sequence>
  <logger>ua.deti.airquality_tqs_project</logger>
  <level>INFO</level>
  <class>ua.deti.tqs.airquality_tqs_project.component.AirQualityLogs</class>
  <method>addLog</method>
  <thread>1</thread>
  <message>City was removed successfully</message>
</record>
<record>
  <date>2021-05-16T14:03:13.071102Z</date>
  <millis>1621173793071</millis>
  <nanos>102000</nanos>
  <sequence>6</sequence>
  <logger>ua.deti.airquality_tqs_project</logger>
  <level>INFO</level>
  <class>ua.deti.tqs.airquality_tqs_project.component.AirQualityLogs</class>
  <method>addLog</method>
  <thread>1</thread>
  <message>airqualityresults: {"data":[{"mold_level":1,"aqi":28,"pm10":11,"co":271.201,"o3":60.9756,"predominant_pollen_type":"Molds","so2":0.566244,"pollen_level_tree":1,"pollen_level_weed":1,"no2":1.12457,"pm25":5.9631,"pollen_level_grass":1}],"city_name":"Aveiro","lon":"-8.64554","timezone":"Europe\/Lisbon","lat":"40.64427","country_code":"PT","state_code":"02"}
</message>
</record>
<record>
  <date>2021-05-16T14:03:13.081178Z</date>
  <millis>1621173793081</millis>
  <nanos>178000</nanos>
  <sequence>7</sequence>
  <logger>ua.deti.airquality_tqs_project</logger>
  <level>INFO</level>
  <class>ua.deti.tqs.airquality_tqs_project.component.AirQualityLogs</class>
  <method>addLog</method>
  <thread>1</thread>
  <message>came from external API</message>
</record>
<record>
  <date>2021-05-16T14:03:13.082100Z</date>
  <millis>1621173793082</millis>
  <nanos>100000</nanos>
  <sequence>8</sequence>
  <logger>ua.deti.airquality_tqs_project</logger>
  <level>INFO</level>
  <class>ua.deti.tqs.airquality_tqs_project.component.AirQualityLogs</class>
  <method>addLog</method>
  <thread>1</thread>
  <message>came from external API because data was outdated</message>
</record>
<record>
  <date>2021-05-16T14:03:13.083021Z</date>
  <millis>1621173793083</millis>
  <nanos>21000</nanos>
  <sequence>9</sequence>
  <logger>ua.deti.airquality_tqs_project</logger>
  <level>INFO</level>
  <class>ua.deti.tqs.airquality_tqs_project.component.AirQualityLogs</class>
  <method>addLog</method>
  <thread>1</thread>
  <message>Number of requests was updated successfully</message>
</record>
<record>
  <date>2021-05-16T14:03:13.083723Z</date>
  <millis>1621173793083</millis>
  <nanos>723000</nanos>
  <sequence>10</sequence>
  <logger>ua.deti.airquality_tqs_project</logger>
  <level>INFO</level>
  <class>ua.deti.tqs.airquality_tqs_project.component.AirQualityLogs</class>
  <method>addLog</method>
  <thread>1</thread>
  <message>Number of misses was updated successfully</message>
</record>
<record>
  <date>2021-05-16T14:03:13.093052Z</date>
  <millis>1621173793093</millis>
  <nanos>52000</nanos>
  <sequence>11</sequence>
  <logger>ua.deti.airquality_tqs_project</logger>
  <level>INFO</level>
  <class>ua.deti.tqs.airquality_tqs_project.component.AirQualityLogs</class>
  <method>addLog</method>
  <thread>1</thread>
  <message>Cache statistics: AirQualityStatistics{countRequests=1, hits=0, misses=1}</message>
</record>
<record>
  <date>2021-05-16T14:03:16.841Z</date>
  <millis>1621173796841</millis>
  <sequence>13</sequence>
  <logger>ua.deti.airquality_tqs_project</logger>
  <level>INFO</level>
  <class>ua.deti.tqs.airquality_tqs_project.component.AirQualityLogs</class>
  <method>addLog</method>
  <thread>1</thread>
  <message>Cache at the moment: AirQualityCache{cache={City{city='Aveiro', time=1621173793080, latitude=40.64427, longitude=-8.64554}=AirQuality{aqIndex=28, co=271.201, o3=60.9756, so2=0.566244, no2=1.12457, pm10=11.0, pm25=5.9631, predominantPollenType='Molds', pollenLevelTree=1, pollenLevelWeed=1, PollenLevelGrass=1, PollenLevelMold=1}}}</message>
</record>
<record>
  <date>2021-05-16T14:03:16.842379Z</date>
  <millis>1621173796842</millis>
  <nanos>379000</nanos>
  <sequence>14</sequence>
  <logger>ua.deti.airquality_tqs_project</logger>
  <level>INFO</level>
  <class>ua.deti.tqs.airquality_tqs_project.component.AirQualityLogs</class>
  <method>addLog</method>
  <thread>1</thread>
  <message>City with cityname Aveiro already exists in cache</message>
</record>
<record>
  <date>2021-05-16T14:03:16.843419Z</date>
  <millis>1621173796843</millis>
  <nanos>419000</nanos>
  <sequence>15</sequence>
  <logger>ua.deti.airquality_tqs_project</logger>
  <level>INFO</level>
  <class>ua.deti.tqs.airquality_tqs_project.component.AirQualityLogs</class>
  <method>addLog</method>
  <thread>1</thread>
  <message>City with cityname Aveiro already exists in cache</message>
</record>
<record>
  <date>2021-05-16T14:03:16.844457Z</date>
  <millis>1621173796844</millis>
  <nanos>457000</nanos>
  <sequence>16</sequence>
  <logger>ua.deti.airquality_tqs_project</logger>
  <level>INFO</level>
  <class>ua.deti.tqs.airquality_tqs_project.component.AirQualityLogs</class>
  <method>addLog</method>
  <thread>1</thread>
  <message>City with cityname Aveiro already exists in cache</message>
</record>
<record>
  <date>2021-05-16T14:03:16.845583Z</date>
  <millis>1621173796845</millis>
  <nanos>583000</nanos>
  <sequence>17</sequence>
  <logger>ua.deti.airquality_tqs_project</logger>
  <level>INFO</level>
  <class>ua.deti.tqs.airquality_tqs_project.component.AirQualityLogs</class>
  <method>addLog</method>
  <thread>1</thread>
  <message>came from cache</message>
</record>
<record>
  <date>2021-05-16T14:03:16.846578Z</date>
  <millis>1621173796846</millis>
  <nanos>578000</nanos>
  <sequence>18</sequence>
  <logger>ua.deti.airquality_tqs_project</logger>
  <level>INFO</level>
  <class>ua.deti.tqs.airquality_tqs_project.component.AirQualityLogs</class>
  <method>addLog</method>
  <thread>1</thread>
  <message>Number of requests was updated successfully</message>
</record>
<record>
  <date>2021-05-16T14:03:16.847578Z</date>
  <millis>1621173796847</millis>
  <nanos>578000</nanos>
  <sequence>19</sequence>
  <logger>ua.deti.airquality_tqs_project</logger>
  <level>INFO</level>
  <class>ua.deti.tqs.airquality_tqs_project.component.AirQualityLogs</class>
  <method>addLog</method>
  <thread>1</thread>
  <message>Number of hits was updated successfully</message>
</record>
<record>
  <date>2021-05-16T14:03:16.849229Z</date>
  <millis>1621173796849</millis>
  <nanos>229000</nanos>
  <sequence>20</sequence>
  <logger>ua.deti.airquality_tqs_project</logger>
  <level>INFO</level>
  <class>ua.deti.tqs.airquality_tqs_project.component.AirQualityLogs</class>
  <method>addLog</method>
  <thread>1</thread>
  <message>Cache statistics: AirQualityStatistics{countRequests=2, hits=1, misses=1}</message>
</record>
<record>
  <date>2021-05-16T14:03:16.851293Z</date>
  <millis>1621173796851</millis>
  <nanos>293000</nanos>
  <sequence>21</sequence>
  <logger>ua.deti.airquality_tqs_project</logger>
  <level>INFO</level>
  <class>ua.deti.tqs.airquality_tqs_project.component.AirQualityLogs</class>
  <method>addLog</method>
  <thread>1</thread>
  <message>Model And View Not Null Was Created Successfully Aveiro</message>
</record>
<record>
  <date>2021-05-16T14:03:16.852357Z</date>
  <millis>1621173796852</millis>
  <nanos>357000</nanos>
  <sequence>22</sequence>
  <logger>ua.deti.airquality_tqs_project</logger>
  <level>INFO</level>
  <class>ua.deti.tqs.airquality_tqs_project.component.AirQualityLogs</class>
  <method>addLog</method>
  <thread>1</thread>
  <message>Redirected to the results page</message>
</record>
<record>
  <date>2021-05-16T14:03:16.867066Z</date>
  <millis>1621173796867</millis>
  <nanos>66000</nanos>
  <sequence>23</sequence>
  <logger>ua.deti.airquality_tqs_project</logger>
  <level>INFO</level>
  <class>ua.deti.tqs.airquality_tqs_project.component.AirQualityLogs</class>
  <method>addLog</method>
  <thread>1</thread>
  <message>Redirected to the error404 page</message>
</record>
<record>
  <date>2021-05-16T14:03:16.877877Z</date>
  <millis>1621173796877</millis>
  <nanos>877000</nanos>
  <sequence>24</sequence>
  <logger>ua.deti.airquality_tqs_project</logger>
  <level>INFO</level>
  <class>ua.deti.tqs.airquality_tqs_project.component.AirQualityLogs</class>
  <method>addLog</method>
  <thread>1</thread>
  <message>Cache at the moment: AirQualityCache{cache={City{city='Aveiro', time=1621173793080, latitude=40.64427, longitude=-8.64554}=AirQuality{aqIndex=28, co=271.201, o3=60.9756, so2=0.566244, no2=1.12457, pm10=11.0, pm25=5.9631, predominantPollenType='Molds', pollenLevelTree=1, pollenLevelWeed=1, PollenLevelGrass=1, PollenLevelMold=1}}}</message>
</record>
<record>
  <date>2021-05-16T14:03:16.879596Z</date>
  <millis>1621173796879</millis>
  <nanos>596000</nanos>
  <sequence>25</sequence>
  <logger>ua.deti.airquality_tqs_project</logger>
  <level>INFO</level>
  <class>ua.deti.tqs.airquality_tqs_project.component.AirQualityLogs</class>
  <method>addLog</method>
  <thread>1</thread>
  <message>City with cityname 48q3fg849g7f0q does not exist in cache</message>
</record>
<record>
  <date>2021-05-16T14:03:17.134028Z</date>
  <millis>1621173797134</millis>
  <nanos>28000</nanos>
  <sequence>26</sequence>
  <logger>ua.deti.airquality_tqs_project</logger>
  <level>INFO</level>
  <class>ua.deti.tqs.airquality_tqs_project.component.AirQualityLogs</class>
  <method>addLog</method>
  <thread>1</thread>
  <message>Redirected to the error404 page</message>
</record>
<record>
  <date>2021-05-16T14:03:17.147732Z</date>
  <millis>1621173797147</millis>
  <nanos>732000</nanos>
  <sequence>27</sequence>
  <logger>ua.deti.airquality_tqs_project</logger>
  <level>INFO</level>
  <class>ua.deti.tqs.airquality_tqs_project.component.AirQualityLogs</class>
  <method>addLog</method>
  <thread>1</thread>
  <message>Redirected to the empty search page</message>
</record>
</log>
